/home/uthman/.local/lib/python3.10/site-packages/setuptools/dist.py:498: SetuptoolsDeprecationWarning: Invalid dash-separated options
!!

        ********************************************************************************
        Usage of dash-separated 'script-dir' will not be supported in future
        versions. Please use the underscore name 'script_dir' instead.

        This deprecation is overdue, please update your project and remove deprecated
        calls to avoid build errors in the future.

        See https://setuptools.pypa.io/en/latest/userguide/declarative_config.html for details.
        ********************************************************************************

!!
  opt = self.warn_dash_deprecation(opt, section)
running develop
/home/uthman/.local/lib/python3.10/site-packages/setuptools/command/develop.py:40: EasyInstallDeprecationWarning: easy_install command is deprecated.
!!

        ********************************************************************************
        Please avoid running ``setup.py`` and ``easy_install``.
        Instead, use pypa/build, pypa/installer or other
        standards-based tools.

        See https://github.com/pypa/setuptools/issues/917 for details.
        ********************************************************************************

!!
  easy_install.initialize_options(self)
/home/uthman/.local/lib/python3.10/site-packages/setuptools/_distutils/cmd.py:66: SetuptoolsDeprecationWarning: setup.py install is deprecated.
!!

        ********************************************************************************
        Please avoid running ``setup.py`` directly.
        Instead, use pypa/build, pypa/installer or other
        standards-based tools.

        See https://blog.ganssle.io/articles/2021/10/setup-py-deprecated.html for details.
        ********************************************************************************

!!
  self.initialize_options()
running egg_info
writing serial_motor_demo.egg-info/PKG-INFO
writing dependency_links to serial_motor_demo.egg-info/dependency_links.txt
writing entry points to serial_motor_demo.egg-info/entry_points.txt
writing requirements to serial_motor_demo.egg-info/requires.txt
writing top-level names to serial_motor_demo.egg-info/top_level.txt
reading manifest file 'serial_motor_demo.egg-info/SOURCES.txt'
writing manifest file 'serial_motor_demo.egg-info/SOURCES.txt'
running build_ext
Creating /home/uthman/uniccon_mob/install/serial_motor_demo/lib/python3.10/site-packages/serial-motor-demo.egg-link (link to .)
Installing driver script to /home/uthman/uniccon_mob/install/serial_motor_demo/lib/serial_motor_demo
Installing gui script to /home/uthman/uniccon_mob/install/serial_motor_demo/lib/serial_motor_demo

Installed /home/uthman/uniccon_mob/build/serial_motor_demo
running install_data
