[2.302s] Invoking command in '/home/uthman/uniccon_mob/build/ydlidar_ros2_driver': CMAKE_PREFIX_PATH=${CMAKE_PREFIX_PATH}:/home/uthman/uniccon_mob/install/serial_motor_demo:/home/uthman/uniccon_mob/install/camera_node:/home/uthman/mob_ws/install/serial_motor_demo:/home/uthman/mob_ws/install/arduinobot_py:/home/uthman/ros2_ws/install/my_py_pkg:/opt/ros/humble /usr/bin/cmake --build /home/uthman/uniccon_mob/build/ydlidar_ros2_driver -- -j4 -l4
[3.654s] [ 50%] Built target ydlidar_ros2_driver_client
[3.731s] [100%] Built target ydlidar_ros2_driver_node
[3.844s] Invoked command in '/home/uthman/uniccon_mob/build/ydlidar_ros2_driver' returned '0': CMAKE_PREFIX_PATH=${CMAKE_PREFIX_PATH}:/home/uthman/uniccon_mob/install/serial_motor_demo:/home/uthman/uniccon_mob/install/camera_node:/home/uthman/mob_ws/install/serial_motor_demo:/home/uthman/mob_ws/install/arduinobot_py:/home/uthman/ros2_ws/install/my_py_pkg:/opt/ros/humble /usr/bin/cmake --build /home/uthman/uniccon_mob/build/ydlidar_ros2_driver -- -j4 -l4
[4.546s] Invoking command in '/home/uthman/uniccon_mob/build/ydlidar_ros2_driver': CMAKE_PREFIX_PATH=${CMAKE_PREFIX_PATH}:/home/uthman/uniccon_mob/install/serial_motor_demo:/home/uthman/uniccon_mob/install/camera_node:/home/uthman/mob_ws/install/serial_motor_demo:/home/uthman/mob_ws/install/arduinobot_py:/home/uthman/ros2_ws/install/my_py_pkg:/opt/ros/humble /usr/bin/cmake --install /home/uthman/uniccon_mob/build/ydlidar_ros2_driver
[4.639s] -- Install configuration: ""
[4.654s] -- Execute custom install script
[4.661s] -- Up-to-date symlink: /home/uthman/uniccon_mob/install/ydlidar_ros2_driver/lib/ydlidar_ros2_driver/ydlidar_ros2_driver_node
[4.665s] -- Up-to-date symlink: /home/uthman/uniccon_mob/install/ydlidar_ros2_driver/lib/ydlidar_ros2_driver/ydlidar_ros2_driver_client
[4.687s] -- Up-to-date symlink: /home/uthman/uniccon_mob/install/ydlidar_ros2_driver/share/ydlidar_ros2_driver/launch/__pycache__/ydlidar_launch.cpython-36.pyc
[4.690s] -- Up-to-date symlink: /home/uthman/uniccon_mob/install/ydlidar_ros2_driver/share/ydlidar_ros2_driver/launch/__pycache__/ydlidar_launch_view.cpython-36.pyc
[4.691s] -- Up-to-date symlink: /home/uthman/uniccon_mob/install/ydlidar_ros2_driver/share/ydlidar_ros2_driver/launch/ydlidar.py
[4.692s] -- Up-to-date symlink: /home/uthman/uniccon_mob/install/ydlidar_ros2_driver/share/ydlidar_ros2_driver/launch/ydlidar_launch.py
[4.693s] -- Up-to-date symlink: /home/uthman/uniccon_mob/install/ydlidar_ros2_driver/share/ydlidar_ros2_driver/launch/ydlidar_view_launch.py
[4.696s] -- Up-to-date symlink: /home/uthman/uniccon_mob/install/ydlidar_ros2_driver/share/ydlidar_ros2_driver/params/ydlidar.yaml
[4.703s] -- Up-to-date symlink: /home/uthman/uniccon_mob/install/ydlidar_ros2_driver/share/ydlidar_ros2_driver/startup/initenv.sh
[4.706s] -- Up-to-date symlink: /home/uthman/uniccon_mob/install/ydlidar_ros2_driver/share/ydlidar_ros2_driver/config/ydlidar.rviz
[4.707s] -- Up-to-date symlink: /home/uthman/uniccon_mob/install/ydlidar_ros2_driver/share/ament_index/resource_index/package_run_dependencies/ydlidar_ros2_driver
[4.708s] -- Up-to-date symlink: /home/uthman/uniccon_mob/install/ydlidar_ros2_driver/share/ament_index/resource_index/parent_prefix_path/ydlidar_ros2_driver
[4.716s] -- Up-to-date symlink: /home/uthman/uniccon_mob/install/ydlidar_ros2_driver/share/ydlidar_ros2_driver/environment/ament_prefix_path.sh
[4.717s] -- Up-to-date symlink: /home/uthman/uniccon_mob/install/ydlidar_ros2_driver/share/ydlidar_ros2_driver/environment/ament_prefix_path.dsv
[4.717s] -- Up-to-date symlink: /home/uthman/uniccon_mob/install/ydlidar_ros2_driver/share/ydlidar_ros2_driver/environment/path.sh
[4.718s] -- Up-to-date symlink: /home/uthman/uniccon_mob/install/ydlidar_ros2_driver/share/ydlidar_ros2_driver/environment/path.dsv
[4.719s] -- Up-to-date symlink: /home/uthman/uniccon_mob/install/ydlidar_ros2_driver/share/ydlidar_ros2_driver/local_setup.bash
[4.721s] -- Up-to-date symlink: /home/uthman/uniccon_mob/install/ydlidar_ros2_driver/share/ydlidar_ros2_driver/local_setup.sh
[4.753s] -- Up-to-date symlink: /home/uthman/uniccon_mob/install/ydlidar_ros2_driver/share/ydlidar_ros2_driver/local_setup.zsh
[4.754s] -- Up-to-date symlink: /home/uthman/uniccon_mob/install/ydlidar_ros2_driver/share/ydlidar_ros2_driver/local_setup.dsv
[4.756s] -- Symlinking: /home/uthman/uniccon_mob/install/ydlidar_ros2_driver/share/ydlidar_ros2_driver/package.dsv
[4.843s] -- Up-to-date symlink: /home/uthman/uniccon_mob/install/ydlidar_ros2_driver/share/ament_index/resource_index/packages/ydlidar_ros2_driver
[4.857s] -- Up-to-date symlink: /home/uthman/uniccon_mob/install/ydlidar_ros2_driver/share/ydlidar_ros2_driver/cmake/ydlidar_ros2_driverConfig.cmake
[4.858s] -- Up-to-date symlink: /home/uthman/uniccon_mob/install/ydlidar_ros2_driver/share/ydlidar_ros2_driver/cmake/ydlidar_ros2_driverConfig-version.cmake
[4.865s] -- Up-to-date symlink: /home/uthman/uniccon_mob/install/ydlidar_ros2_driver/share/ydlidar_ros2_driver/package.xml
[6.414s] Invoked command in '/home/uthman/uniccon_mob/build/ydlidar_ros2_driver' returned '0': CMAKE_PREFIX_PATH=${CMAKE_PREFIX_PATH}:/home/uthman/uniccon_mob/install/serial_motor_demo:/home/uthman/uniccon_mob/install/camera_node:/home/uthman/mob_ws/install/serial_motor_demo:/home/uthman/mob_ws/install/arduinobot_py:/home/uthman/ros2_ws/install/my_py_pkg:/opt/ros/humble /usr/bin/cmake --install /home/uthman/uniccon_mob/build/ydlidar_ros2_driver
