[0.907s] Invoking command in '/home/uthman/uniccon_mob/build/diffdrive_arduino': CMAKE_PREFIX_PATH=/home/uthman/uniccon_mob/install/serial:/home/uthman/uniccon_mob/install/ydlidar_ros2_driver:/home/uthman/uniccon_mob/install/uniccon_robot:/home/uthman/uniccon_mob/install/serial_motor_demo_msgs:/home/uthman/uniccon_mob/install/diffdrive_arduino:/home/uthman/mob_ws/install/ydlidar_ros2_driver:/home/uthman/mob_ws/install/slam_gmapping:/home/uthman/mob_ws/install/serial_motor_demo_msgs:/home/uthman/mob_ws/install/diffdrive_arduino:/home/uthman/mob_ws/install/serial:/home/uthman/mob_ws/install/rf2o_laser_odometry:/home/uthman/mob_ws/install/openslam_gmapping:/home/uthman/mob_ws/install/my_robot:/home/uthman/mob_ws/install/arduinobot_moveit:/home/uthman/mob_ws/install/arduinobot_description:/home/uthman/mob_ws/install/arduinobot_cpp:/home/uthman/mob_ws/install/arduinobot_controller:/home/uthman/ros2_ws/install/my_cpp_pkg:/home/uthman/uniccon_mob/install/serial_motor_demo:/home/uthman/uniccon_mob/install/camera_node:/home/uthman/mob_ws/install/serial_motor_demo:/home/uthman/mob_ws/install/arduinobot_py:/home/uthman/ros2_ws/install/my_py_pkg:/opt/ros/humble /usr/bin/cmake --build /home/uthman/uniccon_mob/build/diffdrive_arduino -- -j4 -l4
[2.206s] [ 42%] Built target fake_robot
[2.260s] [100%] Built target diffdrive_arduino
[2.338s] Invoked command in '/home/uthman/uniccon_mob/build/diffdrive_arduino' returned '0': CMAKE_PREFIX_PATH=/home/uthman/uniccon_mob/install/serial:/home/uthman/uniccon_mob/install/ydlidar_ros2_driver:/home/uthman/uniccon_mob/install/uniccon_robot:/home/uthman/uniccon_mob/install/serial_motor_demo_msgs:/home/uthman/uniccon_mob/install/diffdrive_arduino:/home/uthman/mob_ws/install/ydlidar_ros2_driver:/home/uthman/mob_ws/install/slam_gmapping:/home/uthman/mob_ws/install/serial_motor_demo_msgs:/home/uthman/mob_ws/install/diffdrive_arduino:/home/uthman/mob_ws/install/serial:/home/uthman/mob_ws/install/rf2o_laser_odometry:/home/uthman/mob_ws/install/openslam_gmapping:/home/uthman/mob_ws/install/my_robot:/home/uthman/mob_ws/install/arduinobot_moveit:/home/uthman/mob_ws/install/arduinobot_description:/home/uthman/mob_ws/install/arduinobot_cpp:/home/uthman/mob_ws/install/arduinobot_controller:/home/uthman/ros2_ws/install/my_cpp_pkg:/home/uthman/uniccon_mob/install/serial_motor_demo:/home/uthman/uniccon_mob/install/camera_node:/home/uthman/mob_ws/install/serial_motor_demo:/home/uthman/mob_ws/install/arduinobot_py:/home/uthman/ros2_ws/install/my_py_pkg:/opt/ros/humble /usr/bin/cmake --build /home/uthman/uniccon_mob/build/diffdrive_arduino -- -j4 -l4
[3.075s] Invoking command in '/home/uthman/uniccon_mob/build/diffdrive_arduino': CMAKE_PREFIX_PATH=/home/uthman/uniccon_mob/install/serial:/home/uthman/uniccon_mob/install/ydlidar_ros2_driver:/home/uthman/uniccon_mob/install/uniccon_robot:/home/uthman/uniccon_mob/install/serial_motor_demo_msgs:/home/uthman/uniccon_mob/install/diffdrive_arduino:/home/uthman/mob_ws/install/ydlidar_ros2_driver:/home/uthman/mob_ws/install/slam_gmapping:/home/uthman/mob_ws/install/serial_motor_demo_msgs:/home/uthman/mob_ws/install/diffdrive_arduino:/home/uthman/mob_ws/install/serial:/home/uthman/mob_ws/install/rf2o_laser_odometry:/home/uthman/mob_ws/install/openslam_gmapping:/home/uthman/mob_ws/install/my_robot:/home/uthman/mob_ws/install/arduinobot_moveit:/home/uthman/mob_ws/install/arduinobot_description:/home/uthman/mob_ws/install/arduinobot_cpp:/home/uthman/mob_ws/install/arduinobot_controller:/home/uthman/ros2_ws/install/my_cpp_pkg:/home/uthman/uniccon_mob/install/serial_motor_demo:/home/uthman/uniccon_mob/install/camera_node:/home/uthman/mob_ws/install/serial_motor_demo:/home/uthman/mob_ws/install/arduinobot_py:/home/uthman/ros2_ws/install/my_py_pkg:/opt/ros/humble /usr/bin/cmake --install /home/uthman/uniccon_mob/build/diffdrive_arduino
[3.145s] -- Install configuration: ""
[3.148s] -- Execute custom install script
[3.149s] -- Up-to-date symlink: /home/uthman/uniccon_mob/install/diffdrive_arduino/share/diffdrive_arduino//robot_hardware.xml
[3.150s] -- Up-to-date symlink: /home/uthman/uniccon_mob/install/diffdrive_arduino/share/diffdrive_arduino//fake_robot_hardware.xml
[3.152s] -- Up-to-date symlink: /home/uthman/uniccon_mob/install/diffdrive_arduino/lib/libdiffdrive_arduino.so
[3.154s] -- Up-to-date symlink: /home/uthman/uniccon_mob/install/diffdrive_arduino/lib/libfake_robot.so
[3.169s] -- Up-to-date symlink: /home/uthman/uniccon_mob/install/diffdrive_arduino/share/diffdrive_arduino/controllers/robot_controller_example.yaml
[3.173s] -- Up-to-date symlink: /home/uthman/uniccon_mob/install/diffdrive_arduino/share/diffdrive_arduino/fake_robot.launch.py
[3.174s] -- Up-to-date symlink: /home/uthman/uniccon_mob/install/diffdrive_arduino/share/diffdrive_arduino/test_robot.launch.py
[3.175s] -- Up-to-date symlink: /home/uthman/uniccon_mob/install/diffdrive_arduino/share/diffdrive_arduino/environment/library_path.sh
[3.178s] -- Up-to-date symlink: /home/uthman/uniccon_mob/install/diffdrive_arduino/share/diffdrive_arduino/environment/library_path.dsv
[3.179s] -- Up-to-date symlink: /home/uthman/uniccon_mob/install/diffdrive_arduino/share/ament_index/resource_index/package_run_dependencies/diffdrive_arduino
[3.192s] -- Up-to-date symlink: /home/uthman/uniccon_mob/install/diffdrive_arduino/share/ament_index/resource_index/parent_prefix_path/diffdrive_arduino
[3.194s] -- Up-to-date symlink: /home/uthman/uniccon_mob/install/diffdrive_arduino/share/diffdrive_arduino/environment/ament_prefix_path.sh
[3.195s] -- Up-to-date symlink: /home/uthman/uniccon_mob/install/diffdrive_arduino/share/diffdrive_arduino/environment/ament_prefix_path.dsv
[3.197s] -- Up-to-date symlink: /home/uthman/uniccon_mob/install/diffdrive_arduino/share/diffdrive_arduino/environment/path.sh
[3.198s] -- Up-to-date symlink: /home/uthman/uniccon_mob/install/diffdrive_arduino/share/diffdrive_arduino/environment/path.dsv
[3.209s] -- Up-to-date symlink: /home/uthman/uniccon_mob/install/diffdrive_arduino/share/diffdrive_arduino/local_setup.bash
[3.210s] -- Up-to-date symlink: /home/uthman/uniccon_mob/install/diffdrive_arduino/share/diffdrive_arduino/local_setup.sh
[3.213s] -- Up-to-date symlink: /home/uthman/uniccon_mob/install/diffdrive_arduino/share/diffdrive_arduino/local_setup.zsh
[3.215s] -- Up-to-date symlink: /home/uthman/uniccon_mob/install/diffdrive_arduino/share/diffdrive_arduino/local_setup.dsv
[3.216s] -- Symlinking: /home/uthman/uniccon_mob/install/diffdrive_arduino/share/diffdrive_arduino/package.dsv
[3.288s] -- Up-to-date symlink: /home/uthman/uniccon_mob/install/diffdrive_arduino/share/ament_index/resource_index/packages/diffdrive_arduino
[3.293s] -- Up-to-date symlink: /home/uthman/uniccon_mob/install/diffdrive_arduino/share/ament_index/resource_index/hardware_interface__pluginlib__plugin/diffdrive_arduino
[3.295s] -- Up-to-date symlink: /home/uthman/uniccon_mob/install/diffdrive_arduino/share/diffdrive_arduino/cmake/ament_cmake_export_libraries-extras.cmake
[3.339s] -- Up-to-date symlink: /home/uthman/uniccon_mob/install/diffdrive_arduino/share/diffdrive_arduino/cmake/ament_cmake_export_dependencies-extras.cmake
[3.340s] -- Up-to-date symlink: /home/uthman/uniccon_mob/install/diffdrive_arduino/share/diffdrive_arduino/cmake/diffdrive_arduinoConfig.cmake
[3.340s] -- Up-to-date symlink: /home/uthman/uniccon_mob/install/diffdrive_arduino/share/diffdrive_arduino/cmake/diffdrive_arduinoConfig-version.cmake
[3.341s] -- Up-to-date symlink: /home/uthman/uniccon_mob/install/diffdrive_arduino/share/diffdrive_arduino/package.xml
[3.342s] Invoked command in '/home/uthman/uniccon_mob/build/diffdrive_arduino' returned '0': CMAKE_PREFIX_PATH=/home/uthman/uniccon_mob/install/serial:/home/uthman/uniccon_mob/install/ydlidar_ros2_driver:/home/uthman/uniccon_mob/install/uniccon_robot:/home/uthman/uniccon_mob/install/serial_motor_demo_msgs:/home/uthman/uniccon_mob/install/diffdrive_arduino:/home/uthman/mob_ws/install/ydlidar_ros2_driver:/home/uthman/mob_ws/install/slam_gmapping:/home/uthman/mob_ws/install/serial_motor_demo_msgs:/home/uthman/mob_ws/install/diffdrive_arduino:/home/uthman/mob_ws/install/serial:/home/uthman/mob_ws/install/rf2o_laser_odometry:/home/uthman/mob_ws/install/openslam_gmapping:/home/uthman/mob_ws/install/my_robot:/home/uthman/mob_ws/install/arduinobot_moveit:/home/uthman/mob_ws/install/arduinobot_description:/home/uthman/mob_ws/install/arduinobot_cpp:/home/uthman/mob_ws/install/arduinobot_controller:/home/uthman/ros2_ws/install/my_cpp_pkg:/home/uthman/uniccon_mob/install/serial_motor_demo:/home/uthman/uniccon_mob/install/camera_node:/home/uthman/mob_ws/install/serial_motor_demo:/home/uthman/mob_ws/install/arduinobot_py:/home/uthman/ros2_ws/install/my_py_pkg:/opt/ros/humble /usr/bin/cmake --install /home/uthman/uniccon_mob/build/diffdrive_arduino
