[2.044s] Invoking command in '/home/uthman/uniccon_mob/build/serial_motor_demo_msgs': CMAKE_PREFIX_PATH=${CMAKE_PREFIX_PATH}:/home/uthman/uniccon_mob/install/serial_motor_demo:/home/uthman/uniccon_mob/install/camera_node:/home/uthman/mob_ws/install/serial_motor_demo:/home/uthman/mob_ws/install/arduinobot_py:/home/uthman/ros2_ws/install/my_py_pkg:/opt/ros/humble /usr/bin/cmake --build /home/uthman/uniccon_mob/build/serial_motor_demo_msgs -- -j4 -l4
[4.744s] [  2%] Built target serial_motor_demo_msgs__cpp
[4.745s] [  2%] Built target ament_cmake_python_symlink_serial_motor_demo_msgs
[4.745s] [ 12%] Built target serial_motor_demo_msgs__rosidl_generator_c
[4.746s] [ 23%] Built target serial_motor_demo_msgs__rosidl_typesupport_fastrtps_cpp
[4.747s] [ 34%] Built target serial_motor_demo_msgs__rosidl_typesupport_introspection_cpp
[4.747s] [ 44%] Built target serial_motor_demo_msgs__rosidl_typesupport_cpp
[4.748s] [ 55%] Built target serial_motor_demo_msgs__rosidl_typesupport_c
[4.749s] [ 65%] Built target serial_motor_demo_msgs__rosidl_typesupport_fastrtps_c
[4.749s] [ 76%] Built target serial_motor_demo_msgs__rosidl_typesupport_introspection_c
[4.750s] [ 76%] Built target serial_motor_demo_msgs
[4.750s] [ 78%] Built target serial_motor_demo_msgs__py
[4.759s] [ 87%] Built target serial_motor_demo_msgs__rosidl_generator_py
[4.996s] [ 91%] Built target serial_motor_demo_msgs__rosidl_typesupport_c__pyext
[5.072s] [ 95%] Built target serial_motor_demo_msgs__rosidl_typesupport_introspection_c__pyext
[5.073s] [100%] Built target serial_motor_demo_msgs__rosidl_typesupport_fastrtps_c__pyext
[6.120s] running egg_info
[6.264s] writing serial_motor_demo_msgs.egg-info/PKG-INFO
[6.266s] writing dependency_links to serial_motor_demo_msgs.egg-info/dependency_links.txt
[6.268s] writing top-level names to serial_motor_demo_msgs.egg-info/top_level.txt
[6.779s] reading manifest file 'serial_motor_demo_msgs.egg-info/SOURCES.txt'
[6.784s] writing manifest file 'serial_motor_demo_msgs.egg-info/SOURCES.txt'
[6.899s] [100%] Built target ament_cmake_python_build_serial_motor_demo_msgs_egg
[8.534s] Invoked command in '/home/uthman/uniccon_mob/build/serial_motor_demo_msgs' returned '0': CMAKE_PREFIX_PATH=${CMAKE_PREFIX_PATH}:/home/uthman/uniccon_mob/install/serial_motor_demo:/home/uthman/uniccon_mob/install/camera_node:/home/uthman/mob_ws/install/serial_motor_demo:/home/uthman/mob_ws/install/arduinobot_py:/home/uthman/ros2_ws/install/my_py_pkg:/opt/ros/humble /usr/bin/cmake --build /home/uthman/uniccon_mob/build/serial_motor_demo_msgs -- -j4 -l4
[9.975s] Invoking command in '/home/uthman/uniccon_mob/build/serial_motor_demo_msgs': CMAKE_PREFIX_PATH=${CMAKE_PREFIX_PATH}:/home/uthman/uniccon_mob/install/serial_motor_demo:/home/uthman/uniccon_mob/install/camera_node:/home/uthman/mob_ws/install/serial_motor_demo:/home/uthman/mob_ws/install/arduinobot_py:/home/uthman/ros2_ws/install/my_py_pkg:/opt/ros/humble /usr/bin/cmake --install /home/uthman/uniccon_mob/build/serial_motor_demo_msgs
[10.071s] -- Install configuration: ""
[10.099s] -- Execute custom install script
[10.137s] -- Up-to-date symlink: /home/uthman/uniccon_mob/install/serial_motor_demo_msgs/share/ament_index/resource_index/rosidl_interfaces/serial_motor_demo_msgs
[10.173s] -- Up-to-date symlink: /home/uthman/uniccon_mob/install/serial_motor_demo_msgs/include/serial_motor_demo_msgs/serial_motor_demo_msgs/msg/detail/encoder_vals__functions.h
[10.174s] -- Up-to-date symlink: /home/uthman/uniccon_mob/install/serial_motor_demo_msgs/include/serial_motor_demo_msgs/serial_motor_demo_msgs/msg/detail/encoder_vals__struct.h
[10.203s] -- Up-to-date symlink: /home/uthman/uniccon_mob/install/serial_motor_demo_msgs/include/serial_motor_demo_msgs/serial_motor_demo_msgs/msg/detail/encoder_vals__type_support.h
[10.223s] -- Up-to-date symlink: /home/uthman/uniccon_mob/install/serial_motor_demo_msgs/include/serial_motor_demo_msgs/serial_motor_demo_msgs/msg/detail/motor_command__functions.h
[10.280s] -- Up-to-date symlink: /home/uthman/uniccon_mob/install/serial_motor_demo_msgs/include/serial_motor_demo_msgs/serial_motor_demo_msgs/msg/detail/motor_command__struct.h
[10.305s] -- Up-to-date symlink: /home/uthman/uniccon_mob/install/serial_motor_demo_msgs/include/serial_motor_demo_msgs/serial_motor_demo_msgs/msg/detail/motor_command__type_support.h
[10.352s] -- Up-to-date symlink: /home/uthman/uniccon_mob/install/serial_motor_demo_msgs/include/serial_motor_demo_msgs/serial_motor_demo_msgs/msg/detail/motor_vels__functions.h
[10.375s] -- Up-to-date symlink: /home/uthman/uniccon_mob/install/serial_motor_demo_msgs/include/serial_motor_demo_msgs/serial_motor_demo_msgs/msg/detail/motor_vels__struct.h
[10.422s] -- Up-to-date symlink: /home/uthman/uniccon_mob/install/serial_motor_demo_msgs/include/serial_motor_demo_msgs/serial_motor_demo_msgs/msg/detail/motor_vels__type_support.h
[10.443s] -- Up-to-date symlink: /home/uthman/uniccon_mob/install/serial_motor_demo_msgs/include/serial_motor_demo_msgs/serial_motor_demo_msgs/msg/encoder_vals.h
[10.467s] -- Up-to-date symlink: /home/uthman/uniccon_mob/install/serial_motor_demo_msgs/include/serial_motor_demo_msgs/serial_motor_demo_msgs/msg/motor_command.h
[10.486s] -- Up-to-date symlink: /home/uthman/uniccon_mob/install/serial_motor_demo_msgs/include/serial_motor_demo_msgs/serial_motor_demo_msgs/msg/motor_vels.h
[10.498s] -- Up-to-date symlink: /home/uthman/uniccon_mob/install/serial_motor_demo_msgs/include/serial_motor_demo_msgs/serial_motor_demo_msgs/msg/rosidl_generator_c__visibility_control.h
[10.503s] -- Up-to-date symlink: /home/uthman/uniccon_mob/install/serial_motor_demo_msgs/share/serial_motor_demo_msgs/environment/library_path.sh
[10.504s] -- Up-to-date symlink: /home/uthman/uniccon_mob/install/serial_motor_demo_msgs/share/serial_motor_demo_msgs/environment/library_path.dsv
[10.516s] -- Up-to-date symlink: /home/uthman/uniccon_mob/install/serial_motor_demo_msgs/include/serial_motor_demo_msgs/serial_motor_demo_msgs/msg/detail/encoder_vals__rosidl_typesupport_fastrtps_c.h
[10.529s] -- Up-to-date symlink: /home/uthman/uniccon_mob/install/serial_motor_demo_msgs/include/serial_motor_demo_msgs/serial_motor_demo_msgs/msg/detail/motor_command__rosidl_typesupport_fastrtps_c.h
[10.567s] -- Up-to-date symlink: /home/uthman/uniccon_mob/install/serial_motor_demo_msgs/include/serial_motor_demo_msgs/serial_motor_demo_msgs/msg/detail/motor_vels__rosidl_typesupport_fastrtps_c.h
[10.595s] -- Up-to-date symlink: /home/uthman/uniccon_mob/install/serial_motor_demo_msgs/include/serial_motor_demo_msgs/serial_motor_demo_msgs/msg/rosidl_typesupport_fastrtps_c__visibility_control.h
[10.600s] -- Up-to-date symlink: /home/uthman/uniccon_mob/install/serial_motor_demo_msgs/include/serial_motor_demo_msgs/serial_motor_demo_msgs/msg/detail/encoder_vals__rosidl_typesupport_introspection_c.h
[10.610s] -- Up-to-date symlink: /home/uthman/uniccon_mob/install/serial_motor_demo_msgs/include/serial_motor_demo_msgs/serial_motor_demo_msgs/msg/detail/motor_command__rosidl_typesupport_introspection_c.h
[10.611s] -- Up-to-date symlink: /home/uthman/uniccon_mob/install/serial_motor_demo_msgs/include/serial_motor_demo_msgs/serial_motor_demo_msgs/msg/detail/motor_vels__rosidl_typesupport_introspection_c.h
[10.622s] -- Up-to-date symlink: /home/uthman/uniccon_mob/install/serial_motor_demo_msgs/include/serial_motor_demo_msgs/serial_motor_demo_msgs/msg/rosidl_typesupport_introspection_c__visibility_control.h
[10.627s] -- Up-to-date symlink: /home/uthman/uniccon_mob/install/serial_motor_demo_msgs/include/serial_motor_demo_msgs/serial_motor_demo_msgs/msg/detail/encoder_vals__builder.hpp
[10.631s] -- Up-to-date symlink: /home/uthman/uniccon_mob/install/serial_motor_demo_msgs/include/serial_motor_demo_msgs/serial_motor_demo_msgs/msg/detail/encoder_vals__struct.hpp
[10.635s] -- Up-to-date symlink: /home/uthman/uniccon_mob/install/serial_motor_demo_msgs/include/serial_motor_demo_msgs/serial_motor_demo_msgs/msg/detail/encoder_vals__traits.hpp
[10.653s] -- Up-to-date symlink: /home/uthman/uniccon_mob/install/serial_motor_demo_msgs/include/serial_motor_demo_msgs/serial_motor_demo_msgs/msg/detail/motor_command__builder.hpp
[10.682s] -- Up-to-date symlink: /home/uthman/uniccon_mob/install/serial_motor_demo_msgs/include/serial_motor_demo_msgs/serial_motor_demo_msgs/msg/detail/motor_command__struct.hpp
[10.709s] -- Up-to-date symlink: /home/uthman/uniccon_mob/install/serial_motor_demo_msgs/include/serial_motor_demo_msgs/serial_motor_demo_msgs/msg/detail/motor_command__traits.hpp
[10.745s] -- Up-to-date symlink: /home/uthman/uniccon_mob/install/serial_motor_demo_msgs/include/serial_motor_demo_msgs/serial_motor_demo_msgs/msg/detail/motor_vels__builder.hpp
[10.746s] -- Up-to-date symlink: /home/uthman/uniccon_mob/install/serial_motor_demo_msgs/include/serial_motor_demo_msgs/serial_motor_demo_msgs/msg/detail/motor_vels__struct.hpp
[10.748s] -- Up-to-date symlink: /home/uthman/uniccon_mob/install/serial_motor_demo_msgs/include/serial_motor_demo_msgs/serial_motor_demo_msgs/msg/detail/motor_vels__traits.hpp
[10.749s] -- Up-to-date symlink: /home/uthman/uniccon_mob/install/serial_motor_demo_msgs/include/serial_motor_demo_msgs/serial_motor_demo_msgs/msg/encoder_vals.hpp
[10.750s] -- Up-to-date symlink: /home/uthman/uniccon_mob/install/serial_motor_demo_msgs/include/serial_motor_demo_msgs/serial_motor_demo_msgs/msg/motor_command.hpp
[10.751s] -- Up-to-date symlink: /home/uthman/uniccon_mob/install/serial_motor_demo_msgs/include/serial_motor_demo_msgs/serial_motor_demo_msgs/msg/motor_vels.hpp
[10.755s] -- Up-to-date symlink: /home/uthman/uniccon_mob/install/serial_motor_demo_msgs/include/serial_motor_demo_msgs/serial_motor_demo_msgs/msg/detail/encoder_vals__rosidl_typesupport_fastrtps_cpp.hpp
[10.758s] -- Up-to-date symlink: /home/uthman/uniccon_mob/install/serial_motor_demo_msgs/include/serial_motor_demo_msgs/serial_motor_demo_msgs/msg/detail/motor_command__rosidl_typesupport_fastrtps_cpp.hpp
[10.762s] -- Up-to-date symlink: /home/uthman/uniccon_mob/install/serial_motor_demo_msgs/include/serial_motor_demo_msgs/serial_motor_demo_msgs/msg/detail/motor_vels__rosidl_typesupport_fastrtps_cpp.hpp
[10.764s] -- Up-to-date symlink: /home/uthman/uniccon_mob/install/serial_motor_demo_msgs/include/serial_motor_demo_msgs/serial_motor_demo_msgs/msg/rosidl_typesupport_fastrtps_cpp__visibility_control.h
[10.796s] -- Up-to-date symlink: /home/uthman/uniccon_mob/install/serial_motor_demo_msgs/include/serial_motor_demo_msgs/serial_motor_demo_msgs/msg/detail/encoder_vals__rosidl_typesupport_introspection_cpp.hpp
[10.815s] -- Up-to-date symlink: /home/uthman/uniccon_mob/install/serial_motor_demo_msgs/include/serial_motor_demo_msgs/serial_motor_demo_msgs/msg/detail/motor_command__rosidl_typesupport_introspection_cpp.hpp
[10.819s] -- Up-to-date symlink: /home/uthman/uniccon_mob/install/serial_motor_demo_msgs/include/serial_motor_demo_msgs/serial_motor_demo_msgs/msg/detail/motor_vels__rosidl_typesupport_introspection_cpp.hpp
[10.821s] -- Up-to-date symlink: /home/uthman/uniccon_mob/install/serial_motor_demo_msgs/share/serial_motor_demo_msgs/environment/pythonpath.sh
[10.821s] -- Up-to-date symlink: /home/uthman/uniccon_mob/install/serial_motor_demo_msgs/share/serial_motor_demo_msgs/environment/pythonpath.dsv
[10.822s] -- Up-to-date symlink: /home/uthman/uniccon_mob/install/serial_motor_demo_msgs/local/lib/python3.10/dist-packages/serial_motor_demo_msgs-0.0.0-py3.10.egg-info/PKG-INFO
[10.823s] -- Up-to-date symlink: /home/uthman/uniccon_mob/install/serial_motor_demo_msgs/local/lib/python3.10/dist-packages/serial_motor_demo_msgs-0.0.0-py3.10.egg-info/SOURCES.txt
[10.834s] -- Up-to-date symlink: /home/uthman/uniccon_mob/install/serial_motor_demo_msgs/local/lib/python3.10/dist-packages/serial_motor_demo_msgs-0.0.0-py3.10.egg-info/dependency_links.txt
[10.850s] -- Up-to-date symlink: /home/uthman/uniccon_mob/install/serial_motor_demo_msgs/local/lib/python3.10/dist-packages/serial_motor_demo_msgs-0.0.0-py3.10.egg-info/top_level.txt
[10.875s] -- Up-to-date symlink: /home/uthman/uniccon_mob/install/serial_motor_demo_msgs/local/lib/python3.10/dist-packages/serial_motor_demo_msgs/__init__.py
[10.881s] -- Up-to-date symlink: /home/uthman/uniccon_mob/install/serial_motor_demo_msgs/local/lib/python3.10/dist-packages/serial_motor_demo_msgs/_serial_motor_demo_msgs_s.ep.rosidl_typesupport_c.c
[10.894s] -- Up-to-date symlink: /home/uthman/uniccon_mob/install/serial_motor_demo_msgs/local/lib/python3.10/dist-packages/serial_motor_demo_msgs/_serial_motor_demo_msgs_s.ep.rosidl_typesupport_fastrtps_c.c
[10.906s] -- Up-to-date symlink: /home/uthman/uniccon_mob/install/serial_motor_demo_msgs/local/lib/python3.10/dist-packages/serial_motor_demo_msgs/_serial_motor_demo_msgs_s.ep.rosidl_typesupport_introspection_c.c
[10.927s] -- Up-to-date symlink: /home/uthman/uniccon_mob/install/serial_motor_demo_msgs/local/lib/python3.10/dist-packages/serial_motor_demo_msgs/libserial_motor_demo_msgs__rosidl_generator_py.so
[10.961s] -- Up-to-date symlink: /home/uthman/uniccon_mob/install/serial_motor_demo_msgs/local/lib/python3.10/dist-packages/serial_motor_demo_msgs/msg/__init__.py
[10.963s] -- Up-to-date symlink: /home/uthman/uniccon_mob/install/serial_motor_demo_msgs/local/lib/python3.10/dist-packages/serial_motor_demo_msgs/msg/_encoder_vals.py
[10.966s] -- Up-to-date symlink: /home/uthman/uniccon_mob/install/serial_motor_demo_msgs/local/lib/python3.10/dist-packages/serial_motor_demo_msgs/msg/_encoder_vals_s.c
[10.967s] -- Up-to-date symlink: /home/uthman/uniccon_mob/install/serial_motor_demo_msgs/local/lib/python3.10/dist-packages/serial_motor_demo_msgs/msg/_motor_command.py
[10.968s] -- Up-to-date symlink: /home/uthman/uniccon_mob/install/serial_motor_demo_msgs/local/lib/python3.10/dist-packages/serial_motor_demo_msgs/msg/_motor_command_s.c
[10.971s] -- Up-to-date symlink: /home/uthman/uniccon_mob/install/serial_motor_demo_msgs/local/lib/python3.10/dist-packages/serial_motor_demo_msgs/msg/_motor_vels.py
[10.974s] -- Up-to-date symlink: /home/uthman/uniccon_mob/install/serial_motor_demo_msgs/local/lib/python3.10/dist-packages/serial_motor_demo_msgs/msg/_motor_vels_s.c
[10.975s] -- Up-to-date symlink: /home/uthman/uniccon_mob/install/serial_motor_demo_msgs/local/lib/python3.10/dist-packages/serial_motor_demo_msgs/serial_motor_demo_msgs_s__rosidl_typesupport_c.cpython-310-x86_64-linux-gnu.so
[10.977s] -- Up-to-date symlink: /home/uthman/uniccon_mob/install/serial_motor_demo_msgs/local/lib/python3.10/dist-packages/serial_motor_demo_msgs/serial_motor_demo_msgs_s__rosidl_typesupport_fastrtps_c.cpython-310-x86_64-linux-gnu.so
[10.978s] -- Up-to-date symlink: /home/uthman/uniccon_mob/install/serial_motor_demo_msgs/local/lib/python3.10/dist-packages/serial_motor_demo_msgs/serial_motor_demo_msgs_s__rosidl_typesupport_introspection_c.cpython-310-x86_64-linux-gnu.so
[10.994s] -- Up-to-date symlink: /home/uthman/uniccon_mob/install/serial_motor_demo_msgs/local/lib/python3.10/dist-packages/serial_motor_demo_msgs/serial_motor_demo_msgs_s__rosidl_typesupport_fastrtps_c.cpython-310-x86_64-linux-gnu.so
[10.996s] -- Up-to-date symlink: /home/uthman/uniccon_mob/install/serial_motor_demo_msgs/local/lib/python3.10/dist-packages/serial_motor_demo_msgs/serial_motor_demo_msgs_s__rosidl_typesupport_introspection_c.cpython-310-x86_64-linux-gnu.so
[10.998s] -- Up-to-date symlink: /home/uthman/uniccon_mob/install/serial_motor_demo_msgs/local/lib/python3.10/dist-packages/serial_motor_demo_msgs/serial_motor_demo_msgs_s__rosidl_typesupport_c.cpython-310-x86_64-linux-gnu.so
[11.003s] -- Up-to-date symlink: /home/uthman/uniccon_mob/install/serial_motor_demo_msgs/share/serial_motor_demo_msgs/msg/MotorCommand.idl
[11.004s] -- Up-to-date symlink: /home/uthman/uniccon_mob/install/serial_motor_demo_msgs/share/serial_motor_demo_msgs/msg/MotorVels.idl
[11.015s] -- Up-to-date symlink: /home/uthman/uniccon_mob/install/serial_motor_demo_msgs/share/serial_motor_demo_msgs/msg/EncoderVals.idl
[11.016s] -- Up-to-date symlink: /home/uthman/uniccon_mob/install/serial_motor_demo_msgs/share/serial_motor_demo_msgs/msg/MotorCommand.msg
[11.018s] -- Up-to-date symlink: /home/uthman/uniccon_mob/install/serial_motor_demo_msgs/share/serial_motor_demo_msgs/msg/MotorVels.msg
[11.019s] -- Up-to-date symlink: /home/uthman/uniccon_mob/install/serial_motor_demo_msgs/share/serial_motor_demo_msgs/msg/EncoderVals.msg
[11.020s] -- Up-to-date symlink: /home/uthman/uniccon_mob/install/serial_motor_demo_msgs/share/ament_index/resource_index/package_run_dependencies/serial_motor_demo_msgs
[11.022s] -- Up-to-date symlink: /home/uthman/uniccon_mob/install/serial_motor_demo_msgs/share/ament_index/resource_index/parent_prefix_path/serial_motor_demo_msgs
[11.024s] -- Up-to-date symlink: /home/uthman/uniccon_mob/install/serial_motor_demo_msgs/share/serial_motor_demo_msgs/environment/ament_prefix_path.sh
[11.025s] -- Up-to-date symlink: /home/uthman/uniccon_mob/install/serial_motor_demo_msgs/share/serial_motor_demo_msgs/environment/ament_prefix_path.dsv
[11.042s] -- Up-to-date symlink: /home/uthman/uniccon_mob/install/serial_motor_demo_msgs/share/serial_motor_demo_msgs/environment/path.sh
[11.043s] -- Up-to-date symlink: /home/uthman/uniccon_mob/install/serial_motor_demo_msgs/share/serial_motor_demo_msgs/environment/path.dsv
[11.044s] -- Up-to-date symlink: /home/uthman/uniccon_mob/install/serial_motor_demo_msgs/share/serial_motor_demo_msgs/local_setup.bash
[11.046s] -- Up-to-date symlink: /home/uthman/uniccon_mob/install/serial_motor_demo_msgs/share/serial_motor_demo_msgs/local_setup.sh
[11.047s] -- Up-to-date symlink: /home/uthman/uniccon_mob/install/serial_motor_demo_msgs/share/serial_motor_demo_msgs/local_setup.zsh
[11.049s] -- Up-to-date symlink: /home/uthman/uniccon_mob/install/serial_motor_demo_msgs/share/serial_motor_demo_msgs/local_setup.dsv
[11.050s] -- Symlinking: /home/uthman/uniccon_mob/install/serial_motor_demo_msgs/share/serial_motor_demo_msgs/package.dsv
[11.120s] -- Up-to-date symlink: /home/uthman/uniccon_mob/install/serial_motor_demo_msgs/share/ament_index/resource_index/packages/serial_motor_demo_msgs
[11.132s] -- Up-to-date symlink: /home/uthman/uniccon_mob/install/serial_motor_demo_msgs/share/serial_motor_demo_msgs/cmake/rosidl_cmake-extras.cmake
[11.137s] -- Up-to-date symlink: /home/uthman/uniccon_mob/install/serial_motor_demo_msgs/share/serial_motor_demo_msgs/cmake/ament_cmake_export_include_directories-extras.cmake
[11.138s] -- Up-to-date symlink: /home/uthman/uniccon_mob/install/serial_motor_demo_msgs/share/serial_motor_demo_msgs/cmake/ament_cmake_export_libraries-extras.cmake
[11.139s] -- Up-to-date symlink: /home/uthman/uniccon_mob/install/serial_motor_demo_msgs/share/serial_motor_demo_msgs/cmake/ament_cmake_export_targets-extras.cmake
[11.140s] -- Up-to-date symlink: /home/uthman/uniccon_mob/install/serial_motor_demo_msgs/share/serial_motor_demo_msgs/cmake/rosidl_cmake_export_typesupport_targets-extras.cmake
[11.142s] -- Up-to-date symlink: /home/uthman/uniccon_mob/install/serial_motor_demo_msgs/share/serial_motor_demo_msgs/cmake/ament_cmake_export_dependencies-extras.cmake
[11.166s] -- Up-to-date symlink: /home/uthman/uniccon_mob/install/serial_motor_demo_msgs/share/serial_motor_demo_msgs/cmake/rosidl_cmake_export_typesupport_libraries-extras.cmake
[11.191s] -- Up-to-date symlink: /home/uthman/uniccon_mob/install/serial_motor_demo_msgs/share/serial_motor_demo_msgs/cmake/serial_motor_demo_msgsConfig.cmake
[11.192s] -- Up-to-date symlink: /home/uthman/uniccon_mob/install/serial_motor_demo_msgs/share/serial_motor_demo_msgs/cmake/serial_motor_demo_msgsConfig-version.cmake
[11.194s] -- Up-to-date symlink: /home/uthman/uniccon_mob/install/serial_motor_demo_msgs/share/serial_motor_demo_msgs/package.xml
[11.216s] -- Up-to-date: /home/uthman/uniccon_mob/install/serial_motor_demo_msgs/lib/libserial_motor_demo_msgs__rosidl_generator_c.so
[11.221s] -- Up-to-date: /home/uthman/uniccon_mob/install/serial_motor_demo_msgs/lib/libserial_motor_demo_msgs__rosidl_typesupport_fastrtps_c.so
[11.235s] -- Up-to-date: /home/uthman/uniccon_mob/install/serial_motor_demo_msgs/lib/libserial_motor_demo_msgs__rosidl_typesupport_introspection_c.so
[11.238s] -- Up-to-date: /home/uthman/uniccon_mob/install/serial_motor_demo_msgs/lib/libserial_motor_demo_msgs__rosidl_typesupport_c.so
[11.242s] -- Up-to-date: /home/uthman/uniccon_mob/install/serial_motor_demo_msgs/lib/libserial_motor_demo_msgs__rosidl_typesupport_fastrtps_cpp.so
[11.247s] -- Up-to-date: /home/uthman/uniccon_mob/install/serial_motor_demo_msgs/lib/libserial_motor_demo_msgs__rosidl_typesupport_introspection_cpp.so
[11.249s] -- Up-to-date: /home/uthman/uniccon_mob/install/serial_motor_demo_msgs/lib/libserial_motor_demo_msgs__rosidl_typesupport_cpp.so
[11.598s] Listing '/home/uthman/uniccon_mob/install/serial_motor_demo_msgs/local/lib/python3.10/dist-packages/serial_motor_demo_msgs'...
[11.599s] Listing '/home/uthman/uniccon_mob/install/serial_motor_demo_msgs/local/lib/python3.10/dist-packages/serial_motor_demo_msgs/msg'...
[11.623s] -- Up-to-date: /home/uthman/uniccon_mob/install/serial_motor_demo_msgs/lib/libserial_motor_demo_msgs__rosidl_generator_py.so
[11.654s] -- Up-to-date: /home/uthman/uniccon_mob/install/serial_motor_demo_msgs/share/serial_motor_demo_msgs/cmake/export_serial_motor_demo_msgs__rosidl_generator_cExport.cmake
[11.655s] -- Up-to-date: /home/uthman/uniccon_mob/install/serial_motor_demo_msgs/share/serial_motor_demo_msgs/cmake/export_serial_motor_demo_msgs__rosidl_generator_cExport-noconfig.cmake
[11.657s] -- Up-to-date: /home/uthman/uniccon_mob/install/serial_motor_demo_msgs/share/serial_motor_demo_msgs/cmake/export_serial_motor_demo_msgs__rosidl_typesupport_fastrtps_cExport.cmake
[11.657s] -- Up-to-date: /home/uthman/uniccon_mob/install/serial_motor_demo_msgs/share/serial_motor_demo_msgs/cmake/export_serial_motor_demo_msgs__rosidl_typesupport_fastrtps_cExport-noconfig.cmake
[11.660s] -- Up-to-date: /home/uthman/uniccon_mob/install/serial_motor_demo_msgs/share/serial_motor_demo_msgs/cmake/serial_motor_demo_msgs__rosidl_typesupport_introspection_cExport.cmake
[11.662s] -- Up-to-date: /home/uthman/uniccon_mob/install/serial_motor_demo_msgs/share/serial_motor_demo_msgs/cmake/serial_motor_demo_msgs__rosidl_typesupport_introspection_cExport-noconfig.cmake
[11.663s] -- Up-to-date: /home/uthman/uniccon_mob/install/serial_motor_demo_msgs/share/serial_motor_demo_msgs/cmake/serial_motor_demo_msgs__rosidl_typesupport_cExport.cmake
[11.663s] -- Up-to-date: /home/uthman/uniccon_mob/install/serial_motor_demo_msgs/share/serial_motor_demo_msgs/cmake/serial_motor_demo_msgs__rosidl_typesupport_cExport-noconfig.cmake
[11.666s] -- Up-to-date: /home/uthman/uniccon_mob/install/serial_motor_demo_msgs/share/serial_motor_demo_msgs/cmake/export_serial_motor_demo_msgs__rosidl_generator_cppExport.cmake
[11.669s] -- Up-to-date: /home/uthman/uniccon_mob/install/serial_motor_demo_msgs/share/serial_motor_demo_msgs/cmake/export_serial_motor_demo_msgs__rosidl_typesupport_fastrtps_cppExport.cmake
[11.670s] -- Up-to-date: /home/uthman/uniccon_mob/install/serial_motor_demo_msgs/share/serial_motor_demo_msgs/cmake/export_serial_motor_demo_msgs__rosidl_typesupport_fastrtps_cppExport-noconfig.cmake
[11.670s] -- Up-to-date: /home/uthman/uniccon_mob/install/serial_motor_demo_msgs/share/serial_motor_demo_msgs/cmake/serial_motor_demo_msgs__rosidl_typesupport_introspection_cppExport.cmake
[11.671s] -- Up-to-date: /home/uthman/uniccon_mob/install/serial_motor_demo_msgs/share/serial_motor_demo_msgs/cmake/serial_motor_demo_msgs__rosidl_typesupport_introspection_cppExport-noconfig.cmake
[11.671s] -- Up-to-date: /home/uthman/uniccon_mob/install/serial_motor_demo_msgs/share/serial_motor_demo_msgs/cmake/serial_motor_demo_msgs__rosidl_typesupport_cppExport.cmake
[11.672s] -- Up-to-date: /home/uthman/uniccon_mob/install/serial_motor_demo_msgs/share/serial_motor_demo_msgs/cmake/serial_motor_demo_msgs__rosidl_typesupport_cppExport-noconfig.cmake
[11.673s] -- Up-to-date: /home/uthman/uniccon_mob/install/serial_motor_demo_msgs/share/serial_motor_demo_msgs/cmake/export_serial_motor_demo_msgs__rosidl_generator_pyExport.cmake
[11.673s] -- Up-to-date: /home/uthman/uniccon_mob/install/serial_motor_demo_msgs/share/serial_motor_demo_msgs/cmake/export_serial_motor_demo_msgs__rosidl_generator_pyExport-noconfig.cmake
[11.693s] Invoked command in '/home/uthman/uniccon_mob/build/serial_motor_demo_msgs' returned '0': CMAKE_PREFIX_PATH=${CMAKE_PREFIX_PATH}:/home/uthman/uniccon_mob/install/serial_motor_demo:/home/uthman/uniccon_mob/install/camera_node:/home/uthman/mob_ws/install/serial_motor_demo:/home/uthman/mob_ws/install/arduinobot_py:/home/uthman/ros2_ws/install/my_py_pkg:/opt/ros/humble /usr/bin/cmake --install /home/uthman/uniccon_mob/build/serial_motor_demo_msgs
