[1.942s] Invoking command in '/home/uthman/uniccon_mob/build/diffdrive_arduino': AMENT_PREFIX_PATH=/home/uthman/uniccon_mob/install/serial:${AMENT_PREFIX_PATH} CMAKE_PREFIX_PATH=/home/uthman/uniccon_mob/install/serial:/home/uthman/mob_ws/install/ydlidar_ros2_driver:/home/uthman/mob_ws/install/slam_gmapping:/home/uthman/mob_ws/install/serial_motor_demo_msgs:/home/uthman/mob_ws/install/diffdrive_arduino:/home/uthman/mob_ws/install/serial:/home/uthman/mob_ws/install/rf2o_laser_odometry:/home/uthman/mob_ws/install/openslam_gmapping:/home/uthman/mob_ws/install/my_robot:/home/uthman/mob_ws/install/arduinobot_moveit:/home/uthman/mob_ws/install/arduinobot_description:/home/uthman/mob_ws/install/arduinobot_cpp:/home/uthman/mob_ws/install/arduinobot_controller:/home/uthman/ros2_ws/install/my_cpp_pkg:/home/uthman/mob_ws/install/serial_motor_demo:/home/uthman/mob_ws/install/arduinobot_py:/home/uthman/ros2_ws/install/my_py_pkg:/opt/ros/humble LD_LIBRARY_PATH=/home/uthman/uniccon_mob/install/serial/lib:${LD_LIBRARY_PATH} /usr/bin/cmake /home/uthman/uniccon_mob/src/diffdrive_arduino -DCMAKE_INSTALL_PREFIX=/home/uthman/uniccon_mob/install/diffdrive_arduino
[2.321s] -- Found ament_cmake: 1.3.5 (/opt/ros/humble/share/ament_cmake/cmake)
[4.149s] -- Override CMake install command with custom implementation using symlinks instead of copying resources
[4.304s] -- Found serial: 1.2.1 (/home/uthman/uniccon_mob/install/serial/share/serial/cmake)
[4.364s] -- Found hardware_interface: 2.32.0 (/opt/ros/humble/share/hardware_interface/cmake)
[4.901s] -- Found rosidl_generator_c: 3.1.5 (/opt/ros/humble/share/rosidl_generator_c/cmake)
[4.947s] -- Found rosidl_adapter: 3.1.5 (/opt/ros/humble/share/rosidl_adapter/cmake)
[5.017s] -- Found rosidl_generator_cpp: 3.1.5 (/opt/ros/humble/share/rosidl_generator_cpp/cmake)
[5.195s] -- Using all available rosidl_typesupport_c: rosidl_typesupport_fastrtps_c;rosidl_typesupport_introspection_c
[5.426s] -- Using all available rosidl_typesupport_cpp: rosidl_typesupport_fastrtps_cpp;rosidl_typesupport_introspection_cpp
[15.427s] -- Found rmw_implementation_cmake: 6.1.1 (/opt/ros/humble/share/rmw_implementation_cmake/cmake)
[15.437s] -- Found rmw_fastrtps_cpp: 6.2.4 (/opt/ros/humble/share/rmw_fastrtps_cpp/cmake)
[16.232s] -- Using RMW implementation 'rmw_fastrtps_cpp' as default
[17.343s] -- Found controller_manager: 2.32.0 (/opt/ros/humble/share/controller_manager/cmake)
[28.129s] -- Configuring done
[28.713s] -- Generating done
[28.725s] -- Build files have been written to: /home/uthman/uniccon_mob/build/diffdrive_arduino
[28.784s] Invoked command in '/home/uthman/uniccon_mob/build/diffdrive_arduino' returned '0': AMENT_PREFIX_PATH=/home/uthman/uniccon_mob/install/serial:${AMENT_PREFIX_PATH} CMAKE_PREFIX_PATH=/home/uthman/uniccon_mob/install/serial:/home/uthman/mob_ws/install/ydlidar_ros2_driver:/home/uthman/mob_ws/install/slam_gmapping:/home/uthman/mob_ws/install/serial_motor_demo_msgs:/home/uthman/mob_ws/install/diffdrive_arduino:/home/uthman/mob_ws/install/serial:/home/uthman/mob_ws/install/rf2o_laser_odometry:/home/uthman/mob_ws/install/openslam_gmapping:/home/uthman/mob_ws/install/my_robot:/home/uthman/mob_ws/install/arduinobot_moveit:/home/uthman/mob_ws/install/arduinobot_description:/home/uthman/mob_ws/install/arduinobot_cpp:/home/uthman/mob_ws/install/arduinobot_controller:/home/uthman/ros2_ws/install/my_cpp_pkg:/home/uthman/mob_ws/install/serial_motor_demo:/home/uthman/mob_ws/install/arduinobot_py:/home/uthman/ros2_ws/install/my_py_pkg:/opt/ros/humble LD_LIBRARY_PATH=/home/uthman/uniccon_mob/install/serial/lib:${LD_LIBRARY_PATH} /usr/bin/cmake /home/uthman/uniccon_mob/src/diffdrive_arduino -DCMAKE_INSTALL_PREFIX=/home/uthman/uniccon_mob/install/diffdrive_arduino
[28.799s] Invoking command in '/home/uthman/uniccon_mob/build/diffdrive_arduino': AMENT_PREFIX_PATH=/home/uthman/uniccon_mob/install/serial:${AMENT_PREFIX_PATH} CMAKE_PREFIX_PATH=/home/uthman/uniccon_mob/install/serial:/home/uthman/mob_ws/install/ydlidar_ros2_driver:/home/uthman/mob_ws/install/slam_gmapping:/home/uthman/mob_ws/install/serial_motor_demo_msgs:/home/uthman/mob_ws/install/diffdrive_arduino:/home/uthman/mob_ws/install/serial:/home/uthman/mob_ws/install/rf2o_laser_odometry:/home/uthman/mob_ws/install/openslam_gmapping:/home/uthman/mob_ws/install/my_robot:/home/uthman/mob_ws/install/arduinobot_moveit:/home/uthman/mob_ws/install/arduinobot_description:/home/uthman/mob_ws/install/arduinobot_cpp:/home/uthman/mob_ws/install/arduinobot_controller:/home/uthman/ros2_ws/install/my_cpp_pkg:/home/uthman/mob_ws/install/serial_motor_demo:/home/uthman/mob_ws/install/arduinobot_py:/home/uthman/ros2_ws/install/my_py_pkg:/opt/ros/humble LD_LIBRARY_PATH=/home/uthman/uniccon_mob/install/serial/lib:${LD_LIBRARY_PATH} /usr/bin/cmake --build /home/uthman/uniccon_mob/build/diffdrive_arduino -- -j4 -l4
[29.155s] [35m[1mConsolidate compiler generated dependencies of target diffdrive_arduino[0m
[29.344s] [ 57%] Built target diffdrive_arduino
[29.426s] [35m[1mConsolidate compiler generated dependencies of target fake_robot[0m
[29.609s] [100%] Built target fake_robot
[29.694s] Invoked command in '/home/uthman/uniccon_mob/build/diffdrive_arduino' returned '0': AMENT_PREFIX_PATH=/home/uthman/uniccon_mob/install/serial:${AMENT_PREFIX_PATH} CMAKE_PREFIX_PATH=/home/uthman/uniccon_mob/install/serial:/home/uthman/mob_ws/install/ydlidar_ros2_driver:/home/uthman/mob_ws/install/slam_gmapping:/home/uthman/mob_ws/install/serial_motor_demo_msgs:/home/uthman/mob_ws/install/diffdrive_arduino:/home/uthman/mob_ws/install/serial:/home/uthman/mob_ws/install/rf2o_laser_odometry:/home/uthman/mob_ws/install/openslam_gmapping:/home/uthman/mob_ws/install/my_robot:/home/uthman/mob_ws/install/arduinobot_moveit:/home/uthman/mob_ws/install/arduinobot_description:/home/uthman/mob_ws/install/arduinobot_cpp:/home/uthman/mob_ws/install/arduinobot_controller:/home/uthman/ros2_ws/install/my_cpp_pkg:/home/uthman/mob_ws/install/serial_motor_demo:/home/uthman/mob_ws/install/arduinobot_py:/home/uthman/ros2_ws/install/my_py_pkg:/opt/ros/humble LD_LIBRARY_PATH=/home/uthman/uniccon_mob/install/serial/lib:${LD_LIBRARY_PATH} /usr/bin/cmake --build /home/uthman/uniccon_mob/build/diffdrive_arduino -- -j4 -l4
[30.000s] Invoking command in '/home/uthman/uniccon_mob/build/diffdrive_arduino': AMENT_PREFIX_PATH=/home/uthman/uniccon_mob/install/serial:${AMENT_PREFIX_PATH} CMAKE_PREFIX_PATH=/home/uthman/uniccon_mob/install/serial:/home/uthman/mob_ws/install/ydlidar_ros2_driver:/home/uthman/mob_ws/install/slam_gmapping:/home/uthman/mob_ws/install/serial_motor_demo_msgs:/home/uthman/mob_ws/install/diffdrive_arduino:/home/uthman/mob_ws/install/serial:/home/uthman/mob_ws/install/rf2o_laser_odometry:/home/uthman/mob_ws/install/openslam_gmapping:/home/uthman/mob_ws/install/my_robot:/home/uthman/mob_ws/install/arduinobot_moveit:/home/uthman/mob_ws/install/arduinobot_description:/home/uthman/mob_ws/install/arduinobot_cpp:/home/uthman/mob_ws/install/arduinobot_controller:/home/uthman/ros2_ws/install/my_cpp_pkg:/home/uthman/mob_ws/install/serial_motor_demo:/home/uthman/mob_ws/install/arduinobot_py:/home/uthman/ros2_ws/install/my_py_pkg:/opt/ros/humble LD_LIBRARY_PATH=/home/uthman/uniccon_mob/install/serial/lib:${LD_LIBRARY_PATH} /usr/bin/cmake --install /home/uthman/uniccon_mob/build/diffdrive_arduino
[30.056s] -- Install configuration: ""
[30.063s] -- Execute custom install script
[30.066s] -- Up-to-date symlink: /home/uthman/uniccon_mob/install/diffdrive_arduino/share/diffdrive_arduino//robot_hardware.xml
[30.067s] -- Up-to-date symlink: /home/uthman/uniccon_mob/install/diffdrive_arduino/share/diffdrive_arduino//fake_robot_hardware.xml
[30.070s] -- Up-to-date symlink: /home/uthman/uniccon_mob/install/diffdrive_arduino/lib/libdiffdrive_arduino.so
[30.073s] -- Up-to-date symlink: /home/uthman/uniccon_mob/install/diffdrive_arduino/lib/libfake_robot.so
[30.076s] -- Up-to-date symlink: /home/uthman/uniccon_mob/install/diffdrive_arduino/share/diffdrive_arduino/controllers/robot_controller_example.yaml
[30.078s] -- Up-to-date symlink: /home/uthman/uniccon_mob/install/diffdrive_arduino/share/diffdrive_arduino/fake_robot.launch.py
[30.079s] -- Up-to-date symlink: /home/uthman/uniccon_mob/install/diffdrive_arduino/share/diffdrive_arduino/test_robot.launch.py
[30.081s] -- Up-to-date symlink: /home/uthman/uniccon_mob/install/diffdrive_arduino/share/diffdrive_arduino/environment/library_path.sh
[30.083s] -- Up-to-date symlink: /home/uthman/uniccon_mob/install/diffdrive_arduino/share/diffdrive_arduino/environment/library_path.dsv
[30.084s] -- Up-to-date symlink: /home/uthman/uniccon_mob/install/diffdrive_arduino/share/ament_index/resource_index/package_run_dependencies/diffdrive_arduino
[30.086s] -- Up-to-date symlink: /home/uthman/uniccon_mob/install/diffdrive_arduino/share/ament_index/resource_index/parent_prefix_path/diffdrive_arduino
[30.088s] -- Up-to-date symlink: /home/uthman/uniccon_mob/install/diffdrive_arduino/share/diffdrive_arduino/environment/ament_prefix_path.sh
[30.089s] -- Up-to-date symlink: /home/uthman/uniccon_mob/install/diffdrive_arduino/share/diffdrive_arduino/environment/ament_prefix_path.dsv
[30.091s] -- Up-to-date symlink: /home/uthman/uniccon_mob/install/diffdrive_arduino/share/diffdrive_arduino/environment/path.sh
[30.092s] -- Up-to-date symlink: /home/uthman/uniccon_mob/install/diffdrive_arduino/share/diffdrive_arduino/environment/path.dsv
[30.094s] -- Up-to-date symlink: /home/uthman/uniccon_mob/install/diffdrive_arduino/share/diffdrive_arduino/local_setup.bash
[30.095s] -- Up-to-date symlink: /home/uthman/uniccon_mob/install/diffdrive_arduino/share/diffdrive_arduino/local_setup.sh
[30.096s] -- Up-to-date symlink: /home/uthman/uniccon_mob/install/diffdrive_arduino/share/diffdrive_arduino/local_setup.zsh
[30.098s] -- Up-to-date symlink: /home/uthman/uniccon_mob/install/diffdrive_arduino/share/diffdrive_arduino/local_setup.dsv
[30.099s] -- Symlinking: /home/uthman/uniccon_mob/install/diffdrive_arduino/share/diffdrive_arduino/package.dsv
[30.163s] -- Up-to-date symlink: /home/uthman/uniccon_mob/install/diffdrive_arduino/share/ament_index/resource_index/packages/diffdrive_arduino
[30.165s] -- Up-to-date symlink: /home/uthman/uniccon_mob/install/diffdrive_arduino/share/ament_index/resource_index/hardware_interface__pluginlib__plugin/diffdrive_arduino
[30.167s] -- Up-to-date symlink: /home/uthman/uniccon_mob/install/diffdrive_arduino/share/diffdrive_arduino/cmake/ament_cmake_export_libraries-extras.cmake
[30.169s] -- Up-to-date symlink: /home/uthman/uniccon_mob/install/diffdrive_arduino/share/diffdrive_arduino/cmake/ament_cmake_export_dependencies-extras.cmake
[30.172s] -- Up-to-date symlink: /home/uthman/uniccon_mob/install/diffdrive_arduino/share/diffdrive_arduino/cmake/diffdrive_arduinoConfig.cmake
[30.173s] -- Up-to-date symlink: /home/uthman/uniccon_mob/install/diffdrive_arduino/share/diffdrive_arduino/cmake/diffdrive_arduinoConfig-version.cmake
[30.175s] -- Up-to-date symlink: /home/uthman/uniccon_mob/install/diffdrive_arduino/share/diffdrive_arduino/package.xml
[30.202s] Invoked command in '/home/uthman/uniccon_mob/build/diffdrive_arduino' returned '0': AMENT_PREFIX_PATH=/home/uthman/uniccon_mob/install/serial:${AMENT_PREFIX_PATH} CMAKE_PREFIX_PATH=/home/uthman/uniccon_mob/install/serial:/home/uthman/mob_ws/install/ydlidar_ros2_driver:/home/uthman/mob_ws/install/slam_gmapping:/home/uthman/mob_ws/install/serial_motor_demo_msgs:/home/uthman/mob_ws/install/diffdrive_arduino:/home/uthman/mob_ws/install/serial:/home/uthman/mob_ws/install/rf2o_laser_odometry:/home/uthman/mob_ws/install/openslam_gmapping:/home/uthman/mob_ws/install/my_robot:/home/uthman/mob_ws/install/arduinobot_moveit:/home/uthman/mob_ws/install/arduinobot_description:/home/uthman/mob_ws/install/arduinobot_cpp:/home/uthman/mob_ws/install/arduinobot_controller:/home/uthman/ros2_ws/install/my_cpp_pkg:/home/uthman/mob_ws/install/serial_motor_demo:/home/uthman/mob_ws/install/arduinobot_py:/home/uthman/ros2_ws/install/my_py_pkg:/opt/ros/humble LD_LIBRARY_PATH=/home/uthman/uniccon_mob/install/serial/lib:${LD_LIBRARY_PATH} /usr/bin/cmake --install /home/uthman/uniccon_mob/build/diffdrive_arduino
