[2.769s] Invoking command in '/home/uthman/uniccon_mob/build/serial': CMAKE_PREFIX_PATH=${CMAKE_PREFIX_PATH}:/home/uthman/uniccon_mob/install/serial_motor_demo:/home/uthman/uniccon_mob/install/camera_node:/home/uthman/mob_ws/install/serial_motor_demo:/home/uthman/mob_ws/install/arduinobot_py:/home/uthman/ros2_ws/install/my_py_pkg:/opt/ros/humble /usr/bin/cmake --build /home/uthman/uniccon_mob/build/serial -- -j4 -l4
[5.540s] [ 14%] Built target gtest
[5.541s] [ 42%] Built target serial
[5.541s] [ 57%] Built target gtest_main
[5.542s] [ 71%] Built target serial_example
[5.543s] [ 85%] Built target serial-test-timer
[5.543s] [100%] Built target serial-test
[5.550s] Invoked command in '/home/uthman/uniccon_mob/build/serial' returned '0': CMAKE_PREFIX_PATH=${CMAKE_PREFIX_PATH}:/home/uthman/uniccon_mob/install/serial_motor_demo:/home/uthman/uniccon_mob/install/camera_node:/home/uthman/mob_ws/install/serial_motor_demo:/home/uthman/mob_ws/install/arduinobot_py:/home/uthman/ros2_ws/install/my_py_pkg:/opt/ros/humble /usr/bin/cmake --build /home/uthman/uniccon_mob/build/serial -- -j4 -l4
[6.081s] Invoking command in '/home/uthman/uniccon_mob/build/serial': CMAKE_PREFIX_PATH=${CMAKE_PREFIX_PATH}:/home/uthman/uniccon_mob/install/serial_motor_demo:/home/uthman/uniccon_mob/install/camera_node:/home/uthman/mob_ws/install/serial_motor_demo:/home/uthman/mob_ws/install/arduinobot_py:/home/uthman/ros2_ws/install/my_py_pkg:/opt/ros/humble /usr/bin/cmake --install /home/uthman/uniccon_mob/build/serial
[6.214s] -- Install configuration: ""
[6.248s] -- Execute custom install script
[6.260s] -- Up-to-date symlink: /home/uthman/uniccon_mob/install/serial/lib/libserial.a
[6.263s] -- Up-to-date symlink: /home/uthman/uniccon_mob/install/serial/include/serial/serial.h
[6.266s] -- Up-to-date symlink: /home/uthman/uniccon_mob/install/serial/include/serial/v8stdint.h
[6.273s] -- Up-to-date symlink: /home/uthman/uniccon_mob/install/serial/share/serial/environment/library_path.sh
[6.273s] -- Up-to-date symlink: /home/uthman/uniccon_mob/install/serial/share/serial/environment/library_path.dsv
[6.287s] -- Up-to-date symlink: /home/uthman/uniccon_mob/install/serial/share/ament_index/resource_index/package_run_dependencies/serial
[6.287s] -- Up-to-date symlink: /home/uthman/uniccon_mob/install/serial/share/ament_index/resource_index/parent_prefix_path/serial
[6.288s] -- Up-to-date symlink: /home/uthman/uniccon_mob/install/serial/share/serial/environment/ament_prefix_path.sh
[6.288s] -- Up-to-date symlink: /home/uthman/uniccon_mob/install/serial/share/serial/environment/ament_prefix_path.dsv
[6.292s] -- Up-to-date symlink: /home/uthman/uniccon_mob/install/serial/share/serial/environment/path.sh
[6.292s] -- Up-to-date symlink: /home/uthman/uniccon_mob/install/serial/share/serial/environment/path.dsv
[6.293s] -- Up-to-date symlink: /home/uthman/uniccon_mob/install/serial/share/serial/local_setup.bash
[6.294s] -- Up-to-date symlink: /home/uthman/uniccon_mob/install/serial/share/serial/local_setup.sh
[6.298s] -- Up-to-date symlink: /home/uthman/uniccon_mob/install/serial/share/serial/local_setup.zsh
[6.306s] -- Up-to-date symlink: /home/uthman/uniccon_mob/install/serial/share/serial/local_setup.dsv
[6.306s] -- Symlinking: /home/uthman/uniccon_mob/install/serial/share/serial/package.dsv
[6.373s] -- Up-to-date symlink: /home/uthman/uniccon_mob/install/serial/share/ament_index/resource_index/packages/serial
[6.383s] -- Up-to-date symlink: /home/uthman/uniccon_mob/install/serial/share/serial/cmake/ament_cmake_export_include_directories-extras.cmake
[6.410s] -- Up-to-date symlink: /home/uthman/uniccon_mob/install/serial/share/serial/cmake/ament_cmake_export_libraries-extras.cmake
[6.417s] -- Up-to-date symlink: /home/uthman/uniccon_mob/install/serial/share/serial/cmake/serialConfig.cmake
[6.417s] -- Up-to-date symlink: /home/uthman/uniccon_mob/install/serial/share/serial/cmake/serialConfig-version.cmake
[6.418s] -- Up-to-date symlink: /home/uthman/uniccon_mob/install/serial/share/serial/package.xml
[7.410s] Invoked command in '/home/uthman/uniccon_mob/build/serial' returned '0': CMAKE_PREFIX_PATH=${CMAKE_PREFIX_PATH}:/home/uthman/uniccon_mob/install/serial_motor_demo:/home/uthman/uniccon_mob/install/camera_node:/home/uthman/mob_ws/install/serial_motor_demo:/home/uthman/mob_ws/install/arduinobot_py:/home/uthman/ros2_ws/install/my_py_pkg:/opt/ros/humble /usr/bin/cmake --install /home/uthman/uniccon_mob/build/serial
