running develop
/home/uthman/.local/lib/python3.10/site-packages/setuptools/command/develop.py:40: EasyInstallDeprecationWarning: easy_install command is deprecated.
!!

        ********************************************************************************
        Please avoid running ``setup.py`` and ``easy_install``.
        Instead, use pypa/build, pypa/installer or other
        standards-based tools.

        See https://github.com/pypa/setuptools/issues/917 for details.
        ********************************************************************************

!!
  easy_install.initialize_options(self)
/home/uthman/.local/lib/python3.10/site-packages/setuptools/_distutils/cmd.py:66: SetuptoolsDeprecationWarning: setup.py install is deprecated.
!!

        ********************************************************************************
        Please avoid running ``setup.py`` directly.
        Instead, use pypa/build, pypa/installer or other
        standards-based tools.

        See https://blog.ganssle.io/articles/2021/10/setup-py-deprecated.html for details.
        ********************************************************************************

!!
  self.initialize_options()
Removing /home/uthman/uniccon_mob/install/camera_node/lib/python3.10/site-packages/camera-node.egg-link (link to .)
running egg_info
writing ../../build/camera_node/camera_node.egg-info/PKG-INFO
writing dependency_links to ../../build/camera_node/camera_node.egg-info/dependency_links.txt
writing entry points to ../../build/camera_node/camera_node.egg-info/entry_points.txt
writing requirements to ../../build/camera_node/camera_node.egg-info/requires.txt
writing top-level names to ../../build/camera_node/camera_node.egg-info/top_level.txt
reading manifest file '../../build/camera_node/camera_node.egg-info/SOURCES.txt'
writing manifest file '../../build/camera_node/camera_node.egg-info/SOURCES.txt'
running build
running build_py
creating /home/uthman/uniccon_mob/build/camera_node/build
creating /home/uthman/uniccon_mob/build/camera_node/build/lib
creating /home/uthman/uniccon_mob/build/camera_node/build/lib/camera_node
copying camera_node/__init__.py -> /home/uthman/uniccon_mob/build/camera_node/build/lib/camera_node
copying camera_node/camera_subscriber.py -> /home/uthman/uniccon_mob/build/camera_node/build/lib/camera_node
copying camera_node/camera_publisher.py -> /home/uthman/uniccon_mob/build/camera_node/build/lib/camera_node
running install
/home/uthman/.local/lib/python3.10/site-packages/setuptools/_distutils/cmd.py:66: SetuptoolsDeprecationWarning: setup.py install is deprecated.
!!

        ********************************************************************************
        Please avoid running ``setup.py`` directly.
        Instead, use pypa/build, pypa/installer or other
        standards-based tools.

        See https://blog.ganssle.io/articles/2021/10/setup-py-deprecated.html for details.
        ********************************************************************************

!!
  self.initialize_options()
running install_lib
creating /home/uthman/uniccon_mob/install/camera_node/lib/python3.10/site-packages/camera_node
copying /home/uthman/uniccon_mob/build/camera_node/build/lib/camera_node/__init__.py -> /home/uthman/uniccon_mob/install/camera_node/lib/python3.10/site-packages/camera_node
copying /home/uthman/uniccon_mob/build/camera_node/build/lib/camera_node/camera_subscriber.py -> /home/uthman/uniccon_mob/install/camera_node/lib/python3.10/site-packages/camera_node
copying /home/uthman/uniccon_mob/build/camera_node/build/lib/camera_node/camera_publisher.py -> /home/uthman/uniccon_mob/install/camera_node/lib/python3.10/site-packages/camera_node
byte-compiling /home/uthman/uniccon_mob/install/camera_node/lib/python3.10/site-packages/camera_node/__init__.py to __init__.cpython-310.pyc
byte-compiling /home/uthman/uniccon_mob/install/camera_node/lib/python3.10/site-packages/camera_node/camera_subscriber.py to camera_subscriber.cpython-310.pyc
byte-compiling /home/uthman/uniccon_mob/install/camera_node/lib/python3.10/site-packages/camera_node/camera_publisher.py to camera_publisher.cpython-310.pyc
running install_data
running install_egg_info
Copying ../../build/camera_node/camera_node.egg-info to /home/uthman/uniccon_mob/install/camera_node/lib/python3.10/site-packages/camera_node-0.0.0-py3.10.egg-info
running install_scripts
Installing cam_publisher script to /home/uthman/uniccon_mob/install/camera_node/lib/camera_node
Installing cam_subscriber script to /home/uthman/uniccon_mob/install/camera_node/lib/camera_node
writing list of installed files to '/home/uthman/uniccon_mob/build/camera_node/install.log'
