running develop
/home/uthman/.local/lib/python3.10/site-packages/setuptools/command/develop.py:40: EasyInstallDeprecationWarning: easy_install command is deprecated.
!!

        ********************************************************************************
        Please avoid running ``setup.py`` and ``easy_install``.
        Instead, use pypa/build, pypa/installer or other
        standards-based tools.

        See https://github.com/pypa/setuptools/issues/917 for details.
        ********************************************************************************

!!
  easy_install.initialize_options(self)
/home/uthman/.local/lib/python3.10/site-packages/setuptools/_distutils/cmd.py:66: SetuptoolsDeprecationWarning: setup.py install is deprecated.
!!

        ********************************************************************************
        Please avoid running ``setup.py`` directly.
        Instead, use pypa/build, pypa/installer or other
        standards-based tools.

        See https://blog.ganssle.io/articles/2021/10/setup-py-deprecated.html for details.
        ********************************************************************************

!!
  self.initialize_options()
running egg_info
writing camera_node.egg-info/PKG-INFO
writing dependency_links to camera_node.egg-info/dependency_links.txt
writing entry points to camera_node.egg-info/entry_points.txt
writing requirements to camera_node.egg-info/requires.txt
writing top-level names to camera_node.egg-info/top_level.txt
reading manifest file 'camera_node.egg-info/SOURCES.txt'
writing manifest file 'camera_node.egg-info/SOURCES.txt'
running build_ext
Creating /home/uthman/uniccon_mob/install/camera_node/lib/python3.10/site-packages/camera-node.egg-link (link to .)
Installing cam_publisher script to /home/uthman/uniccon_mob/install/camera_node/lib/camera_node
Installing cam_subscriber script to /home/uthman/uniccon_mob/install/camera_node/lib/camera_node

Installed /home/uthman/uniccon_mob/build/camera_node
running install_data
