[3.125s] Invoking command in '/home/uthman/uniccon_mob/build/uniccon_robot': CMAKE_PREFIX_PATH=${CMAKE_PREFIX_PATH}:/home/uthman/mob_ws/install/serial_motor_demo:/home/uthman/mob_ws/install/arduinobot_py:/home/uthman/ros2_ws/install/my_py_pkg:/opt/ros/humble /usr/bin/cmake /home/uthman/uniccon_mob/src/uniccon_robot -DCMAKE_INSTALL_PREFIX=/home/uthman/uniccon_mob/install/uniccon_robot
[4.291s] -- The C compiler identification is GNU 11.4.0
[5.177s] -- The CXX compiler identification is GNU 11.4.0
[5.282s] -- Detecting C compiler ABI info
[6.392s] -- Detecting C compiler ABI info - done
[6.546s] -- Check for working C compiler: /usr/bin/cc - skipped
[6.550s] -- Detecting C compile features
[6.555s] -- Detecting C compile features - done
[6.586s] -- Detecting CXX compiler ABI info
[7.555s] -- Detecting CXX compiler ABI info - done
[7.711s] -- Check for working CXX compiler: /usr/bin/c++ - skipped
[7.717s] -- Detecting CXX compile features
[7.729s] -- Detecting CXX compile features - done
[7.800s] -- Found ament_cmake: 1.3.5 (/opt/ros/humble/share/ament_cmake/cmake)
[13.066s] -- Found Python3: /usr/bin/python3.10 (found version "3.10.12") found components: Interpreter 
[15.706s] -- Found ament_lint_auto: 0.12.8 (/opt/ros/humble/share/ament_lint_auto/cmake)
[17.950s] -- Added test 'copyright' to check source files copyright and LICENSE
[18.381s] -- Added test 'flake8' to check Python code syntax and style conventions
[18.464s] -- Added test 'lint_cmake' to check CMake code style
[18.513s] -- Added test 'pep257' to check Python code against some of the docstring style conventions in PEP 257
[18.734s] -- Added test 'xmllint' to check XML markup files
[18.754s] -- Configuring done
[18.809s] -- Generating done
[18.828s] -- Build files have been written to: /home/uthman/uniccon_mob/build/uniccon_robot
[18.921s] Invoked command in '/home/uthman/uniccon_mob/build/uniccon_robot' returned '0': CMAKE_PREFIX_PATH=${CMAKE_PREFIX_PATH}:/home/uthman/mob_ws/install/serial_motor_demo:/home/uthman/mob_ws/install/arduinobot_py:/home/uthman/ros2_ws/install/my_py_pkg:/opt/ros/humble /usr/bin/cmake /home/uthman/uniccon_mob/src/uniccon_robot -DCMAKE_INSTALL_PREFIX=/home/uthman/uniccon_mob/install/uniccon_robot
[18.926s] Invoking command in '/home/uthman/uniccon_mob/build/uniccon_robot': CMAKE_PREFIX_PATH=${CMAKE_PREFIX_PATH}:/home/uthman/mob_ws/install/serial_motor_demo:/home/uthman/mob_ws/install/arduinobot_py:/home/uthman/ros2_ws/install/my_py_pkg:/opt/ros/humble /usr/bin/cmake --build /home/uthman/uniccon_mob/build/uniccon_robot -- -j4 -l4
[19.934s] Invoked command in '/home/uthman/uniccon_mob/build/uniccon_robot' returned '0': CMAKE_PREFIX_PATH=${CMAKE_PREFIX_PATH}:/home/uthman/mob_ws/install/serial_motor_demo:/home/uthman/mob_ws/install/arduinobot_py:/home/uthman/ros2_ws/install/my_py_pkg:/opt/ros/humble /usr/bin/cmake --build /home/uthman/uniccon_mob/build/uniccon_robot -- -j4 -l4
[20.643s] Invoking command in '/home/uthman/uniccon_mob/build/uniccon_robot': CMAKE_PREFIX_PATH=${CMAKE_PREFIX_PATH}:/home/uthman/mob_ws/install/serial_motor_demo:/home/uthman/mob_ws/install/arduinobot_py:/home/uthman/ros2_ws/install/my_py_pkg:/opt/ros/humble /usr/bin/cmake --install /home/uthman/uniccon_mob/build/uniccon_robot
[20.922s] -- Install configuration: ""
[20.926s] -- Installing: /home/uthman/uniccon_mob/install/uniccon_robot/share/uniccon_robot/config
[20.929s] -- Installing: /home/uthman/uniccon_mob/install/uniccon_robot/share/uniccon_robot/config/robot_world.rviz
[20.930s] -- Installing: /home/uthman/uniccon_mob/install/uniccon_robot/share/uniccon_robot/config/mapper_params_online_async.yaml
[20.930s] -- Installing: /home/uthman/uniccon_mob/install/uniccon_robot/share/uniccon_robot/config/my_controllers.yaml
[20.931s] -- Installing: /home/uthman/uniccon_mob/install/uniccon_robot/share/uniccon_robot/config/gazebo_params.yaml
[20.932s] -- Installing: /home/uthman/uniccon_mob/install/uniccon_robot/share/uniccon_robot/config/slam_toolbox_default.rviz
[20.945s] -- Installing: /home/uthman/uniccon_mob/install/uniccon_robot/share/uniccon_robot/config/empty.yaml
[20.950s] -- Installing: /home/uthman/uniccon_mob/install/uniccon_robot/share/uniccon_robot/description
[20.962s] -- Installing: /home/uthman/uniccon_mob/install/uniccon_robot/share/uniccon_robot/description/inertial_macros.xacro
[20.964s] -- Installing: /home/uthman/uniccon_mob/install/uniccon_robot/share/uniccon_robot/description/depth_camera.xacro
[20.966s] -- Installing: /home/uthman/uniccon_mob/install/uniccon_robot/share/uniccon_robot/description/lidar.xacro
[20.968s] -- Installing: /home/uthman/uniccon_mob/install/uniccon_robot/share/uniccon_robot/description/robot.urdf.xacro
[20.971s] -- Installing: /home/uthman/uniccon_mob/install/uniccon_robot/share/uniccon_robot/description/robot_core.xacro
[20.978s] -- Installing: /home/uthman/uniccon_mob/install/uniccon_robot/share/uniccon_robot/description/ros2_control.xacro
[20.979s] -- Installing: /home/uthman/uniccon_mob/install/uniccon_robot/share/uniccon_robot/description/camera.xacro
[20.980s] -- Installing: /home/uthman/uniccon_mob/install/uniccon_robot/share/uniccon_robot/description/gazebo_control.xacro
[20.980s] -- Installing: /home/uthman/uniccon_mob/install/uniccon_robot/share/uniccon_robot/launch
[20.981s] -- Installing: /home/uthman/uniccon_mob/install/uniccon_robot/share/uniccon_robot/launch/rsp.launch.py
[20.982s] -- Installing: /home/uthman/uniccon_mob/install/uniccon_robot/share/uniccon_robot/launch/launch_robot.launch.py
[20.983s] -- Installing: /home/uthman/uniccon_mob/install/uniccon_robot/share/uniccon_robot/launch/launch_sim.launch.py
[20.998s] -- Installing: /home/uthman/uniccon_mob/install/uniccon_robot/share/uniccon_robot/worlds
[21.015s] -- Installing: /home/uthman/uniccon_mob/install/uniccon_robot/share/uniccon_robot/worlds/obstacle_world.world
[21.016s] -- Installing: /home/uthman/uniccon_mob/install/uniccon_robot/share/uniccon_robot/worlds/empty.world
[21.018s] -- Installing: /home/uthman/uniccon_mob/install/uniccon_robot/share/ament_index/resource_index/package_run_dependencies/uniccon_robot
[21.019s] -- Installing: /home/uthman/uniccon_mob/install/uniccon_robot/share/ament_index/resource_index/parent_prefix_path/uniccon_robot
[21.023s] -- Installing: /home/uthman/uniccon_mob/install/uniccon_robot/share/uniccon_robot/environment/ament_prefix_path.sh
[21.029s] -- Installing: /home/uthman/uniccon_mob/install/uniccon_robot/share/uniccon_robot/environment/ament_prefix_path.dsv
[21.030s] -- Installing: /home/uthman/uniccon_mob/install/uniccon_robot/share/uniccon_robot/environment/path.sh
[21.031s] -- Installing: /home/uthman/uniccon_mob/install/uniccon_robot/share/uniccon_robot/environment/path.dsv
[21.032s] -- Installing: /home/uthman/uniccon_mob/install/uniccon_robot/share/uniccon_robot/local_setup.bash
[21.033s] -- Installing: /home/uthman/uniccon_mob/install/uniccon_robot/share/uniccon_robot/local_setup.sh
[21.033s] -- Installing: /home/uthman/uniccon_mob/install/uniccon_robot/share/uniccon_robot/local_setup.zsh
[21.034s] -- Installing: /home/uthman/uniccon_mob/install/uniccon_robot/share/uniccon_robot/local_setup.dsv
[21.035s] -- Installing: /home/uthman/uniccon_mob/install/uniccon_robot/share/uniccon_robot/package.dsv
[21.097s] -- Installing: /home/uthman/uniccon_mob/install/uniccon_robot/share/ament_index/resource_index/packages/uniccon_robot
[21.098s] -- Installing: /home/uthman/uniccon_mob/install/uniccon_robot/share/uniccon_robot/cmake/uniccon_robotConfig.cmake
[21.129s] -- Installing: /home/uthman/uniccon_mob/install/uniccon_robot/share/uniccon_robot/cmake/uniccon_robotConfig-version.cmake
[21.130s] -- Installing: /home/uthman/uniccon_mob/install/uniccon_robot/share/uniccon_robot/package.xml
[21.132s] Invoked command in '/home/uthman/uniccon_mob/build/uniccon_robot' returned '0': CMAKE_PREFIX_PATH=${CMAKE_PREFIX_PATH}:/home/uthman/mob_ws/install/serial_motor_demo:/home/uthman/mob_ws/install/arduinobot_py:/home/uthman/ros2_ws/install/my_py_pkg:/opt/ros/humble /usr/bin/cmake --install /home/uthman/uniccon_mob/build/uniccon_robot
