[9.827s] DEBUG:colcon:Command line arguments: ['/usr/bin/colcon', 'build']
[9.828s] DEBUG:colcon:Parsed command line arguments: Namespace(log_base=None, log_level=None, verb_name='build', build_base='build', install_base='install', merge_install=False, symlink_install=False, test_result_base=None, continue_on_error=False, executor='parallel', parallel_workers=4, event_handlers=None, ignore_user_meta=False, metas=['./colcon.meta'], base_paths=['.'], packages_ignore=None, packages_ignore_regex=None, paths=None, packages_up_to=None, packages_up_to_regex=None, packages_above=None, packages_above_and_dependencies=None, packages_above_depth=None, packages_select_by_dep=None, packages_skip_by_dep=None, packages_skip_up_to=None, packages_select_build_failed=False, packages_skip_build_finished=False, packages_select_test_failures=False, packages_skip_test_passed=False, packages_select=None, packages_skip=None, packages_select_regex=None, packages_skip_regex=None, packages_start=None, packages_end=None, allow_overriding=[], cmake_args=None, cmake_target=None, cmake_target_skip_unavailable=False, cmake_clean_cache=False, cmake_clean_first=False, cmake_force_configure=False, ament_cmake_args=None, catkin_cmake_args=None, catkin_skip_building_tests=False, verb_parser=<colcon_defaults.argument_parser.defaults.DefaultArgumentsDecorator object at 0x7f6c3d28b490>, verb_extension=<colcon_core.verb.build.BuildVerb object at 0x7f6c3d7ebcd0>, main=<bound method BuildVerb.main of <colcon_core.verb.build.BuildVerb object at 0x7f6c3d7ebcd0>>)
[10.368s] Level 1:colcon.colcon_core.package_discovery:discover_packages(colcon_meta) check parameters
[10.369s] Level 1:colcon.colcon_core.package_discovery:discover_packages(recursive) check parameters
[10.369s] Level 1:colcon.colcon_core.package_discovery:discover_packages(ignore) check parameters
[10.369s] Level 1:colcon.colcon_core.package_discovery:discover_packages(path) check parameters
[10.369s] Level 1:colcon.colcon_core.package_discovery:discover_packages(colcon_meta) discover
[10.369s] Level 1:colcon.colcon_core.package_discovery:discover_packages(recursive) discover
[10.369s] INFO:colcon.colcon_core.package_discovery:Crawling recursively for packages in '/home/uthman/uniccon_mob'
[10.370s] Level 1:colcon.colcon_core.package_identification:_identify(.) by extensions ['ignore', 'ignore_ament_install']
[10.370s] Level 1:colcon.colcon_core.package_identification:_identify(.) by extension 'ignore'
[10.371s] Level 1:colcon.colcon_core.package_identification:_identify(.) by extension 'ignore_ament_install'
[10.371s] Level 1:colcon.colcon_core.package_identification:_identify(.) by extensions ['colcon_pkg']
[10.371s] Level 1:colcon.colcon_core.package_identification:_identify(.) by extension 'colcon_pkg'
[10.371s] Level 1:colcon.colcon_core.package_identification:_identify(.) by extensions ['colcon_meta']
[10.371s] Level 1:colcon.colcon_core.package_identification:_identify(.) by extension 'colcon_meta'
[10.371s] Level 1:colcon.colcon_core.package_identification:_identify(.) by extensions ['ros']
[10.372s] Level 1:colcon.colcon_core.package_identification:_identify(.) by extension 'ros'
[10.433s] Level 1:colcon.colcon_core.package_identification:_identify(.) by extensions ['cmake', 'python']
[10.433s] Level 1:colcon.colcon_core.package_identification:_identify(.) by extension 'cmake'
[10.434s] Level 1:colcon.colcon_core.package_identification:_identify(.) by extension 'python'
[10.434s] Level 1:colcon.colcon_core.package_identification:_identify(.) by extensions ['python_setup_py']
[10.434s] Level 1:colcon.colcon_core.package_identification:_identify(.) by extension 'python_setup_py'
[10.434s] Level 1:colcon.colcon_core.package_identification:_identify(build) by extensions ['ignore', 'ignore_ament_install']
[10.435s] Level 1:colcon.colcon_core.package_identification:_identify(build) by extension 'ignore'
[10.435s] Level 1:colcon.colcon_core.package_identification:_identify(build) ignored
[10.435s] Level 1:colcon.colcon_core.package_identification:_identify(install) by extensions ['ignore', 'ignore_ament_install']
[10.436s] Level 1:colcon.colcon_core.package_identification:_identify(install) by extension 'ignore'
[10.436s] Level 1:colcon.colcon_core.package_identification:_identify(install) ignored
[10.436s] Level 1:colcon.colcon_core.package_identification:_identify(log) by extensions ['ignore', 'ignore_ament_install']
[10.437s] Level 1:colcon.colcon_core.package_identification:_identify(log) by extension 'ignore'
[10.437s] Level 1:colcon.colcon_core.package_identification:_identify(log) ignored
[10.437s] Level 1:colcon.colcon_core.package_identification:_identify(src) by extensions ['ignore', 'ignore_ament_install']
[10.438s] Level 1:colcon.colcon_core.package_identification:_identify(src) by extension 'ignore'
[10.438s] Level 1:colcon.colcon_core.package_identification:_identify(src) by extension 'ignore_ament_install'
[10.438s] Level 1:colcon.colcon_core.package_identification:_identify(src) by extensions ['colcon_pkg']
[10.438s] Level 1:colcon.colcon_core.package_identification:_identify(src) by extension 'colcon_pkg'
[10.438s] Level 1:colcon.colcon_core.package_identification:_identify(src) by extensions ['colcon_meta']
[10.439s] Level 1:colcon.colcon_core.package_identification:_identify(src) by extension 'colcon_meta'
[10.439s] Level 1:colcon.colcon_core.package_identification:_identify(src) by extensions ['ros']
[10.439s] Level 1:colcon.colcon_core.package_identification:_identify(src) by extension 'ros'
[10.439s] Level 1:colcon.colcon_core.package_identification:_identify(src) by extensions ['cmake', 'python']
[10.440s] Level 1:colcon.colcon_core.package_identification:_identify(src) by extension 'cmake'
[10.440s] Level 1:colcon.colcon_core.package_identification:_identify(src) by extension 'python'
[10.440s] Level 1:colcon.colcon_core.package_identification:_identify(src) by extensions ['python_setup_py']
[10.440s] Level 1:colcon.colcon_core.package_identification:_identify(src) by extension 'python_setup_py'
[10.441s] Level 1:colcon.colcon_core.package_identification:_identify(src/camera_node) by extensions ['ignore', 'ignore_ament_install']
[10.441s] Level 1:colcon.colcon_core.package_identification:_identify(src/camera_node) by extension 'ignore'
[10.442s] Level 1:colcon.colcon_core.package_identification:_identify(src/camera_node) by extension 'ignore_ament_install'
[10.442s] Level 1:colcon.colcon_core.package_identification:_identify(src/camera_node) by extensions ['colcon_pkg']
[10.442s] Level 1:colcon.colcon_core.package_identification:_identify(src/camera_node) by extension 'colcon_pkg'
[10.443s] Level 1:colcon.colcon_core.package_identification:_identify(src/camera_node) by extensions ['colcon_meta']
[10.443s] Level 1:colcon.colcon_core.package_identification:_identify(src/camera_node) by extension 'colcon_meta'
[10.443s] Level 1:colcon.colcon_core.package_identification:_identify(src/camera_node) by extensions ['ros']
[10.443s] Level 1:colcon.colcon_core.package_identification:_identify(src/camera_node) by extension 'ros'
[10.471s] DEBUG:colcon.colcon_core.package_identification:Package 'src/camera_node' with type 'ros.ament_python' and name 'camera_node'
[10.471s] Level 1:colcon.colcon_core.package_identification:_identify(src/diffdrive_arduino) by extensions ['ignore', 'ignore_ament_install']
[10.471s] Level 1:colcon.colcon_core.package_identification:_identify(src/diffdrive_arduino) by extension 'ignore'
[10.472s] Level 1:colcon.colcon_core.package_identification:_identify(src/diffdrive_arduino) by extension 'ignore_ament_install'
[10.472s] Level 1:colcon.colcon_core.package_identification:_identify(src/diffdrive_arduino) by extensions ['colcon_pkg']
[10.472s] Level 1:colcon.colcon_core.package_identification:_identify(src/diffdrive_arduino) by extension 'colcon_pkg'
[10.472s] Level 1:colcon.colcon_core.package_identification:_identify(src/diffdrive_arduino) by extensions ['colcon_meta']
[10.473s] Level 1:colcon.colcon_core.package_identification:_identify(src/diffdrive_arduino) by extension 'colcon_meta'
[10.473s] Level 1:colcon.colcon_core.package_identification:_identify(src/diffdrive_arduino) by extensions ['ros']
[10.473s] Level 1:colcon.colcon_core.package_identification:_identify(src/diffdrive_arduino) by extension 'ros'
[10.478s] DEBUG:colcon.colcon_core.package_identification:Package 'src/diffdrive_arduino' with type 'ros.ament_cmake' and name 'diffdrive_arduino'
[10.479s] Level 1:colcon.colcon_core.package_identification:_identify(src/serial) by extensions ['ignore', 'ignore_ament_install']
[10.479s] Level 1:colcon.colcon_core.package_identification:_identify(src/serial) by extension 'ignore'
[10.480s] Level 1:colcon.colcon_core.package_identification:_identify(src/serial) by extension 'ignore_ament_install'
[10.480s] Level 1:colcon.colcon_core.package_identification:_identify(src/serial) by extensions ['colcon_pkg']
[10.480s] Level 1:colcon.colcon_core.package_identification:_identify(src/serial) by extension 'colcon_pkg'
[10.480s] Level 1:colcon.colcon_core.package_identification:_identify(src/serial) by extensions ['colcon_meta']
[10.480s] Level 1:colcon.colcon_core.package_identification:_identify(src/serial) by extension 'colcon_meta'
[10.480s] Level 1:colcon.colcon_core.package_identification:_identify(src/serial) by extensions ['ros']
[10.481s] Level 1:colcon.colcon_core.package_identification:_identify(src/serial) by extension 'ros'
[10.482s] DEBUG:colcon.colcon_core.package_identification:Package 'src/serial' with type 'ros.ament_cmake' and name 'serial'
[10.483s] Level 1:colcon.colcon_core.package_identification:_identify(src/serial_motor_demo) by extensions ['ignore', 'ignore_ament_install']
[10.483s] Level 1:colcon.colcon_core.package_identification:_identify(src/serial_motor_demo) by extension 'ignore'
[10.483s] Level 1:colcon.colcon_core.package_identification:_identify(src/serial_motor_demo) by extension 'ignore_ament_install'
[10.484s] Level 1:colcon.colcon_core.package_identification:_identify(src/serial_motor_demo) by extensions ['colcon_pkg']
[10.484s] Level 1:colcon.colcon_core.package_identification:_identify(src/serial_motor_demo) by extension 'colcon_pkg'
[10.484s] Level 1:colcon.colcon_core.package_identification:_identify(src/serial_motor_demo) by extensions ['colcon_meta']
[10.484s] Level 1:colcon.colcon_core.package_identification:_identify(src/serial_motor_demo) by extension 'colcon_meta'
[10.484s] Level 1:colcon.colcon_core.package_identification:_identify(src/serial_motor_demo) by extensions ['ros']
[10.485s] Level 1:colcon.colcon_core.package_identification:_identify(src/serial_motor_demo) by extension 'ros'
[10.487s] DEBUG:colcon.colcon_core.package_identification:Package 'src/serial_motor_demo' with type 'ros.ament_python' and name 'serial_motor_demo'
[10.488s] Level 1:colcon.colcon_core.package_identification:_identify(src/serial_motor_demo_msgs) by extensions ['ignore', 'ignore_ament_install']
[10.488s] Level 1:colcon.colcon_core.package_identification:_identify(src/serial_motor_demo_msgs) by extension 'ignore'
[10.488s] Level 1:colcon.colcon_core.package_identification:_identify(src/serial_motor_demo_msgs) by extension 'ignore_ament_install'
[10.489s] Level 1:colcon.colcon_core.package_identification:_identify(src/serial_motor_demo_msgs) by extensions ['colcon_pkg']
[10.489s] Level 1:colcon.colcon_core.package_identification:_identify(src/serial_motor_demo_msgs) by extension 'colcon_pkg'
[10.489s] Level 1:colcon.colcon_core.package_identification:_identify(src/serial_motor_demo_msgs) by extensions ['colcon_meta']
[10.489s] Level 1:colcon.colcon_core.package_identification:_identify(src/serial_motor_demo_msgs) by extension 'colcon_meta'
[10.489s] Level 1:colcon.colcon_core.package_identification:_identify(src/serial_motor_demo_msgs) by extensions ['ros']
[10.489s] Level 1:colcon.colcon_core.package_identification:_identify(src/serial_motor_demo_msgs) by extension 'ros'
[10.491s] DEBUG:colcon.colcon_core.package_identification:Package 'src/serial_motor_demo_msgs' with type 'ros.ament_cmake' and name 'serial_motor_demo_msgs'
[10.492s] Level 1:colcon.colcon_core.package_identification:_identify(src/sllidar_ros2) by extensions ['ignore', 'ignore_ament_install']
[10.492s] Level 1:colcon.colcon_core.package_identification:_identify(src/sllidar_ros2) by extension 'ignore'
[10.493s] Level 1:colcon.colcon_core.package_identification:_identify(src/sllidar_ros2) by extension 'ignore_ament_install'
[10.493s] Level 1:colcon.colcon_core.package_identification:_identify(src/sllidar_ros2) by extensions ['colcon_pkg']
[10.493s] Level 1:colcon.colcon_core.package_identification:_identify(src/sllidar_ros2) by extension 'colcon_pkg'
[10.493s] Level 1:colcon.colcon_core.package_identification:_identify(src/sllidar_ros2) by extensions ['colcon_meta']
[10.493s] Level 1:colcon.colcon_core.package_identification:_identify(src/sllidar_ros2) by extension 'colcon_meta'
[10.494s] Level 1:colcon.colcon_core.package_identification:_identify(src/sllidar_ros2) by extensions ['ros']
[10.494s] Level 1:colcon.colcon_core.package_identification:_identify(src/sllidar_ros2) by extension 'ros'
[10.494s] Level 1:colcon.colcon_core.package_identification:_identify(src/sllidar_ros2) by extensions ['cmake', 'python']
[10.494s] Level 1:colcon.colcon_core.package_identification:_identify(src/sllidar_ros2) by extension 'cmake'
[10.494s] Level 1:colcon.colcon_core.package_identification:_identify(src/sllidar_ros2) by extension 'python'
[10.495s] Level 1:colcon.colcon_core.package_identification:_identify(src/sllidar_ros2) by extensions ['python_setup_py']
[10.495s] Level 1:colcon.colcon_core.package_identification:_identify(src/sllidar_ros2) by extension 'python_setup_py'
[10.513s] Level 1:colcon.colcon_core.package_identification:_identify(src/sllidar_ros2/launch) by extensions ['ignore', 'ignore_ament_install']
[10.514s] Level 1:colcon.colcon_core.package_identification:_identify(src/sllidar_ros2/launch) by extension 'ignore'
[10.514s] Level 1:colcon.colcon_core.package_identification:_identify(src/sllidar_ros2/launch) by extension 'ignore_ament_install'
[10.515s] Level 1:colcon.colcon_core.package_identification:_identify(src/sllidar_ros2/launch) by extensions ['colcon_pkg']
[10.515s] Level 1:colcon.colcon_core.package_identification:_identify(src/sllidar_ros2/launch) by extension 'colcon_pkg'
[10.515s] Level 1:colcon.colcon_core.package_identification:_identify(src/sllidar_ros2/launch) by extensions ['colcon_meta']
[10.515s] Level 1:colcon.colcon_core.package_identification:_identify(src/sllidar_ros2/launch) by extension 'colcon_meta'
[10.515s] Level 1:colcon.colcon_core.package_identification:_identify(src/sllidar_ros2/launch) by extensions ['ros']
[10.515s] Level 1:colcon.colcon_core.package_identification:_identify(src/sllidar_ros2/launch) by extension 'ros'
[10.516s] Level 1:colcon.colcon_core.package_identification:_identify(src/sllidar_ros2/launch) by extensions ['cmake', 'python']
[10.516s] Level 1:colcon.colcon_core.package_identification:_identify(src/sllidar_ros2/launch) by extension 'cmake'
[10.516s] Level 1:colcon.colcon_core.package_identification:_identify(src/sllidar_ros2/launch) by extension 'python'
[10.516s] Level 1:colcon.colcon_core.package_identification:_identify(src/sllidar_ros2/launch) by extensions ['python_setup_py']
[10.517s] Level 1:colcon.colcon_core.package_identification:_identify(src/sllidar_ros2/launch) by extension 'python_setup_py'
[10.517s] Level 1:colcon.colcon_core.package_identification:_identify(src/sllidar_ros2/launch/__pycache__) by extensions ['ignore', 'ignore_ament_install']
[10.518s] Level 1:colcon.colcon_core.package_identification:_identify(src/sllidar_ros2/launch/__pycache__) by extension 'ignore'
[10.518s] Level 1:colcon.colcon_core.package_identification:_identify(src/sllidar_ros2/launch/__pycache__) by extension 'ignore_ament_install'
[10.518s] Level 1:colcon.colcon_core.package_identification:_identify(src/sllidar_ros2/launch/__pycache__) by extensions ['colcon_pkg']
[10.518s] Level 1:colcon.colcon_core.package_identification:_identify(src/sllidar_ros2/launch/__pycache__) by extension 'colcon_pkg'
[10.519s] Level 1:colcon.colcon_core.package_identification:_identify(src/sllidar_ros2/launch/__pycache__) by extensions ['colcon_meta']
[10.519s] Level 1:colcon.colcon_core.package_identification:_identify(src/sllidar_ros2/launch/__pycache__) by extension 'colcon_meta'
[10.519s] Level 1:colcon.colcon_core.package_identification:_identify(src/sllidar_ros2/launch/__pycache__) by extensions ['ros']
[10.519s] Level 1:colcon.colcon_core.package_identification:_identify(src/sllidar_ros2/launch/__pycache__) by extension 'ros'
[10.520s] Level 1:colcon.colcon_core.package_identification:_identify(src/sllidar_ros2/launch/__pycache__) by extensions ['cmake', 'python']
[10.520s] Level 1:colcon.colcon_core.package_identification:_identify(src/sllidar_ros2/launch/__pycache__) by extension 'cmake'
[10.520s] Level 1:colcon.colcon_core.package_identification:_identify(src/sllidar_ros2/launch/__pycache__) by extension 'python'
[10.520s] Level 1:colcon.colcon_core.package_identification:_identify(src/sllidar_ros2/launch/__pycache__) by extensions ['python_setup_py']
[10.520s] Level 1:colcon.colcon_core.package_identification:_identify(src/sllidar_ros2/launch/__pycache__) by extension 'python_setup_py'
[10.521s] Level 1:colcon.colcon_core.package_identification:_identify(src/uniccon_robot) by extensions ['ignore', 'ignore_ament_install']
[10.521s] Level 1:colcon.colcon_core.package_identification:_identify(src/uniccon_robot) by extension 'ignore'
[10.521s] Level 1:colcon.colcon_core.package_identification:_identify(src/uniccon_robot) by extension 'ignore_ament_install'
[10.522s] Level 1:colcon.colcon_core.package_identification:_identify(src/uniccon_robot) by extensions ['colcon_pkg']
[10.522s] Level 1:colcon.colcon_core.package_identification:_identify(src/uniccon_robot) by extension 'colcon_pkg'
[10.522s] Level 1:colcon.colcon_core.package_identification:_identify(src/uniccon_robot) by extensions ['colcon_meta']
[10.522s] Level 1:colcon.colcon_core.package_identification:_identify(src/uniccon_robot) by extension 'colcon_meta'
[10.522s] Level 1:colcon.colcon_core.package_identification:_identify(src/uniccon_robot) by extensions ['ros']
[10.523s] Level 1:colcon.colcon_core.package_identification:_identify(src/uniccon_robot) by extension 'ros'
[10.543s] DEBUG:colcon.colcon_core.package_identification:Package 'src/uniccon_robot' with type 'ros.ament_cmake' and name 'uniccon_robot'
[10.544s] Level 1:colcon.colcon_core.package_identification:_identify(src/ydlidar_ros2_driver-master) by extensions ['ignore', 'ignore_ament_install']
[10.544s] Level 1:colcon.colcon_core.package_identification:_identify(src/ydlidar_ros2_driver-master) by extension 'ignore'
[10.544s] Level 1:colcon.colcon_core.package_identification:_identify(src/ydlidar_ros2_driver-master) by extension 'ignore_ament_install'
[10.545s] Level 1:colcon.colcon_core.package_identification:_identify(src/ydlidar_ros2_driver-master) by extensions ['colcon_pkg']
[10.545s] Level 1:colcon.colcon_core.package_identification:_identify(src/ydlidar_ros2_driver-master) by extension 'colcon_pkg'
[10.545s] Level 1:colcon.colcon_core.package_identification:_identify(src/ydlidar_ros2_driver-master) by extensions ['colcon_meta']
[10.545s] Level 1:colcon.colcon_core.package_identification:_identify(src/ydlidar_ros2_driver-master) by extension 'colcon_meta'
[10.545s] Level 1:colcon.colcon_core.package_identification:_identify(src/ydlidar_ros2_driver-master) by extensions ['ros']
[10.545s] Level 1:colcon.colcon_core.package_identification:_identify(src/ydlidar_ros2_driver-master) by extension 'ros'
[10.548s] DEBUG:colcon.colcon_core.package_identification:Package 'src/ydlidar_ros2_driver-master' with type 'ros.ament_cmake' and name 'ydlidar_ros2_driver'
[10.548s] Level 1:colcon.colcon_core.package_discovery:discover_packages(recursive) using defaults
[10.548s] Level 1:colcon.colcon_core.package_discovery:discover_packages(ignore) discover
[10.548s] Level 1:colcon.colcon_core.package_discovery:discover_packages(ignore) using defaults
[10.549s] Level 1:colcon.colcon_core.package_discovery:discover_packages(path) discover
[10.549s] Level 1:colcon.colcon_core.package_discovery:discover_packages(path) using defaults
[11.191s] Level 1:colcon.colcon_core.package_discovery:discover_packages(prefix_path) check parameters
[11.191s] Level 1:colcon.colcon_core.package_discovery:discover_packages(prefix_path) discover
[11.463s] DEBUG:colcon.colcon_installed_package_information.package_discovery:Found 8 installed packages in /home/uthman/uniccon_mob/install
[11.582s] DEBUG:colcon.colcon_installed_package_information.package_discovery:Found 14 installed packages in /home/uthman/mob_ws/install
[11.744s] DEBUG:colcon.colcon_installed_package_information.package_discovery:Found 2 installed packages in /home/uthman/ros2_ws/install
[11.863s] DEBUG:colcon.colcon_installed_package_information.package_discovery:Found 430 installed packages in /opt/ros/humble
[11.871s] Level 1:colcon.colcon_core.package_discovery:discover_packages(prefix_path) using defaults
[12.997s] Level 5:colcon.colcon_core.verb:set package 'camera_node' build argument 'cmake_args' from command line to 'None'
[12.997s] Level 5:colcon.colcon_core.verb:set package 'camera_node' build argument 'cmake_target' from command line to 'None'
[12.997s] Level 5:colcon.colcon_core.verb:set package 'camera_node' build argument 'cmake_target_skip_unavailable' from command line to 'False'
[12.997s] Level 5:colcon.colcon_core.verb:set package 'camera_node' build argument 'cmake_clean_cache' from command line to 'False'
[12.997s] Level 5:colcon.colcon_core.verb:set package 'camera_node' build argument 'cmake_clean_first' from command line to 'False'
[12.998s] Level 5:colcon.colcon_core.verb:set package 'camera_node' build argument 'cmake_force_configure' from command line to 'False'
[12.998s] Level 5:colcon.colcon_core.verb:set package 'camera_node' build argument 'ament_cmake_args' from command line to 'None'
[12.998s] Level 5:colcon.colcon_core.verb:set package 'camera_node' build argument 'catkin_cmake_args' from command line to 'None'
[12.998s] Level 5:colcon.colcon_core.verb:set package 'camera_node' build argument 'catkin_skip_building_tests' from command line to 'False'
[12.998s] DEBUG:colcon.colcon_core.verb:Building package 'camera_node' with the following arguments: {'ament_cmake_args': None, 'build_base': '/home/uthman/uniccon_mob/build/camera_node', 'catkin_cmake_args': None, 'catkin_skip_building_tests': False, 'cmake_args': None, 'cmake_clean_cache': False, 'cmake_clean_first': False, 'cmake_force_configure': False, 'cmake_target': None, 'cmake_target_skip_unavailable': False, 'install_base': '/home/uthman/uniccon_mob/install/camera_node', 'merge_install': False, 'path': '/home/uthman/uniccon_mob/src/camera_node', 'symlink_install': False, 'test_result_base': None}
[13.098s] Level 5:colcon.colcon_core.verb:set package 'serial' build argument 'cmake_args' from command line to 'None'
[13.098s] Level 5:colcon.colcon_core.verb:set package 'serial' build argument 'cmake_target' from command line to 'None'
[13.098s] Level 5:colcon.colcon_core.verb:set package 'serial' build argument 'cmake_target_skip_unavailable' from command line to 'False'
[13.098s] Level 5:colcon.colcon_core.verb:set package 'serial' build argument 'cmake_clean_cache' from command line to 'False'
[13.098s] Level 5:colcon.colcon_core.verb:set package 'serial' build argument 'cmake_clean_first' from command line to 'False'
[13.099s] Level 5:colcon.colcon_core.verb:set package 'serial' build argument 'cmake_force_configure' from command line to 'False'
[13.099s] Level 5:colcon.colcon_core.verb:set package 'serial' build argument 'ament_cmake_args' from command line to 'None'
[13.099s] Level 5:colcon.colcon_core.verb:set package 'serial' build argument 'catkin_cmake_args' from command line to 'None'
[13.099s] Level 5:colcon.colcon_core.verb:set package 'serial' build argument 'catkin_skip_building_tests' from command line to 'False'
[13.099s] DEBUG:colcon.colcon_core.verb:Building package 'serial' with the following arguments: {'ament_cmake_args': None, 'build_base': '/home/uthman/uniccon_mob/build/serial', 'catkin_cmake_args': None, 'catkin_skip_building_tests': False, 'cmake_args': None, 'cmake_clean_cache': False, 'cmake_clean_first': False, 'cmake_force_configure': False, 'cmake_target': None, 'cmake_target_skip_unavailable': False, 'install_base': '/home/uthman/uniccon_mob/install/serial', 'merge_install': False, 'path': '/home/uthman/uniccon_mob/src/serial', 'symlink_install': False, 'test_result_base': None}
[13.200s] Level 5:colcon.colcon_core.verb:set package 'serial_motor_demo_msgs' build argument 'cmake_args' from command line to 'None'
[13.200s] Level 5:colcon.colcon_core.verb:set package 'serial_motor_demo_msgs' build argument 'cmake_target' from command line to 'None'
[13.200s] Level 5:colcon.colcon_core.verb:set package 'serial_motor_demo_msgs' build argument 'cmake_target_skip_unavailable' from command line to 'False'
[13.200s] Level 5:colcon.colcon_core.verb:set package 'serial_motor_demo_msgs' build argument 'cmake_clean_cache' from command line to 'False'
[13.200s] Level 5:colcon.colcon_core.verb:set package 'serial_motor_demo_msgs' build argument 'cmake_clean_first' from command line to 'False'
[13.200s] Level 5:colcon.colcon_core.verb:set package 'serial_motor_demo_msgs' build argument 'cmake_force_configure' from command line to 'False'
[13.200s] Level 5:colcon.colcon_core.verb:set package 'serial_motor_demo_msgs' build argument 'ament_cmake_args' from command line to 'None'
[13.201s] Level 5:colcon.colcon_core.verb:set package 'serial_motor_demo_msgs' build argument 'catkin_cmake_args' from command line to 'None'
[13.201s] Level 5:colcon.colcon_core.verb:set package 'serial_motor_demo_msgs' build argument 'catkin_skip_building_tests' from command line to 'False'
[13.201s] DEBUG:colcon.colcon_core.verb:Building package 'serial_motor_demo_msgs' with the following arguments: {'ament_cmake_args': None, 'build_base': '/home/uthman/uniccon_mob/build/serial_motor_demo_msgs', 'catkin_cmake_args': None, 'catkin_skip_building_tests': False, 'cmake_args': None, 'cmake_clean_cache': False, 'cmake_clean_first': False, 'cmake_force_configure': False, 'cmake_target': None, 'cmake_target_skip_unavailable': False, 'install_base': '/home/uthman/uniccon_mob/install/serial_motor_demo_msgs', 'merge_install': False, 'path': '/home/uthman/uniccon_mob/src/serial_motor_demo_msgs', 'symlink_install': False, 'test_result_base': None}
[13.300s] Level 5:colcon.colcon_core.verb:set package 'uniccon_robot' build argument 'cmake_args' from command line to 'None'
[13.300s] Level 5:colcon.colcon_core.verb:set package 'uniccon_robot' build argument 'cmake_target' from command line to 'None'
[13.301s] Level 5:colcon.colcon_core.verb:set package 'uniccon_robot' build argument 'cmake_target_skip_unavailable' from command line to 'False'
[13.301s] Level 5:colcon.colcon_core.verb:set package 'uniccon_robot' build argument 'cmake_clean_cache' from command line to 'False'
[13.301s] Level 5:colcon.colcon_core.verb:set package 'uniccon_robot' build argument 'cmake_clean_first' from command line to 'False'
[13.301s] Level 5:colcon.colcon_core.verb:set package 'uniccon_robot' build argument 'cmake_force_configure' from command line to 'False'
[13.301s] Level 5:colcon.colcon_core.verb:set package 'uniccon_robot' build argument 'ament_cmake_args' from command line to 'None'
[13.301s] Level 5:colcon.colcon_core.verb:set package 'uniccon_robot' build argument 'catkin_cmake_args' from command line to 'None'
[13.301s] Level 5:colcon.colcon_core.verb:set package 'uniccon_robot' build argument 'catkin_skip_building_tests' from command line to 'False'
[13.301s] DEBUG:colcon.colcon_core.verb:Building package 'uniccon_robot' with the following arguments: {'ament_cmake_args': None, 'build_base': '/home/uthman/uniccon_mob/build/uniccon_robot', 'catkin_cmake_args': None, 'catkin_skip_building_tests': False, 'cmake_args': None, 'cmake_clean_cache': False, 'cmake_clean_first': False, 'cmake_force_configure': False, 'cmake_target': None, 'cmake_target_skip_unavailable': False, 'install_base': '/home/uthman/uniccon_mob/install/uniccon_robot', 'merge_install': False, 'path': '/home/uthman/uniccon_mob/src/uniccon_robot', 'symlink_install': False, 'test_result_base': None}
[13.399s] Level 5:colcon.colcon_core.verb:set package 'ydlidar_ros2_driver' build argument 'cmake_args' from command line to 'None'
[13.400s] Level 5:colcon.colcon_core.verb:set package 'ydlidar_ros2_driver' build argument 'cmake_target' from command line to 'None'
[13.400s] Level 5:colcon.colcon_core.verb:set package 'ydlidar_ros2_driver' build argument 'cmake_target_skip_unavailable' from command line to 'False'
[13.400s] Level 5:colcon.colcon_core.verb:set package 'ydlidar_ros2_driver' build argument 'cmake_clean_cache' from command line to 'False'
[13.400s] Level 5:colcon.colcon_core.verb:set package 'ydlidar_ros2_driver' build argument 'cmake_clean_first' from command line to 'False'
[13.400s] Level 5:colcon.colcon_core.verb:set package 'ydlidar_ros2_driver' build argument 'cmake_force_configure' from command line to 'False'
[13.400s] Level 5:colcon.colcon_core.verb:set package 'ydlidar_ros2_driver' build argument 'ament_cmake_args' from command line to 'None'
[13.400s] Level 5:colcon.colcon_core.verb:set package 'ydlidar_ros2_driver' build argument 'catkin_cmake_args' from command line to 'None'
[13.400s] Level 5:colcon.colcon_core.verb:set package 'ydlidar_ros2_driver' build argument 'catkin_skip_building_tests' from command line to 'False'
[13.401s] DEBUG:colcon.colcon_core.verb:Building package 'ydlidar_ros2_driver' with the following arguments: {'ament_cmake_args': None, 'build_base': '/home/uthman/uniccon_mob/build/ydlidar_ros2_driver', 'catkin_cmake_args': None, 'catkin_skip_building_tests': False, 'cmake_args': None, 'cmake_clean_cache': False, 'cmake_clean_first': False, 'cmake_force_configure': False, 'cmake_target': None, 'cmake_target_skip_unavailable': False, 'install_base': '/home/uthman/uniccon_mob/install/ydlidar_ros2_driver', 'merge_install': False, 'path': '/home/uthman/uniccon_mob/src/ydlidar_ros2_driver-master', 'symlink_install': False, 'test_result_base': None}
[13.512s] Level 5:colcon.colcon_core.verb:set package 'diffdrive_arduino' build argument 'cmake_args' from command line to 'None'
[13.512s] Level 5:colcon.colcon_core.verb:set package 'diffdrive_arduino' build argument 'cmake_target' from command line to 'None'
[13.512s] Level 5:colcon.colcon_core.verb:set package 'diffdrive_arduino' build argument 'cmake_target_skip_unavailable' from command line to 'False'
[13.512s] Level 5:colcon.colcon_core.verb:set package 'diffdrive_arduino' build argument 'cmake_clean_cache' from command line to 'False'
[13.513s] Level 5:colcon.colcon_core.verb:set package 'diffdrive_arduino' build argument 'cmake_clean_first' from command line to 'False'
[13.513s] Level 5:colcon.colcon_core.verb:set package 'diffdrive_arduino' build argument 'cmake_force_configure' from command line to 'False'
[13.513s] Level 5:colcon.colcon_core.verb:set package 'diffdrive_arduino' build argument 'ament_cmake_args' from command line to 'None'
[13.513s] Level 5:colcon.colcon_core.verb:set package 'diffdrive_arduino' build argument 'catkin_cmake_args' from command line to 'None'
[13.513s] Level 5:colcon.colcon_core.verb:set package 'diffdrive_arduino' build argument 'catkin_skip_building_tests' from command line to 'False'
[13.513s] DEBUG:colcon.colcon_core.verb:Building package 'diffdrive_arduino' with the following arguments: {'ament_cmake_args': None, 'build_base': '/home/uthman/uniccon_mob/build/diffdrive_arduino', 'catkin_cmake_args': None, 'catkin_skip_building_tests': False, 'cmake_args': None, 'cmake_clean_cache': False, 'cmake_clean_first': False, 'cmake_force_configure': False, 'cmake_target': None, 'cmake_target_skip_unavailable': False, 'install_base': '/home/uthman/uniccon_mob/install/diffdrive_arduino', 'merge_install': False, 'path': '/home/uthman/uniccon_mob/src/diffdrive_arduino', 'symlink_install': False, 'test_result_base': None}
[13.600s] Level 5:colcon.colcon_core.verb:set package 'serial_motor_demo' build argument 'cmake_args' from command line to 'None'
[13.600s] Level 5:colcon.colcon_core.verb:set package 'serial_motor_demo' build argument 'cmake_target' from command line to 'None'
[13.600s] Level 5:colcon.colcon_core.verb:set package 'serial_motor_demo' build argument 'cmake_target_skip_unavailable' from command line to 'False'
[13.601s] Level 5:colcon.colcon_core.verb:set package 'serial_motor_demo' build argument 'cmake_clean_cache' from command line to 'False'
[13.601s] Level 5:colcon.colcon_core.verb:set package 'serial_motor_demo' build argument 'cmake_clean_first' from command line to 'False'
[13.601s] Level 5:colcon.colcon_core.verb:set package 'serial_motor_demo' build argument 'cmake_force_configure' from command line to 'False'
[13.601s] Level 5:colcon.colcon_core.verb:set package 'serial_motor_demo' build argument 'ament_cmake_args' from command line to 'None'
[13.601s] Level 5:colcon.colcon_core.verb:set package 'serial_motor_demo' build argument 'catkin_cmake_args' from command line to 'None'
[13.601s] Level 5:colcon.colcon_core.verb:set package 'serial_motor_demo' build argument 'catkin_skip_building_tests' from command line to 'False'
[13.601s] DEBUG:colcon.colcon_core.verb:Building package 'serial_motor_demo' with the following arguments: {'ament_cmake_args': None, 'build_base': '/home/uthman/uniccon_mob/build/serial_motor_demo', 'catkin_cmake_args': None, 'catkin_skip_building_tests': False, 'cmake_args': None, 'cmake_clean_cache': False, 'cmake_clean_first': False, 'cmake_force_configure': False, 'cmake_target': None, 'cmake_target_skip_unavailable': False, 'install_base': '/home/uthman/uniccon_mob/install/serial_motor_demo', 'merge_install': False, 'path': '/home/uthman/uniccon_mob/src/serial_motor_demo', 'symlink_install': False, 'test_result_base': None}
[13.689s] INFO:colcon.colcon_core.executor:Executing jobs using 'parallel' executor
[13.777s] DEBUG:colcon.colcon_parallel_executor.executor.parallel:run_until_complete
[13.778s] INFO:colcon.colcon_ros.task.ament_cmake.build:Building ROS package in '/home/uthman/uniccon_mob/src/serial' with build type 'ament_cmake'
[13.778s] INFO:colcon.colcon_cmake.task.cmake.build:Building CMake package in '/home/uthman/uniccon_mob/src/serial'
[14.015s] INFO:colcon.colcon_core.plugin_system:Skipping extension 'colcon_core.shell.bat': Not used on non-Windows systems
[14.016s] INFO:colcon.colcon_core.shell:Skip shell extension 'powershell' for command environment: Not usable outside of PowerShell
[14.016s] DEBUG:colcon.colcon_core.shell:Skip shell extension 'dsv' for command environment
[14.588s] INFO:colcon.colcon_ros.task.ament_cmake.build:Building ROS package in '/home/uthman/uniccon_mob/src/serial_motor_demo_msgs' with build type 'ament_cmake'
[14.588s] INFO:colcon.colcon_cmake.task.cmake.build:Building CMake package in '/home/uthman/uniccon_mob/src/serial_motor_demo_msgs'
[14.704s] INFO:colcon.colcon_core.shell:Skip shell extension 'powershell' for command environment: Not usable outside of PowerShell
[14.704s] DEBUG:colcon.colcon_core.shell:Skip shell extension 'dsv' for command environment
[15.220s] INFO:colcon.colcon_ros.task.ament_python.build:Building ROS package in '/home/uthman/uniccon_mob/src/camera_node' with build type 'ament_python'
[15.221s] Level 1:colcon.colcon_core.shell:create_environment_hook('camera_node', 'ament_prefix_path')
[15.329s] INFO:colcon.colcon_core.shell:Creating environment hook '/home/uthman/uniccon_mob/install/camera_node/share/camera_node/hook/ament_prefix_path.ps1'
[15.353s] INFO:colcon.colcon_core.shell:Creating environment descriptor '/home/uthman/uniccon_mob/install/camera_node/share/camera_node/hook/ament_prefix_path.dsv'
[15.355s] INFO:colcon.colcon_core.shell:Creating environment hook '/home/uthman/uniccon_mob/install/camera_node/share/camera_node/hook/ament_prefix_path.sh'
[15.453s] INFO:colcon.colcon_core.shell:Skip shell extension 'powershell' for command environment: Not usable outside of PowerShell
[15.453s] DEBUG:colcon.colcon_core.shell:Skip shell extension 'dsv' for command environment
[15.912s] INFO:colcon.colcon_ros.task.ament_cmake.build:Building ROS package in '/home/uthman/uniccon_mob/src/uniccon_robot' with build type 'ament_cmake'
[15.913s] INFO:colcon.colcon_cmake.task.cmake.build:Building CMake package in '/home/uthman/uniccon_mob/src/uniccon_robot'
[16.015s] INFO:colcon.colcon_core.shell:Skip shell extension 'powershell' for command environment: Not usable outside of PowerShell
[16.015s] DEBUG:colcon.colcon_core.shell:Skip shell extension 'dsv' for command environment
[16.550s] DEBUG:colcon.colcon_core.event_handler.log_command:Invoking command in '/home/uthman/uniccon_mob/build/serial': CMAKE_PREFIX_PATH=${CMAKE_PREFIX_PATH}:/home/uthman/uniccon_mob/install/serial_motor_demo:/home/uthman/uniccon_mob/install/camera_node:/home/uthman/mob_ws/install/serial_motor_demo:/home/uthman/mob_ws/install/arduinobot_py:/home/uthman/ros2_ws/install/my_py_pkg:/opt/ros/humble /usr/bin/cmake --build /home/uthman/uniccon_mob/build/serial -- -j4 -l4
[16.633s] DEBUG:colcon.colcon_core.event_handler.log_command:Invoking command in '/home/uthman/uniccon_mob/build/serial_motor_demo_msgs': CMAKE_PREFIX_PATH=${CMAKE_PREFIX_PATH}:/home/uthman/uniccon_mob/install/serial_motor_demo:/home/uthman/uniccon_mob/install/camera_node:/home/uthman/mob_ws/install/serial_motor_demo:/home/uthman/mob_ws/install/arduinobot_py:/home/uthman/ros2_ws/install/my_py_pkg:/opt/ros/humble /usr/bin/cmake --build /home/uthman/uniccon_mob/build/serial_motor_demo_msgs -- -j4 -l4
[18.205s] INFO:colcon.colcon_core.task.python.build:Building Python package in '/home/uthman/uniccon_mob/src/camera_node'
[18.366s] INFO:colcon.colcon_core.shell:Skip shell extension 'powershell' for command environment: Not usable outside of PowerShell
[18.372s] DEBUG:colcon.colcon_core.shell:Skip shell extension 'dsv' for command environment
[19.332s] DEBUG:colcon.colcon_core.event_handler.log_command:Invoked command in '/home/uthman/uniccon_mob/build/serial' returned '0': CMAKE_PREFIX_PATH=${CMAKE_PREFIX_PATH}:/home/uthman/uniccon_mob/install/serial_motor_demo:/home/uthman/uniccon_mob/install/camera_node:/home/uthman/mob_ws/install/serial_motor_demo:/home/uthman/mob_ws/install/arduinobot_py:/home/uthman/ros2_ws/install/my_py_pkg:/opt/ros/humble /usr/bin/cmake --build /home/uthman/uniccon_mob/build/serial -- -j4 -l4
[19.392s] DEBUG:colcon.colcon_core.event_handler.log_command:Invoking command in '/home/uthman/uniccon_mob/build/uniccon_robot': CMAKE_PREFIX_PATH=${CMAKE_PREFIX_PATH}:/home/uthman/uniccon_mob/install/serial_motor_demo:/home/uthman/uniccon_mob/install/camera_node:/home/uthman/mob_ws/install/serial_motor_demo:/home/uthman/mob_ws/install/arduinobot_py:/home/uthman/ros2_ws/install/my_py_pkg:/opt/ros/humble /usr/bin/cmake --build /home/uthman/uniccon_mob/build/uniccon_robot -- -j4 -l4
[19.862s] DEBUG:colcon.colcon_core.event_handler.log_command:Invoking command in '/home/uthman/uniccon_mob/build/serial': CMAKE_PREFIX_PATH=${CMAKE_PREFIX_PATH}:/home/uthman/uniccon_mob/install/serial_motor_demo:/home/uthman/uniccon_mob/install/camera_node:/home/uthman/mob_ws/install/serial_motor_demo:/home/uthman/mob_ws/install/arduinobot_py:/home/uthman/ros2_ws/install/my_py_pkg:/opt/ros/humble /usr/bin/cmake --install /home/uthman/uniccon_mob/build/serial
[19.889s] DEBUG:colcon.colcon_core.event_handler.log_command:Invoked command in '/home/uthman/uniccon_mob/build/uniccon_robot' returned '0': CMAKE_PREFIX_PATH=${CMAKE_PREFIX_PATH}:/home/uthman/uniccon_mob/install/serial_motor_demo:/home/uthman/uniccon_mob/install/camera_node:/home/uthman/mob_ws/install/serial_motor_demo:/home/uthman/mob_ws/install/arduinobot_py:/home/uthman/ros2_ws/install/my_py_pkg:/opt/ros/humble /usr/bin/cmake --build /home/uthman/uniccon_mob/build/uniccon_robot -- -j4 -l4
[20.067s] DEBUG:colcon.colcon_core.event_handler.log_command:Invoking command in '/home/uthman/uniccon_mob/build/uniccon_robot': CMAKE_PREFIX_PATH=${CMAKE_PREFIX_PATH}:/home/uthman/uniccon_mob/install/serial_motor_demo:/home/uthman/uniccon_mob/install/camera_node:/home/uthman/mob_ws/install/serial_motor_demo:/home/uthman/mob_ws/install/arduinobot_py:/home/uthman/ros2_ws/install/my_py_pkg:/opt/ros/humble /usr/bin/cmake --install /home/uthman/uniccon_mob/build/uniccon_robot
[20.209s] Level 1:colcon.colcon_core.environment:create_environment_scripts_only(uniccon_robot)
[20.217s] DEBUG:colcon.colcon_core.event_handler.log_command:Invoked command in '/home/uthman/uniccon_mob/build/uniccon_robot' returned '0': CMAKE_PREFIX_PATH=${CMAKE_PREFIX_PATH}:/home/uthman/uniccon_mob/install/serial_motor_demo:/home/uthman/uniccon_mob/install/camera_node:/home/uthman/mob_ws/install/serial_motor_demo:/home/uthman/mob_ws/install/arduinobot_py:/home/uthman/ros2_ws/install/my_py_pkg:/opt/ros/humble /usr/bin/cmake --install /home/uthman/uniccon_mob/build/uniccon_robot
[20.740s] Level 1:colcon.colcon_core.environment:checking '/home/uthman/uniccon_mob/install/uniccon_robot' for CMake module files
[20.743s] Level 1:colcon.colcon_core.environment:checking '/home/uthman/uniccon_mob/install/uniccon_robot' for CMake config files
[20.745s] Level 1:colcon.colcon_core.shell:create_environment_hook('uniccon_robot', 'cmake_prefix_path')
[20.903s] INFO:colcon.colcon_core.shell:Creating environment hook '/home/uthman/uniccon_mob/install/uniccon_robot/share/uniccon_robot/hook/cmake_prefix_path.ps1'
[20.905s] INFO:colcon.colcon_core.shell:Creating environment descriptor '/home/uthman/uniccon_mob/install/uniccon_robot/share/uniccon_robot/hook/cmake_prefix_path.dsv'
[20.907s] INFO:colcon.colcon_core.shell:Creating environment hook '/home/uthman/uniccon_mob/install/uniccon_robot/share/uniccon_robot/hook/cmake_prefix_path.sh'
[20.910s] Level 1:colcon.colcon_core.environment:checking '/home/uthman/uniccon_mob/install/uniccon_robot/bin'
[20.911s] Level 1:colcon.colcon_core.environment:checking '/home/uthman/uniccon_mob/install/uniccon_robot/lib/pkgconfig/uniccon_robot.pc'
[20.912s] Level 1:colcon.colcon_core.environment:checking '/home/uthman/uniccon_mob/install/uniccon_robot/lib/python3.10/site-packages'
[20.913s] Level 1:colcon.colcon_core.environment:checking '/home/uthman/uniccon_mob/install/uniccon_robot/bin'
[21.069s] INFO:colcon.colcon_core.shell:Creating package script '/home/uthman/uniccon_mob/install/uniccon_robot/share/uniccon_robot/package.ps1'
[21.102s] INFO:colcon.colcon_core.shell:Creating package descriptor '/home/uthman/uniccon_mob/install/uniccon_robot/share/uniccon_robot/package.dsv'
[21.120s] INFO:colcon.colcon_core.shell:Creating package script '/home/uthman/uniccon_mob/install/uniccon_robot/share/uniccon_robot/package.sh'
[21.124s] INFO:colcon.colcon_core.shell:Creating package script '/home/uthman/uniccon_mob/install/uniccon_robot/share/uniccon_robot/package.bash'
[21.156s] INFO:colcon.colcon_core.shell:Creating package script '/home/uthman/uniccon_mob/install/uniccon_robot/share/uniccon_robot/package.zsh'
[21.171s] Level 1:colcon.colcon_core.environment:create_file_with_runtime_dependencies(/home/uthman/uniccon_mob/install/uniccon_robot/share/colcon-core/packages/uniccon_robot)
[21.182s] Level 1:colcon.colcon_core.environment:create_environment_scripts_only(serial)
[21.192s] DEBUG:colcon.colcon_core.event_handler.log_command:Invoked command in '/home/uthman/uniccon_mob/build/serial' returned '0': CMAKE_PREFIX_PATH=${CMAKE_PREFIX_PATH}:/home/uthman/uniccon_mob/install/serial_motor_demo:/home/uthman/uniccon_mob/install/camera_node:/home/uthman/mob_ws/install/serial_motor_demo:/home/uthman/mob_ws/install/arduinobot_py:/home/uthman/ros2_ws/install/my_py_pkg:/opt/ros/humble /usr/bin/cmake --install /home/uthman/uniccon_mob/build/serial
[21.340s] Level 1:colcon.colcon_core.environment:checking '/home/uthman/uniccon_mob/install/serial' for CMake module files
[21.344s] Level 1:colcon.colcon_core.environment:checking '/home/uthman/uniccon_mob/install/serial' for CMake config files
[21.345s] Level 1:colcon.colcon_core.shell:create_environment_hook('serial', 'cmake_prefix_path')
[21.498s] INFO:colcon.colcon_core.shell:Creating environment hook '/home/uthman/uniccon_mob/install/serial/share/serial/hook/cmake_prefix_path.ps1'
[21.500s] INFO:colcon.colcon_core.shell:Creating environment descriptor '/home/uthman/uniccon_mob/install/serial/share/serial/hook/cmake_prefix_path.dsv'
[21.502s] INFO:colcon.colcon_core.shell:Creating environment hook '/home/uthman/uniccon_mob/install/serial/share/serial/hook/cmake_prefix_path.sh'
[21.505s] Level 1:colcon.colcon_core.environment:checking '/home/uthman/uniccon_mob/install/serial/lib'
[21.506s] Level 1:colcon.colcon_core.environment:checking '/home/uthman/uniccon_mob/install/serial/bin'
[21.507s] Level 1:colcon.colcon_core.environment:checking '/home/uthman/uniccon_mob/install/serial/lib/pkgconfig/serial.pc'
[21.508s] Level 1:colcon.colcon_core.environment:checking '/home/uthman/uniccon_mob/install/serial/lib/python3.10/site-packages'
[21.510s] Level 1:colcon.colcon_core.environment:checking '/home/uthman/uniccon_mob/install/serial/bin'
[21.646s] INFO:colcon.colcon_core.shell:Creating package script '/home/uthman/uniccon_mob/install/serial/share/serial/package.ps1'
[21.648s] INFO:colcon.colcon_core.shell:Creating package descriptor '/home/uthman/uniccon_mob/install/serial/share/serial/package.dsv'
[21.650s] INFO:colcon.colcon_core.shell:Creating package script '/home/uthman/uniccon_mob/install/serial/share/serial/package.sh'
[21.652s] INFO:colcon.colcon_core.shell:Creating package script '/home/uthman/uniccon_mob/install/serial/share/serial/package.bash'
[21.653s] INFO:colcon.colcon_core.shell:Creating package script '/home/uthman/uniccon_mob/install/serial/share/serial/package.zsh'
[21.654s] Level 1:colcon.colcon_core.environment:create_file_with_runtime_dependencies(/home/uthman/uniccon_mob/install/serial/share/colcon-core/packages/serial)
[21.808s] Level 1:colcon.colcon_core.environment:create_environment_scripts_only(uniccon_robot)
[21.912s] Level 1:colcon.colcon_core.environment:checking '/home/uthman/uniccon_mob/install/uniccon_robot' for CMake module files
[21.914s] Level 1:colcon.colcon_core.environment:checking '/home/uthman/uniccon_mob/install/uniccon_robot' for CMake config files
[21.914s] Level 1:colcon.colcon_core.shell:create_environment_hook('uniccon_robot', 'cmake_prefix_path')
[22.060s] INFO:colcon.colcon_core.shell:Creating environment hook '/home/uthman/uniccon_mob/install/uniccon_robot/share/uniccon_robot/hook/cmake_prefix_path.ps1'
[22.061s] INFO:colcon.colcon_core.shell:Creating environment descriptor '/home/uthman/uniccon_mob/install/uniccon_robot/share/uniccon_robot/hook/cmake_prefix_path.dsv'
[22.063s] INFO:colcon.colcon_core.shell:Creating environment hook '/home/uthman/uniccon_mob/install/uniccon_robot/share/uniccon_robot/hook/cmake_prefix_path.sh'
[22.065s] Level 1:colcon.colcon_core.environment:checking '/home/uthman/uniccon_mob/install/uniccon_robot/bin'
[22.065s] Level 1:colcon.colcon_core.environment:checking '/home/uthman/uniccon_mob/install/uniccon_robot/lib/pkgconfig/uniccon_robot.pc'
[22.066s] Level 1:colcon.colcon_core.environment:checking '/home/uthman/uniccon_mob/install/uniccon_robot/lib/python3.10/site-packages'
[22.067s] Level 1:colcon.colcon_core.environment:checking '/home/uthman/uniccon_mob/install/uniccon_robot/bin'
[22.238s] INFO:colcon.colcon_core.shell:Creating package script '/home/uthman/uniccon_mob/install/uniccon_robot/share/uniccon_robot/package.ps1'
[22.241s] INFO:colcon.colcon_core.shell:Creating package descriptor '/home/uthman/uniccon_mob/install/uniccon_robot/share/uniccon_robot/package.dsv'
[22.244s] INFO:colcon.colcon_core.shell:Creating package script '/home/uthman/uniccon_mob/install/uniccon_robot/share/uniccon_robot/package.sh'
[22.247s] INFO:colcon.colcon_core.shell:Creating package script '/home/uthman/uniccon_mob/install/uniccon_robot/share/uniccon_robot/package.bash'
[22.249s] INFO:colcon.colcon_core.shell:Creating package script '/home/uthman/uniccon_mob/install/uniccon_robot/share/uniccon_robot/package.zsh'
[22.250s] Level 1:colcon.colcon_core.environment:create_file_with_runtime_dependencies(/home/uthman/uniccon_mob/install/uniccon_robot/share/colcon-core/packages/uniccon_robot)
[22.254s] INFO:colcon.colcon_ros.task.ament_cmake.build:Building ROS package in '/home/uthman/uniccon_mob/src/ydlidar_ros2_driver-master' with build type 'ament_cmake'
[22.254s] INFO:colcon.colcon_cmake.task.cmake.build:Building CMake package in '/home/uthman/uniccon_mob/src/ydlidar_ros2_driver-master'
[22.412s] INFO:colcon.colcon_core.shell:Skip shell extension 'powershell' for command environment: Not usable outside of PowerShell
[22.412s] DEBUG:colcon.colcon_core.shell:Skip shell extension 'dsv' for command environment
[23.124s] DEBUG:colcon.colcon_core.event_handler.log_command:Invoked command in '/home/uthman/uniccon_mob/build/serial_motor_demo_msgs' returned '0': CMAKE_PREFIX_PATH=${CMAKE_PREFIX_PATH}:/home/uthman/uniccon_mob/install/serial_motor_demo:/home/uthman/uniccon_mob/install/camera_node:/home/uthman/mob_ws/install/serial_motor_demo:/home/uthman/mob_ws/install/arduinobot_py:/home/uthman/ros2_ws/install/my_py_pkg:/opt/ros/humble /usr/bin/cmake --build /home/uthman/uniccon_mob/build/serial_motor_demo_msgs -- -j4 -l4
[23.286s] Level 1:colcon.colcon_core.environment:create_environment_scripts_only(serial)
[23.413s] Level 1:colcon.colcon_core.environment:checking '/home/uthman/uniccon_mob/install/serial' for CMake module files
[23.416s] Level 1:colcon.colcon_core.environment:checking '/home/uthman/uniccon_mob/install/serial' for CMake config files
[23.418s] Level 1:colcon.colcon_core.shell:create_environment_hook('serial', 'cmake_prefix_path')
[23.569s] INFO:colcon.colcon_core.shell:Creating environment hook '/home/uthman/uniccon_mob/install/serial/share/serial/hook/cmake_prefix_path.ps1'
[23.571s] INFO:colcon.colcon_core.shell:Creating environment descriptor '/home/uthman/uniccon_mob/install/serial/share/serial/hook/cmake_prefix_path.dsv'
[23.573s] INFO:colcon.colcon_core.shell:Creating environment hook '/home/uthman/uniccon_mob/install/serial/share/serial/hook/cmake_prefix_path.sh'
[23.576s] Level 1:colcon.colcon_core.environment:checking '/home/uthman/uniccon_mob/install/serial/lib'
[23.577s] Level 1:colcon.colcon_core.environment:checking '/home/uthman/uniccon_mob/install/serial/bin'
[23.577s] Level 1:colcon.colcon_core.environment:checking '/home/uthman/uniccon_mob/install/serial/lib/pkgconfig/serial.pc'
[23.579s] Level 1:colcon.colcon_core.environment:checking '/home/uthman/uniccon_mob/install/serial/lib/python3.10/site-packages'
[23.581s] Level 1:colcon.colcon_core.environment:checking '/home/uthman/uniccon_mob/install/serial/bin'
[23.723s] INFO:colcon.colcon_core.shell:Creating package script '/home/uthman/uniccon_mob/install/serial/share/serial/package.ps1'
[23.726s] INFO:colcon.colcon_core.shell:Creating package descriptor '/home/uthman/uniccon_mob/install/serial/share/serial/package.dsv'
[23.729s] INFO:colcon.colcon_core.shell:Creating package script '/home/uthman/uniccon_mob/install/serial/share/serial/package.sh'
[23.731s] INFO:colcon.colcon_core.shell:Creating package script '/home/uthman/uniccon_mob/install/serial/share/serial/package.bash'
[23.733s] INFO:colcon.colcon_core.shell:Creating package script '/home/uthman/uniccon_mob/install/serial/share/serial/package.zsh'
[23.734s] Level 1:colcon.colcon_core.environment:create_file_with_runtime_dependencies(/home/uthman/uniccon_mob/install/serial/share/colcon-core/packages/serial)
[23.740s] INFO:colcon.colcon_ros.task.ament_cmake.build:Building ROS package in '/home/uthman/uniccon_mob/src/diffdrive_arduino' with build type 'ament_cmake'
[23.741s] INFO:colcon.colcon_cmake.task.cmake.build:Building CMake package in '/home/uthman/uniccon_mob/src/diffdrive_arduino'
[23.897s] INFO:colcon.colcon_core.shell:Skip shell extension 'powershell' for command environment: Not usable outside of PowerShell
[23.897s] DEBUG:colcon.colcon_core.shell:Skip shell extension 'dsv' for command environment
[24.561s] DEBUG:colcon.colcon_core.event_handler.log_command:Invoking command in '/home/uthman/uniccon_mob/build/ydlidar_ros2_driver': CMAKE_PREFIX_PATH=${CMAKE_PREFIX_PATH}:/home/uthman/uniccon_mob/install/serial_motor_demo:/home/uthman/uniccon_mob/install/camera_node:/home/uthman/mob_ws/install/serial_motor_demo:/home/uthman/mob_ws/install/arduinobot_py:/home/uthman/ros2_ws/install/my_py_pkg:/opt/ros/humble /usr/bin/cmake --build /home/uthman/uniccon_mob/build/ydlidar_ros2_driver -- -j4 -l4
[24.564s] DEBUG:colcon.colcon_core.event_handler.log_command:Invoking command in '/home/uthman/uniccon_mob/build/serial_motor_demo_msgs': CMAKE_PREFIX_PATH=${CMAKE_PREFIX_PATH}:/home/uthman/uniccon_mob/install/serial_motor_demo:/home/uthman/uniccon_mob/install/camera_node:/home/uthman/mob_ws/install/serial_motor_demo:/home/uthman/mob_ws/install/arduinobot_py:/home/uthman/ros2_ws/install/my_py_pkg:/opt/ros/humble /usr/bin/cmake --install /home/uthman/uniccon_mob/build/serial_motor_demo_msgs
[24.571s] DEBUG:colcon.colcon_core.event_handler.log_command:Invoking command in '/home/uthman/uniccon_mob/src/camera_node': PYTHONPATH=/home/uthman/uniccon_mob/build/camera_node/prefix_override:/home/uthman/uniccon_mob/install/camera_node/lib/python3.10/site-packages:${PYTHONPATH} /usr/bin/python3 setup.py egg_info --egg-base ../../build/camera_node build --build-base /home/uthman/uniccon_mob/build/camera_node/build install --record /home/uthman/uniccon_mob/build/camera_node/install.log --single-version-externally-managed
[24.648s] DEBUG:colcon.colcon_core.event_handler.log_command:Invoking command in '/home/uthman/uniccon_mob/build/diffdrive_arduino': CMAKE_PREFIX_PATH=/home/uthman/uniccon_mob/install/serial:/home/uthman/uniccon_mob/install/ydlidar_ros2_driver:/home/uthman/uniccon_mob/install/uniccon_robot:/home/uthman/uniccon_mob/install/serial_motor_demo_msgs:/home/uthman/uniccon_mob/install/diffdrive_arduino:/home/uthman/mob_ws/install/ydlidar_ros2_driver:/home/uthman/mob_ws/install/slam_gmapping:/home/uthman/mob_ws/install/serial_motor_demo_msgs:/home/uthman/mob_ws/install/diffdrive_arduino:/home/uthman/mob_ws/install/serial:/home/uthman/mob_ws/install/rf2o_laser_odometry:/home/uthman/mob_ws/install/openslam_gmapping:/home/uthman/mob_ws/install/my_robot:/home/uthman/mob_ws/install/arduinobot_moveit:/home/uthman/mob_ws/install/arduinobot_description:/home/uthman/mob_ws/install/arduinobot_cpp:/home/uthman/mob_ws/install/arduinobot_controller:/home/uthman/ros2_ws/install/my_cpp_pkg:/home/uthman/uniccon_mob/install/serial_motor_demo:/home/uthman/uniccon_mob/install/camera_node:/home/uthman/mob_ws/install/serial_motor_demo:/home/uthman/mob_ws/install/arduinobot_py:/home/uthman/ros2_ws/install/my_py_pkg:/opt/ros/humble /usr/bin/cmake --build /home/uthman/uniccon_mob/build/diffdrive_arduino -- -j4 -l4
[26.079s] DEBUG:colcon.colcon_core.event_handler.log_command:Invoked command in '/home/uthman/uniccon_mob/build/diffdrive_arduino' returned '0': CMAKE_PREFIX_PATH=/home/uthman/uniccon_mob/install/serial:/home/uthman/uniccon_mob/install/ydlidar_ros2_driver:/home/uthman/uniccon_mob/install/uniccon_robot:/home/uthman/uniccon_mob/install/serial_motor_demo_msgs:/home/uthman/uniccon_mob/install/diffdrive_arduino:/home/uthman/mob_ws/install/ydlidar_ros2_driver:/home/uthman/mob_ws/install/slam_gmapping:/home/uthman/mob_ws/install/serial_motor_demo_msgs:/home/uthman/mob_ws/install/diffdrive_arduino:/home/uthman/mob_ws/install/serial:/home/uthman/mob_ws/install/rf2o_laser_odometry:/home/uthman/mob_ws/install/openslam_gmapping:/home/uthman/mob_ws/install/my_robot:/home/uthman/mob_ws/install/arduinobot_moveit:/home/uthman/mob_ws/install/arduinobot_description:/home/uthman/mob_ws/install/arduinobot_cpp:/home/uthman/mob_ws/install/arduinobot_controller:/home/uthman/ros2_ws/install/my_cpp_pkg:/home/uthman/uniccon_mob/install/serial_motor_demo:/home/uthman/uniccon_mob/install/camera_node:/home/uthman/mob_ws/install/serial_motor_demo:/home/uthman/mob_ws/install/arduinobot_py:/home/uthman/ros2_ws/install/my_py_pkg:/opt/ros/humble /usr/bin/cmake --build /home/uthman/uniccon_mob/build/diffdrive_arduino -- -j4 -l4
[26.100s] DEBUG:colcon.colcon_core.event_handler.log_command:Invoked command in '/home/uthman/uniccon_mob/build/ydlidar_ros2_driver' returned '0': CMAKE_PREFIX_PATH=${CMAKE_PREFIX_PATH}:/home/uthman/uniccon_mob/install/serial_motor_demo:/home/uthman/uniccon_mob/install/camera_node:/home/uthman/mob_ws/install/serial_motor_demo:/home/uthman/mob_ws/install/arduinobot_py:/home/uthman/ros2_ws/install/my_py_pkg:/opt/ros/humble /usr/bin/cmake --build /home/uthman/uniccon_mob/build/ydlidar_ros2_driver -- -j4 -l4
[26.265s] Level 1:colcon.colcon_core.environment:create_environment_scripts_only(serial_motor_demo_msgs)
[26.283s] DEBUG:colcon.colcon_core.event_handler.log_command:Invoked command in '/home/uthman/uniccon_mob/build/serial_motor_demo_msgs' returned '0': CMAKE_PREFIX_PATH=${CMAKE_PREFIX_PATH}:/home/uthman/uniccon_mob/install/serial_motor_demo:/home/uthman/uniccon_mob/install/camera_node:/home/uthman/mob_ws/install/serial_motor_demo:/home/uthman/mob_ws/install/arduinobot_py:/home/uthman/ros2_ws/install/my_py_pkg:/opt/ros/humble /usr/bin/cmake --install /home/uthman/uniccon_mob/build/serial_motor_demo_msgs
[26.460s] Level 1:colcon.colcon_core.environment:checking '/home/uthman/uniccon_mob/install/serial_motor_demo_msgs' for CMake module files
[26.465s] Level 1:colcon.colcon_core.environment:checking '/home/uthman/uniccon_mob/install/serial_motor_demo_msgs' for CMake config files
[26.467s] Level 1:colcon.colcon_core.shell:create_environment_hook('serial_motor_demo_msgs', 'cmake_prefix_path')
[26.582s] INFO:colcon.colcon_core.shell:Creating environment hook '/home/uthman/uniccon_mob/install/serial_motor_demo_msgs/share/serial_motor_demo_msgs/hook/cmake_prefix_path.ps1'
[26.584s] INFO:colcon.colcon_core.shell:Creating environment descriptor '/home/uthman/uniccon_mob/install/serial_motor_demo_msgs/share/serial_motor_demo_msgs/hook/cmake_prefix_path.dsv'
[26.585s] INFO:colcon.colcon_core.shell:Creating environment hook '/home/uthman/uniccon_mob/install/serial_motor_demo_msgs/share/serial_motor_demo_msgs/hook/cmake_prefix_path.sh'
[26.587s] Level 1:colcon.colcon_core.environment:checking '/home/uthman/uniccon_mob/install/serial_motor_demo_msgs/lib'
[26.587s] Level 1:colcon.colcon_core.shell:create_environment_hook('serial_motor_demo_msgs', 'ld_library_path_lib')
[26.684s] INFO:colcon.colcon_core.shell:Creating environment hook '/home/uthman/uniccon_mob/install/serial_motor_demo_msgs/share/serial_motor_demo_msgs/hook/ld_library_path_lib.ps1'
[26.686s] INFO:colcon.colcon_core.shell:Creating environment descriptor '/home/uthman/uniccon_mob/install/serial_motor_demo_msgs/share/serial_motor_demo_msgs/hook/ld_library_path_lib.dsv'
[26.687s] INFO:colcon.colcon_core.shell:Creating environment hook '/home/uthman/uniccon_mob/install/serial_motor_demo_msgs/share/serial_motor_demo_msgs/hook/ld_library_path_lib.sh'
[26.688s] Level 1:colcon.colcon_core.environment:checking '/home/uthman/uniccon_mob/install/serial_motor_demo_msgs/bin'
[26.689s] Level 1:colcon.colcon_core.environment:checking '/home/uthman/uniccon_mob/install/serial_motor_demo_msgs/lib/pkgconfig/serial_motor_demo_msgs.pc'
[26.690s] Level 1:colcon.colcon_core.environment:checking '/home/uthman/uniccon_mob/install/serial_motor_demo_msgs/lib/python3.10/site-packages'
[26.691s] Level 1:colcon.colcon_core.environment:checking '/home/uthman/uniccon_mob/install/serial_motor_demo_msgs/bin'
[26.783s] INFO:colcon.colcon_core.shell:Creating package script '/home/uthman/uniccon_mob/install/serial_motor_demo_msgs/share/serial_motor_demo_msgs/package.ps1'
[26.785s] INFO:colcon.colcon_core.shell:Creating package descriptor '/home/uthman/uniccon_mob/install/serial_motor_demo_msgs/share/serial_motor_demo_msgs/package.dsv'
[26.787s] INFO:colcon.colcon_core.shell:Creating package script '/home/uthman/uniccon_mob/install/serial_motor_demo_msgs/share/serial_motor_demo_msgs/package.sh'
[26.788s] INFO:colcon.colcon_core.shell:Creating package script '/home/uthman/uniccon_mob/install/serial_motor_demo_msgs/share/serial_motor_demo_msgs/package.bash'
[26.789s] INFO:colcon.colcon_core.shell:Creating package script '/home/uthman/uniccon_mob/install/serial_motor_demo_msgs/share/serial_motor_demo_msgs/package.zsh'
[26.791s] Level 1:colcon.colcon_core.environment:create_file_with_runtime_dependencies(/home/uthman/uniccon_mob/install/serial_motor_demo_msgs/share/colcon-core/packages/serial_motor_demo_msgs)
[26.802s] DEBUG:colcon.colcon_core.event_handler.log_command:Invoking command in '/home/uthman/uniccon_mob/build/ydlidar_ros2_driver': CMAKE_PREFIX_PATH=${CMAKE_PREFIX_PATH}:/home/uthman/uniccon_mob/install/serial_motor_demo:/home/uthman/uniccon_mob/install/camera_node:/home/uthman/mob_ws/install/serial_motor_demo:/home/uthman/mob_ws/install/arduinobot_py:/home/uthman/ros2_ws/install/my_py_pkg:/opt/ros/humble /usr/bin/cmake --install /home/uthman/uniccon_mob/build/ydlidar_ros2_driver
[26.816s] DEBUG:colcon.colcon_core.event_handler.log_command:Invoking command in '/home/uthman/uniccon_mob/build/diffdrive_arduino': CMAKE_PREFIX_PATH=/home/uthman/uniccon_mob/install/serial:/home/uthman/uniccon_mob/install/ydlidar_ros2_driver:/home/uthman/uniccon_mob/install/uniccon_robot:/home/uthman/uniccon_mob/install/serial_motor_demo_msgs:/home/uthman/uniccon_mob/install/diffdrive_arduino:/home/uthman/mob_ws/install/ydlidar_ros2_driver:/home/uthman/mob_ws/install/slam_gmapping:/home/uthman/mob_ws/install/serial_motor_demo_msgs:/home/uthman/mob_ws/install/diffdrive_arduino:/home/uthman/mob_ws/install/serial:/home/uthman/mob_ws/install/rf2o_laser_odometry:/home/uthman/mob_ws/install/openslam_gmapping:/home/uthman/mob_ws/install/my_robot:/home/uthman/mob_ws/install/arduinobot_moveit:/home/uthman/mob_ws/install/arduinobot_description:/home/uthman/mob_ws/install/arduinobot_cpp:/home/uthman/mob_ws/install/arduinobot_controller:/home/uthman/ros2_ws/install/my_cpp_pkg:/home/uthman/uniccon_mob/install/serial_motor_demo:/home/uthman/uniccon_mob/install/camera_node:/home/uthman/mob_ws/install/serial_motor_demo:/home/uthman/mob_ws/install/arduinobot_py:/home/uthman/ros2_ws/install/my_py_pkg:/opt/ros/humble /usr/bin/cmake --install /home/uthman/uniccon_mob/build/diffdrive_arduino
[27.038s] Level 1:colcon.colcon_core.environment:create_environment_scripts_only(diffdrive_arduino)
[27.098s] DEBUG:colcon.colcon_core.event_handler.log_command:Invoked command in '/home/uthman/uniccon_mob/build/diffdrive_arduino' returned '0': CMAKE_PREFIX_PATH=/home/uthman/uniccon_mob/install/serial:/home/uthman/uniccon_mob/install/ydlidar_ros2_driver:/home/uthman/uniccon_mob/install/uniccon_robot:/home/uthman/uniccon_mob/install/serial_motor_demo_msgs:/home/uthman/uniccon_mob/install/diffdrive_arduino:/home/uthman/mob_ws/install/ydlidar_ros2_driver:/home/uthman/mob_ws/install/slam_gmapping:/home/uthman/mob_ws/install/serial_motor_demo_msgs:/home/uthman/mob_ws/install/diffdrive_arduino:/home/uthman/mob_ws/install/serial:/home/uthman/mob_ws/install/rf2o_laser_odometry:/home/uthman/mob_ws/install/openslam_gmapping:/home/uthman/mob_ws/install/my_robot:/home/uthman/mob_ws/install/arduinobot_moveit:/home/uthman/mob_ws/install/arduinobot_description:/home/uthman/mob_ws/install/arduinobot_cpp:/home/uthman/mob_ws/install/arduinobot_controller:/home/uthman/ros2_ws/install/my_cpp_pkg:/home/uthman/uniccon_mob/install/serial_motor_demo:/home/uthman/uniccon_mob/install/camera_node:/home/uthman/mob_ws/install/serial_motor_demo:/home/uthman/mob_ws/install/arduinobot_py:/home/uthman/ros2_ws/install/my_py_pkg:/opt/ros/humble /usr/bin/cmake --install /home/uthman/uniccon_mob/build/diffdrive_arduino
[27.324s] Level 1:colcon.colcon_core.environment:checking '/home/uthman/uniccon_mob/install/diffdrive_arduino' for CMake module files
[27.329s] Level 1:colcon.colcon_core.environment:checking '/home/uthman/uniccon_mob/install/diffdrive_arduino' for CMake config files
[27.332s] Level 1:colcon.colcon_core.shell:create_environment_hook('diffdrive_arduino', 'cmake_prefix_path')
[27.546s] INFO:colcon.colcon_core.shell:Creating environment hook '/home/uthman/uniccon_mob/install/diffdrive_arduino/share/diffdrive_arduino/hook/cmake_prefix_path.ps1'
[27.548s] INFO:colcon.colcon_core.shell:Creating environment descriptor '/home/uthman/uniccon_mob/install/diffdrive_arduino/share/diffdrive_arduino/hook/cmake_prefix_path.dsv'
[27.550s] INFO:colcon.colcon_core.shell:Creating environment hook '/home/uthman/uniccon_mob/install/diffdrive_arduino/share/diffdrive_arduino/hook/cmake_prefix_path.sh'
[27.553s] Level 1:colcon.colcon_core.environment:checking '/home/uthman/uniccon_mob/install/diffdrive_arduino/lib'
[27.553s] Level 1:colcon.colcon_core.shell:create_environment_hook('diffdrive_arduino', 'ld_library_path_lib')
[27.737s] INFO:colcon.colcon_core.shell:Creating environment hook '/home/uthman/uniccon_mob/install/diffdrive_arduino/share/diffdrive_arduino/hook/ld_library_path_lib.ps1'
[27.741s] INFO:colcon.colcon_core.shell:Creating environment descriptor '/home/uthman/uniccon_mob/install/diffdrive_arduino/share/diffdrive_arduino/hook/ld_library_path_lib.dsv'
[27.742s] INFO:colcon.colcon_core.shell:Creating environment hook '/home/uthman/uniccon_mob/install/diffdrive_arduino/share/diffdrive_arduino/hook/ld_library_path_lib.sh'
[27.745s] Level 1:colcon.colcon_core.environment:checking '/home/uthman/uniccon_mob/install/diffdrive_arduino/bin'
[27.745s] Level 1:colcon.colcon_core.environment:checking '/home/uthman/uniccon_mob/install/diffdrive_arduino/lib/pkgconfig/diffdrive_arduino.pc'
[27.746s] Level 1:colcon.colcon_core.environment:checking '/home/uthman/uniccon_mob/install/diffdrive_arduino/lib/python3.10/site-packages'
[27.747s] Level 1:colcon.colcon_core.environment:checking '/home/uthman/uniccon_mob/install/diffdrive_arduino/bin'
[27.868s] INFO:colcon.colcon_core.shell:Creating package script '/home/uthman/uniccon_mob/install/diffdrive_arduino/share/diffdrive_arduino/package.ps1'
[27.870s] INFO:colcon.colcon_core.shell:Creating package descriptor '/home/uthman/uniccon_mob/install/diffdrive_arduino/share/diffdrive_arduino/package.dsv'
[27.872s] INFO:colcon.colcon_core.shell:Creating package script '/home/uthman/uniccon_mob/install/diffdrive_arduino/share/diffdrive_arduino/package.sh'
[27.874s] INFO:colcon.colcon_core.shell:Creating package script '/home/uthman/uniccon_mob/install/diffdrive_arduino/share/diffdrive_arduino/package.bash'
[27.876s] INFO:colcon.colcon_core.shell:Creating package script '/home/uthman/uniccon_mob/install/diffdrive_arduino/share/diffdrive_arduino/package.zsh'
[27.877s] Level 1:colcon.colcon_core.environment:create_file_with_runtime_dependencies(/home/uthman/uniccon_mob/install/diffdrive_arduino/share/colcon-core/packages/diffdrive_arduino)
[28.070s] Level 1:colcon.colcon_core.environment:create_environment_scripts_only(serial_motor_demo_msgs)
[28.259s] Level 1:colcon.colcon_core.environment:checking '/home/uthman/uniccon_mob/install/serial_motor_demo_msgs' for CMake module files
[28.263s] Level 1:colcon.colcon_core.environment:checking '/home/uthman/uniccon_mob/install/serial_motor_demo_msgs' for CMake config files
[28.266s] Level 1:colcon.colcon_core.shell:create_environment_hook('serial_motor_demo_msgs', 'cmake_prefix_path')
[28.387s] INFO:colcon.colcon_core.shell:Creating environment hook '/home/uthman/uniccon_mob/install/serial_motor_demo_msgs/share/serial_motor_demo_msgs/hook/cmake_prefix_path.ps1'
[28.389s] INFO:colcon.colcon_core.shell:Creating environment descriptor '/home/uthman/uniccon_mob/install/serial_motor_demo_msgs/share/serial_motor_demo_msgs/hook/cmake_prefix_path.dsv'
[28.391s] INFO:colcon.colcon_core.shell:Creating environment hook '/home/uthman/uniccon_mob/install/serial_motor_demo_msgs/share/serial_motor_demo_msgs/hook/cmake_prefix_path.sh'
[28.394s] Level 1:colcon.colcon_core.environment:checking '/home/uthman/uniccon_mob/install/serial_motor_demo_msgs/lib'
[28.395s] Level 1:colcon.colcon_core.shell:create_environment_hook('serial_motor_demo_msgs', 'ld_library_path_lib')
[28.548s] INFO:colcon.colcon_core.shell:Creating environment hook '/home/uthman/uniccon_mob/install/serial_motor_demo_msgs/share/serial_motor_demo_msgs/hook/ld_library_path_lib.ps1'
[28.550s] INFO:colcon.colcon_core.shell:Creating environment descriptor '/home/uthman/uniccon_mob/install/serial_motor_demo_msgs/share/serial_motor_demo_msgs/hook/ld_library_path_lib.dsv'
[28.552s] INFO:colcon.colcon_core.shell:Creating environment hook '/home/uthman/uniccon_mob/install/serial_motor_demo_msgs/share/serial_motor_demo_msgs/hook/ld_library_path_lib.sh'
[28.555s] Level 1:colcon.colcon_core.environment:checking '/home/uthman/uniccon_mob/install/serial_motor_demo_msgs/bin'
[28.555s] Level 1:colcon.colcon_core.environment:checking '/home/uthman/uniccon_mob/install/serial_motor_demo_msgs/lib/pkgconfig/serial_motor_demo_msgs.pc'
[28.557s] Level 1:colcon.colcon_core.environment:checking '/home/uthman/uniccon_mob/install/serial_motor_demo_msgs/lib/python3.10/site-packages'
[28.558s] Level 1:colcon.colcon_core.environment:checking '/home/uthman/uniccon_mob/install/serial_motor_demo_msgs/bin'
[28.659s] INFO:colcon.colcon_core.shell:Creating package script '/home/uthman/uniccon_mob/install/serial_motor_demo_msgs/share/serial_motor_demo_msgs/package.ps1'
[28.660s] INFO:colcon.colcon_core.shell:Creating package descriptor '/home/uthman/uniccon_mob/install/serial_motor_demo_msgs/share/serial_motor_demo_msgs/package.dsv'
[28.662s] INFO:colcon.colcon_core.shell:Creating package script '/home/uthman/uniccon_mob/install/serial_motor_demo_msgs/share/serial_motor_demo_msgs/package.sh'
[28.663s] INFO:colcon.colcon_core.shell:Creating package script '/home/uthman/uniccon_mob/install/serial_motor_demo_msgs/share/serial_motor_demo_msgs/package.bash'
[28.664s] INFO:colcon.colcon_core.shell:Creating package script '/home/uthman/uniccon_mob/install/serial_motor_demo_msgs/share/serial_motor_demo_msgs/package.zsh'
[28.665s] Level 1:colcon.colcon_core.environment:create_file_with_runtime_dependencies(/home/uthman/uniccon_mob/install/serial_motor_demo_msgs/share/colcon-core/packages/serial_motor_demo_msgs)
[28.666s] Level 1:colcon.colcon_core.environment:create_environment_scripts_only(ydlidar_ros2_driver)
[28.670s] DEBUG:colcon.colcon_core.event_handler.log_command:Invoked command in '/home/uthman/uniccon_mob/build/ydlidar_ros2_driver' returned '0': CMAKE_PREFIX_PATH=${CMAKE_PREFIX_PATH}:/home/uthman/uniccon_mob/install/serial_motor_demo:/home/uthman/uniccon_mob/install/camera_node:/home/uthman/mob_ws/install/serial_motor_demo:/home/uthman/mob_ws/install/arduinobot_py:/home/uthman/ros2_ws/install/my_py_pkg:/opt/ros/humble /usr/bin/cmake --install /home/uthman/uniccon_mob/build/ydlidar_ros2_driver
[28.744s] Level 1:colcon.colcon_core.environment:checking '/home/uthman/uniccon_mob/install/ydlidar_ros2_driver' for CMake module files
[28.746s] Level 1:colcon.colcon_core.environment:checking '/home/uthman/uniccon_mob/install/ydlidar_ros2_driver' for CMake config files
[28.747s] Level 1:colcon.colcon_core.shell:create_environment_hook('ydlidar_ros2_driver', 'cmake_prefix_path')
[28.832s] INFO:colcon.colcon_core.shell:Creating environment hook '/home/uthman/uniccon_mob/install/ydlidar_ros2_driver/share/ydlidar_ros2_driver/hook/cmake_prefix_path.ps1'
[28.833s] INFO:colcon.colcon_core.shell:Creating environment descriptor '/home/uthman/uniccon_mob/install/ydlidar_ros2_driver/share/ydlidar_ros2_driver/hook/cmake_prefix_path.dsv'
[28.834s] INFO:colcon.colcon_core.shell:Creating environment hook '/home/uthman/uniccon_mob/install/ydlidar_ros2_driver/share/ydlidar_ros2_driver/hook/cmake_prefix_path.sh'
[28.836s] Level 1:colcon.colcon_core.environment:checking '/home/uthman/uniccon_mob/install/ydlidar_ros2_driver/lib'
[28.836s] Level 1:colcon.colcon_core.environment:checking '/home/uthman/uniccon_mob/install/ydlidar_ros2_driver/bin'
[28.836s] Level 1:colcon.colcon_core.environment:checking '/home/uthman/uniccon_mob/install/ydlidar_ros2_driver/lib/pkgconfig/ydlidar_ros2_driver.pc'
[28.837s] Level 1:colcon.colcon_core.environment:checking '/home/uthman/uniccon_mob/install/ydlidar_ros2_driver/lib/python3.10/site-packages'
[28.838s] Level 1:colcon.colcon_core.environment:checking '/home/uthman/uniccon_mob/install/ydlidar_ros2_driver/bin'
[28.918s] INFO:colcon.colcon_core.shell:Creating package script '/home/uthman/uniccon_mob/install/ydlidar_ros2_driver/share/ydlidar_ros2_driver/package.ps1'
[28.921s] INFO:colcon.colcon_core.shell:Creating package descriptor '/home/uthman/uniccon_mob/install/ydlidar_ros2_driver/share/ydlidar_ros2_driver/package.dsv'
[28.923s] INFO:colcon.colcon_core.shell:Creating package script '/home/uthman/uniccon_mob/install/ydlidar_ros2_driver/share/ydlidar_ros2_driver/package.sh'
[28.925s] INFO:colcon.colcon_core.shell:Creating package script '/home/uthman/uniccon_mob/install/ydlidar_ros2_driver/share/ydlidar_ros2_driver/package.bash'
[28.927s] INFO:colcon.colcon_core.shell:Creating package script '/home/uthman/uniccon_mob/install/ydlidar_ros2_driver/share/ydlidar_ros2_driver/package.zsh'
[28.929s] Level 1:colcon.colcon_core.environment:create_file_with_runtime_dependencies(/home/uthman/uniccon_mob/install/ydlidar_ros2_driver/share/colcon-core/packages/ydlidar_ros2_driver)
[28.935s] INFO:colcon.colcon_ros.task.ament_python.build:Building ROS package in '/home/uthman/uniccon_mob/src/serial_motor_demo' with build type 'ament_python'
[28.936s] Level 1:colcon.colcon_core.shell:create_environment_hook('serial_motor_demo', 'ament_prefix_path')
[29.067s] INFO:colcon.colcon_core.shell:Creating environment hook '/home/uthman/uniccon_mob/install/serial_motor_demo/share/serial_motor_demo/hook/ament_prefix_path.ps1'
[29.069s] INFO:colcon.colcon_core.shell:Creating environment descriptor '/home/uthman/uniccon_mob/install/serial_motor_demo/share/serial_motor_demo/hook/ament_prefix_path.dsv'
[29.071s] INFO:colcon.colcon_core.shell:Creating environment hook '/home/uthman/uniccon_mob/install/serial_motor_demo/share/serial_motor_demo/hook/ament_prefix_path.sh'
[29.242s] INFO:colcon.colcon_core.shell:Skip shell extension 'powershell' for command environment: Not usable outside of PowerShell
[29.243s] DEBUG:colcon.colcon_core.shell:Skip shell extension 'dsv' for command environment
[30.008s] DEBUG:colcon.colcon_core.event_handler.log_command:Invoked command in '/home/uthman/uniccon_mob/src/camera_node' returned '0': PYTHONPATH=/home/uthman/uniccon_mob/build/camera_node/prefix_override:/home/uthman/uniccon_mob/install/camera_node/lib/python3.10/site-packages:${PYTHONPATH} /usr/bin/python3 setup.py egg_info --egg-base ../../build/camera_node build --build-base /home/uthman/uniccon_mob/build/camera_node/build install --record /home/uthman/uniccon_mob/build/camera_node/install.log --single-version-externally-managed
[30.139s] Level 1:colcon.colcon_core.environment:checking '/home/uthman/uniccon_mob/install/camera_node' for CMake module files
[30.141s] Level 1:colcon.colcon_core.environment:checking '/home/uthman/uniccon_mob/install/camera_node' for CMake config files
[30.144s] Level 1:colcon.colcon_core.environment:checking '/home/uthman/uniccon_mob/install/camera_node/lib'
[30.145s] Level 1:colcon.colcon_core.environment:checking '/home/uthman/uniccon_mob/install/camera_node/bin'
[30.145s] Level 1:colcon.colcon_core.environment:checking '/home/uthman/uniccon_mob/install/camera_node/lib/pkgconfig/camera_node.pc'
[30.146s] Level 1:colcon.colcon_core.environment:checking '/home/uthman/uniccon_mob/install/camera_node/lib/python3.10/site-packages'
[30.146s] Level 1:colcon.colcon_core.shell:create_environment_hook('camera_node', 'pythonpath')
[30.257s] INFO:colcon.colcon_core.shell:Creating environment hook '/home/uthman/uniccon_mob/install/camera_node/share/camera_node/hook/pythonpath.ps1'
[30.259s] INFO:colcon.colcon_core.shell:Creating environment descriptor '/home/uthman/uniccon_mob/install/camera_node/share/camera_node/hook/pythonpath.dsv'
[30.261s] INFO:colcon.colcon_core.shell:Creating environment hook '/home/uthman/uniccon_mob/install/camera_node/share/camera_node/hook/pythonpath.sh'
[30.263s] Level 1:colcon.colcon_core.environment:checking '/home/uthman/uniccon_mob/install/camera_node/bin'
[30.263s] Level 1:colcon.colcon_core.environment:create_environment_scripts_only(camera_node)
[30.401s] INFO:colcon.colcon_core.shell:Creating package script '/home/uthman/uniccon_mob/install/camera_node/share/camera_node/package.ps1'
[30.404s] INFO:colcon.colcon_core.shell:Creating package descriptor '/home/uthman/uniccon_mob/install/camera_node/share/camera_node/package.dsv'
[30.406s] INFO:colcon.colcon_core.shell:Creating package script '/home/uthman/uniccon_mob/install/camera_node/share/camera_node/package.sh'
[30.409s] INFO:colcon.colcon_core.shell:Creating package script '/home/uthman/uniccon_mob/install/camera_node/share/camera_node/package.bash'
[30.411s] INFO:colcon.colcon_core.shell:Creating package script '/home/uthman/uniccon_mob/install/camera_node/share/camera_node/package.zsh'
[30.412s] Level 1:colcon.colcon_core.environment:create_file_with_runtime_dependencies(/home/uthman/uniccon_mob/install/camera_node/share/colcon-core/packages/camera_node)
[30.545s] Level 1:colcon.colcon_core.environment:create_environment_scripts_only(diffdrive_arduino)
[30.676s] Level 1:colcon.colcon_core.environment:checking '/home/uthman/uniccon_mob/install/diffdrive_arduino' for CMake module files
[30.679s] Level 1:colcon.colcon_core.environment:checking '/home/uthman/uniccon_mob/install/diffdrive_arduino' for CMake config files
[30.682s] Level 1:colcon.colcon_core.shell:create_environment_hook('diffdrive_arduino', 'cmake_prefix_path')
[30.810s] INFO:colcon.colcon_core.shell:Creating environment hook '/home/uthman/uniccon_mob/install/diffdrive_arduino/share/diffdrive_arduino/hook/cmake_prefix_path.ps1'
[30.812s] INFO:colcon.colcon_core.shell:Creating environment descriptor '/home/uthman/uniccon_mob/install/diffdrive_arduino/share/diffdrive_arduino/hook/cmake_prefix_path.dsv'
[30.813s] INFO:colcon.colcon_core.shell:Creating environment hook '/home/uthman/uniccon_mob/install/diffdrive_arduino/share/diffdrive_arduino/hook/cmake_prefix_path.sh'
[30.815s] Level 1:colcon.colcon_core.environment:checking '/home/uthman/uniccon_mob/install/diffdrive_arduino/lib'
[30.816s] Level 1:colcon.colcon_core.shell:create_environment_hook('diffdrive_arduino', 'ld_library_path_lib')
[30.931s] INFO:colcon.colcon_core.shell:Creating environment hook '/home/uthman/uniccon_mob/install/diffdrive_arduino/share/diffdrive_arduino/hook/ld_library_path_lib.ps1'
[30.933s] INFO:colcon.colcon_core.shell:Creating environment descriptor '/home/uthman/uniccon_mob/install/diffdrive_arduino/share/diffdrive_arduino/hook/ld_library_path_lib.dsv'
[30.934s] INFO:colcon.colcon_core.shell:Creating environment hook '/home/uthman/uniccon_mob/install/diffdrive_arduino/share/diffdrive_arduino/hook/ld_library_path_lib.sh'
[30.935s] Level 1:colcon.colcon_core.environment:checking '/home/uthman/uniccon_mob/install/diffdrive_arduino/bin'
[30.935s] Level 1:colcon.colcon_core.environment:checking '/home/uthman/uniccon_mob/install/diffdrive_arduino/lib/pkgconfig/diffdrive_arduino.pc'
[30.936s] Level 1:colcon.colcon_core.environment:checking '/home/uthman/uniccon_mob/install/diffdrive_arduino/lib/python3.10/site-packages'
[30.937s] Level 1:colcon.colcon_core.environment:checking '/home/uthman/uniccon_mob/install/diffdrive_arduino/bin'
[31.038s] INFO:colcon.colcon_core.shell:Creating package script '/home/uthman/uniccon_mob/install/diffdrive_arduino/share/diffdrive_arduino/package.ps1'
[31.041s] INFO:colcon.colcon_core.shell:Creating package descriptor '/home/uthman/uniccon_mob/install/diffdrive_arduino/share/diffdrive_arduino/package.dsv'
[31.043s] INFO:colcon.colcon_core.shell:Creating package script '/home/uthman/uniccon_mob/install/diffdrive_arduino/share/diffdrive_arduino/package.sh'
[31.045s] INFO:colcon.colcon_core.shell:Creating package script '/home/uthman/uniccon_mob/install/diffdrive_arduino/share/diffdrive_arduino/package.bash'
[31.047s] INFO:colcon.colcon_core.shell:Creating package script '/home/uthman/uniccon_mob/install/diffdrive_arduino/share/diffdrive_arduino/package.zsh'
[31.048s] Level 1:colcon.colcon_core.environment:create_file_with_runtime_dependencies(/home/uthman/uniccon_mob/install/diffdrive_arduino/share/colcon-core/packages/diffdrive_arduino)
[31.180s] Level 1:colcon.colcon_core.environment:create_environment_scripts_only(ydlidar_ros2_driver)
[31.281s] Level 1:colcon.colcon_core.environment:checking '/home/uthman/uniccon_mob/install/ydlidar_ros2_driver' for CMake module files
[31.283s] Level 1:colcon.colcon_core.environment:checking '/home/uthman/uniccon_mob/install/ydlidar_ros2_driver' for CMake config files
[31.284s] Level 1:colcon.colcon_core.shell:create_environment_hook('ydlidar_ros2_driver', 'cmake_prefix_path')
[31.393s] INFO:colcon.colcon_core.shell:Creating environment hook '/home/uthman/uniccon_mob/install/ydlidar_ros2_driver/share/ydlidar_ros2_driver/hook/cmake_prefix_path.ps1'
[31.396s] INFO:colcon.colcon_core.shell:Creating environment descriptor '/home/uthman/uniccon_mob/install/ydlidar_ros2_driver/share/ydlidar_ros2_driver/hook/cmake_prefix_path.dsv'
[31.397s] INFO:colcon.colcon_core.shell:Creating environment hook '/home/uthman/uniccon_mob/install/ydlidar_ros2_driver/share/ydlidar_ros2_driver/hook/cmake_prefix_path.sh'
[31.398s] Level 1:colcon.colcon_core.environment:checking '/home/uthman/uniccon_mob/install/ydlidar_ros2_driver/lib'
[31.398s] Level 1:colcon.colcon_core.environment:checking '/home/uthman/uniccon_mob/install/ydlidar_ros2_driver/bin'
[31.399s] Level 1:colcon.colcon_core.environment:checking '/home/uthman/uniccon_mob/install/ydlidar_ros2_driver/lib/pkgconfig/ydlidar_ros2_driver.pc'
[31.399s] Level 1:colcon.colcon_core.environment:checking '/home/uthman/uniccon_mob/install/ydlidar_ros2_driver/lib/python3.10/site-packages'
[31.400s] Level 1:colcon.colcon_core.environment:checking '/home/uthman/uniccon_mob/install/ydlidar_ros2_driver/bin'
[31.476s] INFO:colcon.colcon_core.shell:Creating package script '/home/uthman/uniccon_mob/install/ydlidar_ros2_driver/share/ydlidar_ros2_driver/package.ps1'
[31.477s] INFO:colcon.colcon_core.shell:Creating package descriptor '/home/uthman/uniccon_mob/install/ydlidar_ros2_driver/share/ydlidar_ros2_driver/package.dsv'
[31.478s] INFO:colcon.colcon_core.shell:Creating package script '/home/uthman/uniccon_mob/install/ydlidar_ros2_driver/share/ydlidar_ros2_driver/package.sh'
[31.479s] INFO:colcon.colcon_core.shell:Creating package script '/home/uthman/uniccon_mob/install/ydlidar_ros2_driver/share/ydlidar_ros2_driver/package.bash'
[31.481s] INFO:colcon.colcon_core.shell:Creating package script '/home/uthman/uniccon_mob/install/ydlidar_ros2_driver/share/ydlidar_ros2_driver/package.zsh'
[31.482s] Level 1:colcon.colcon_core.environment:create_file_with_runtime_dependencies(/home/uthman/uniccon_mob/install/ydlidar_ros2_driver/share/colcon-core/packages/ydlidar_ros2_driver)
[32.662s] INFO:colcon.colcon_core.task.python.build:Building Python package in '/home/uthman/uniccon_mob/src/serial_motor_demo'
[32.779s] INFO:colcon.colcon_core.shell:Skip shell extension 'powershell' for command environment: Not usable outside of PowerShell
[32.780s] DEBUG:colcon.colcon_core.shell:Skip shell extension 'dsv' for command environment
[35.779s] DEBUG:colcon.colcon_core.event_handler.log_command:Invoking command in '/home/uthman/uniccon_mob/src/serial_motor_demo': CMAKE_PREFIX_PATH=/home/uthman/uniccon_mob/install/serial_motor_demo_msgs:/home/uthman/uniccon_mob/install/ydlidar_ros2_driver:/home/uthman/uniccon_mob/install/uniccon_robot:/home/uthman/uniccon_mob/install/diffdrive_arduino:/home/uthman/uniccon_mob/install/serial:/home/uthman/mob_ws/install/ydlidar_ros2_driver:/home/uthman/mob_ws/install/slam_gmapping:/home/uthman/mob_ws/install/serial_motor_demo_msgs:/home/uthman/mob_ws/install/diffdrive_arduino:/home/uthman/mob_ws/install/serial:/home/uthman/mob_ws/install/rf2o_laser_odometry:/home/uthman/mob_ws/install/openslam_gmapping:/home/uthman/mob_ws/install/my_robot:/home/uthman/mob_ws/install/arduinobot_moveit:/home/uthman/mob_ws/install/arduinobot_description:/home/uthman/mob_ws/install/arduinobot_cpp:/home/uthman/mob_ws/install/arduinobot_controller:/home/uthman/ros2_ws/install/my_cpp_pkg PYTHONPATH=/home/uthman/uniccon_mob/build/serial_motor_demo/prefix_override:/home/uthman/uniccon_mob/install/serial_motor_demo/lib/python3.10/site-packages:${PYTHONPATH} /usr/bin/python3 setup.py egg_info --egg-base ../../build/serial_motor_demo build --build-base /home/uthman/uniccon_mob/build/serial_motor_demo/build install --record /home/uthman/uniccon_mob/build/serial_motor_demo/install.log --install-scripts $base/lib/serial_motor_demo --single-version-externally-managed
[37.878s] DEBUG:colcon.colcon_core.event_handler.log_command:Invoked command in '/home/uthman/uniccon_mob/src/serial_motor_demo' returned '0': CMAKE_PREFIX_PATH=/home/uthman/uniccon_mob/install/serial_motor_demo_msgs:/home/uthman/uniccon_mob/install/ydlidar_ros2_driver:/home/uthman/uniccon_mob/install/uniccon_robot:/home/uthman/uniccon_mob/install/diffdrive_arduino:/home/uthman/uniccon_mob/install/serial:/home/uthman/mob_ws/install/ydlidar_ros2_driver:/home/uthman/mob_ws/install/slam_gmapping:/home/uthman/mob_ws/install/serial_motor_demo_msgs:/home/uthman/mob_ws/install/diffdrive_arduino:/home/uthman/mob_ws/install/serial:/home/uthman/mob_ws/install/rf2o_laser_odometry:/home/uthman/mob_ws/install/openslam_gmapping:/home/uthman/mob_ws/install/my_robot:/home/uthman/mob_ws/install/arduinobot_moveit:/home/uthman/mob_ws/install/arduinobot_description:/home/uthman/mob_ws/install/arduinobot_cpp:/home/uthman/mob_ws/install/arduinobot_controller:/home/uthman/ros2_ws/install/my_cpp_pkg PYTHONPATH=/home/uthman/uniccon_mob/build/serial_motor_demo/prefix_override:/home/uthman/uniccon_mob/install/serial_motor_demo/lib/python3.10/site-packages:${PYTHONPATH} /usr/bin/python3 setup.py egg_info --egg-base ../../build/serial_motor_demo build --build-base /home/uthman/uniccon_mob/build/serial_motor_demo/build install --record /home/uthman/uniccon_mob/build/serial_motor_demo/install.log --install-scripts $base/lib/serial_motor_demo --single-version-externally-managed
[37.957s] Level 1:colcon.colcon_core.environment:checking '/home/uthman/uniccon_mob/install/serial_motor_demo' for CMake module files
[37.958s] Level 1:colcon.colcon_core.environment:checking '/home/uthman/uniccon_mob/install/serial_motor_demo' for CMake config files
[37.960s] Level 1:colcon.colcon_core.environment:checking '/home/uthman/uniccon_mob/install/serial_motor_demo/lib'
[37.960s] Level 1:colcon.colcon_core.environment:checking '/home/uthman/uniccon_mob/install/serial_motor_demo/bin'
[37.960s] Level 1:colcon.colcon_core.environment:checking '/home/uthman/uniccon_mob/install/serial_motor_demo/lib/pkgconfig/serial_motor_demo.pc'
[37.961s] Level 1:colcon.colcon_core.environment:checking '/home/uthman/uniccon_mob/install/serial_motor_demo/lib/python3.10/site-packages'
[37.961s] Level 1:colcon.colcon_core.shell:create_environment_hook('serial_motor_demo', 'pythonpath')
[38.033s] INFO:colcon.colcon_core.shell:Creating environment hook '/home/uthman/uniccon_mob/install/serial_motor_demo/share/serial_motor_demo/hook/pythonpath.ps1'
[38.035s] INFO:colcon.colcon_core.shell:Creating environment descriptor '/home/uthman/uniccon_mob/install/serial_motor_demo/share/serial_motor_demo/hook/pythonpath.dsv'
[38.036s] INFO:colcon.colcon_core.shell:Creating environment hook '/home/uthman/uniccon_mob/install/serial_motor_demo/share/serial_motor_demo/hook/pythonpath.sh'
[38.038s] Level 1:colcon.colcon_core.environment:checking '/home/uthman/uniccon_mob/install/serial_motor_demo/bin'
[38.038s] Level 1:colcon.colcon_core.environment:create_environment_scripts_only(serial_motor_demo)
[38.113s] INFO:colcon.colcon_core.shell:Creating package script '/home/uthman/uniccon_mob/install/serial_motor_demo/share/serial_motor_demo/package.ps1'
[38.114s] INFO:colcon.colcon_core.shell:Creating package descriptor '/home/uthman/uniccon_mob/install/serial_motor_demo/share/serial_motor_demo/package.dsv'
[38.116s] INFO:colcon.colcon_core.shell:Creating package script '/home/uthman/uniccon_mob/install/serial_motor_demo/share/serial_motor_demo/package.sh'
[38.117s] INFO:colcon.colcon_core.shell:Creating package script '/home/uthman/uniccon_mob/install/serial_motor_demo/share/serial_motor_demo/package.bash'
[38.118s] INFO:colcon.colcon_core.shell:Creating package script '/home/uthman/uniccon_mob/install/serial_motor_demo/share/serial_motor_demo/package.zsh'
[38.119s] Level 1:colcon.colcon_core.environment:create_file_with_runtime_dependencies(/home/uthman/uniccon_mob/install/serial_motor_demo/share/colcon-core/packages/serial_motor_demo)
[38.120s] DEBUG:colcon.colcon_parallel_executor.executor.parallel:closing loop
[38.121s] DEBUG:colcon.colcon_parallel_executor.executor.parallel:loop closed
[38.121s] DEBUG:colcon.colcon_parallel_executor.executor.parallel:run_until_complete finished with '0'
[38.121s] DEBUG:colcon.colcon_core.event_reactor:joining thread
[38.294s] INFO:colcon.colcon_core.plugin_system:Skipping extension 'colcon_notification.desktop_notification.terminal_notifier': Not used on non-Darwin systems
[38.294s] INFO:colcon.colcon_core.plugin_system:Skipping extension 'colcon_notification.desktop_notification.win32': Not used on non-Windows systems
[38.295s] INFO:colcon.colcon_notification.desktop_notification:Sending desktop notification using 'notify2'
[38.338s] DEBUG:colcon.colcon_core.event_reactor:joined thread
[38.430s] INFO:colcon.colcon_core.shell:Creating prefix script '/home/uthman/uniccon_mob/install/local_setup.ps1'
[38.461s] INFO:colcon.colcon_core.shell:Creating prefix util module '/home/uthman/uniccon_mob/install/_local_setup_util_ps1.py'
[38.473s] INFO:colcon.colcon_core.shell:Creating prefix chain script '/home/uthman/uniccon_mob/install/setup.ps1'
[38.600s] INFO:colcon.colcon_core.shell:Creating prefix script '/home/uthman/uniccon_mob/install/local_setup.sh'
[38.624s] INFO:colcon.colcon_core.shell:Creating prefix util module '/home/uthman/uniccon_mob/install/_local_setup_util_sh.py'
[38.626s] INFO:colcon.colcon_core.shell:Creating prefix chain script '/home/uthman/uniccon_mob/install/setup.sh'
[38.711s] INFO:colcon.colcon_core.shell:Creating prefix script '/home/uthman/uniccon_mob/install/local_setup.bash'
[38.724s] INFO:colcon.colcon_core.shell:Creating prefix chain script '/home/uthman/uniccon_mob/install/setup.bash'
[38.809s] INFO:colcon.colcon_core.shell:Creating prefix script '/home/uthman/uniccon_mob/install/local_setup.zsh'
[38.819s] INFO:colcon.colcon_core.shell:Creating prefix chain script '/home/uthman/uniccon_mob/install/setup.zsh'
