[1.836s] Invoking command in '/home/uthman/uniccon_mob/build/serial': CMAKE_PREFIX_PATH=${CMAKE_PREFIX_PATH}:/home/uthman/mob_ws/install/serial_motor_demo:/home/uthman/mob_ws/install/arduinobot_py:/home/uthman/ros2_ws/install/my_py_pkg:/opt/ros/humble /usr/bin/cmake /home/uthman/uniccon_mob/src/serial -DCMAKE_INSTALL_PREFIX=/home/uthman/uniccon_mob/install/serial
[4.406s] -- Found ament_cmake: 1.3.5 (/opt/ros/humble/share/ament_cmake/cmake)
[4.407s] -- Override CMake install command with custom implementation using symlinks instead of copying resources
[4.408s] -- Found ament_cmake_gtest: 1.3.5 (/opt/ros/humble/share/ament_cmake_gtest/cmake)
[4.408s] -- Found gtest sources under '/opt/ros/humble/src/gtest_vendor': C++ tests using 'Google Test' will be built
[4.409s] -- Configuring done
[4.409s] -- Generating done
[4.410s] -- Build files have been written to: /home/uthman/uniccon_mob/build/serial
[4.433s] Invoked command in '/home/uthman/uniccon_mob/build/serial' returned '0': CMAKE_PREFIX_PATH=${CMAKE_PREFIX_PATH}:/home/uthman/mob_ws/install/serial_motor_demo:/home/uthman/mob_ws/install/arduinobot_py:/home/uthman/ros2_ws/install/my_py_pkg:/opt/ros/humble /usr/bin/cmake /home/uthman/uniccon_mob/src/serial -DCMAKE_INSTALL_PREFIX=/home/uthman/uniccon_mob/install/serial
[4.439s] Invoking command in '/home/uthman/uniccon_mob/build/serial': CMAKE_PREFIX_PATH=${CMAKE_PREFIX_PATH}:/home/uthman/mob_ws/install/serial_motor_demo:/home/uthman/mob_ws/install/arduinobot_py:/home/uthman/ros2_ws/install/my_py_pkg:/opt/ros/humble /usr/bin/cmake --build /home/uthman/uniccon_mob/build/serial -- -j4 -l4
[4.909s] [35m[1mConsolidate compiler generated dependencies of target gtest[0m
[4.933s] [35m[1mConsolidate compiler generated dependencies of target serial[0m
[5.064s] [35m[1mConsolidate compiler generated dependencies of target gtest_main[0m
[5.273s] [ 28%] Built target serial
[5.292s] [ 42%] Built target gtest
[5.310s] [ 57%] Built target gtest_main
[5.517s] [35m[1mConsolidate compiler generated dependencies of target serial-test[0m
[5.534s] [35m[1mConsolidate compiler generated dependencies of target serial_example[0m
[5.551s] [35m[1mConsolidate compiler generated dependencies of target serial-test-timer[0m
[5.751s] [ 71%] Built target serial_example
[5.829s] [ 85%] Built target serial-test-timer
[5.831s] [100%] Built target serial-test
[6.020s] Invoked command in '/home/uthman/uniccon_mob/build/serial' returned '0': CMAKE_PREFIX_PATH=${CMAKE_PREFIX_PATH}:/home/uthman/mob_ws/install/serial_motor_demo:/home/uthman/mob_ws/install/arduinobot_py:/home/uthman/ros2_ws/install/my_py_pkg:/opt/ros/humble /usr/bin/cmake --build /home/uthman/uniccon_mob/build/serial -- -j4 -l4
[6.838s] Invoking command in '/home/uthman/uniccon_mob/build/serial': CMAKE_PREFIX_PATH=${CMAKE_PREFIX_PATH}:/home/uthman/mob_ws/install/serial_motor_demo:/home/uthman/mob_ws/install/arduinobot_py:/home/uthman/ros2_ws/install/my_py_pkg:/opt/ros/humble /usr/bin/cmake --install /home/uthman/uniccon_mob/build/serial
[6.920s] -- Install configuration: ""
[6.925s] -- Execute custom install script
[6.929s] -- Up-to-date symlink: /home/uthman/uniccon_mob/install/serial/lib/libserial.a
[6.930s] -- Up-to-date symlink: /home/uthman/uniccon_mob/install/serial/include/serial/serial.h
[6.932s] -- Up-to-date symlink: /home/uthman/uniccon_mob/install/serial/include/serial/v8stdint.h
[6.934s] -- Up-to-date symlink: /home/uthman/uniccon_mob/install/serial/share/serial/environment/library_path.sh
[6.936s] -- Up-to-date symlink: /home/uthman/uniccon_mob/install/serial/share/serial/environment/library_path.dsv
[6.938s] -- Up-to-date symlink: /home/uthman/uniccon_mob/install/serial/share/ament_index/resource_index/package_run_dependencies/serial
[6.940s] -- Up-to-date symlink: /home/uthman/uniccon_mob/install/serial/share/ament_index/resource_index/parent_prefix_path/serial
[6.943s] -- Up-to-date symlink: /home/uthman/uniccon_mob/install/serial/share/serial/environment/ament_prefix_path.sh
[6.945s] -- Up-to-date symlink: /home/uthman/uniccon_mob/install/serial/share/serial/environment/ament_prefix_path.dsv
[6.948s] -- Up-to-date symlink: /home/uthman/uniccon_mob/install/serial/share/serial/environment/path.sh
[6.950s] -- Up-to-date symlink: /home/uthman/uniccon_mob/install/serial/share/serial/environment/path.dsv
[6.952s] -- Up-to-date symlink: /home/uthman/uniccon_mob/install/serial/share/serial/local_setup.bash
[6.953s] -- Up-to-date symlink: /home/uthman/uniccon_mob/install/serial/share/serial/local_setup.sh
[6.955s] -- Up-to-date symlink: /home/uthman/uniccon_mob/install/serial/share/serial/local_setup.zsh
[6.958s] -- Up-to-date symlink: /home/uthman/uniccon_mob/install/serial/share/serial/local_setup.dsv
[6.972s] -- Symlinking: /home/uthman/uniccon_mob/install/serial/share/serial/package.dsv
[7.043s] -- Up-to-date symlink: /home/uthman/uniccon_mob/install/serial/share/ament_index/resource_index/packages/serial
[7.044s] -- Up-to-date symlink: /home/uthman/uniccon_mob/install/serial/share/serial/cmake/ament_cmake_export_include_directories-extras.cmake
[7.046s] -- Up-to-date symlink: /home/uthman/uniccon_mob/install/serial/share/serial/cmake/ament_cmake_export_libraries-extras.cmake
[7.048s] -- Up-to-date symlink: /home/uthman/uniccon_mob/install/serial/share/serial/cmake/serialConfig.cmake
[7.049s] -- Up-to-date symlink: /home/uthman/uniccon_mob/install/serial/share/serial/cmake/serialConfig-version.cmake
[7.050s] -- Up-to-date symlink: /home/uthman/uniccon_mob/install/serial/share/serial/package.xml
[7.069s] Invoked command in '/home/uthman/uniccon_mob/build/serial' returned '0': CMAKE_PREFIX_PATH=${CMAKE_PREFIX_PATH}:/home/uthman/mob_ws/install/serial_motor_demo:/home/uthman/mob_ws/install/arduinobot_py:/home/uthman/ros2_ws/install/my_py_pkg:/opt/ros/humble /usr/bin/cmake --install /home/uthman/uniccon_mob/build/serial
