[1.475s] Invoking command in '/home/uthman/uniccon_mob/build/serial_motor_demo_msgs': CMAKE_PREFIX_PATH=${CMAKE_PREFIX_PATH}:/home/uthman/mob_ws/install/serial_motor_demo:/home/uthman/mob_ws/install/arduinobot_py:/home/uthman/ros2_ws/install/my_py_pkg:/opt/ros/humble /usr/bin/cmake /home/uthman/uniccon_mob/src/serial_motor_demo_msgs -DCMAKE_INSTALL_PREFIX=/home/uthman/uniccon_mob/install/serial_motor_demo_msgs
[4.028s] -- Found ament_cmake: 1.3.5 (/opt/ros/humble/share/ament_cmake/cmake)
[4.029s] -- Override CMake install command with custom implementation using symlinks instead of copying resources
[4.030s] -- Found ament_lint_auto: 0.12.8 (/opt/ros/humble/share/ament_lint_auto/cmake)
[4.032s] -- Found rosidl_default_generators: 1.2.0 (/opt/ros/humble/share/rosidl_default_generators/cmake)
[4.032s] -- Using all available rosidl_typesupport_c: rosidl_typesupport_fastrtps_c;rosidl_typesupport_introspection_c
[4.033s] -- Found rosidl_adapter: 3.1.5 (/opt/ros/humble/share/rosidl_adapter/cmake)
[4.034s] -- Using all available rosidl_typesupport_cpp: rosidl_typesupport_fastrtps_cpp;rosidl_typesupport_introspection_cpp
[6.060s] -- Found ament_cmake_ros: 0.10.0 (/opt/ros/humble/share/ament_cmake_ros/cmake)
[8.500s] -- Using all available rosidl_typesupport_c: rosidl_typesupport_fastrtps_c;rosidl_typesupport_introspection_c
[12.138s] -- Using all available rosidl_typesupport_cpp: rosidl_typesupport_fastrtps_cpp;rosidl_typesupport_introspection_cpp
[12.399s] -- Found python_cmake_module: 0.10.0 (/opt/ros/humble/share/python_cmake_module/cmake)
[12.720s] -- Using PYTHON_EXECUTABLE: /usr/bin/python3
[12.725s] -- Using PYTHON_INCLUDE_DIRS: /usr/include/python3.10
[12.726s] -- Using PYTHON_LIBRARIES: /usr/lib/x86_64-linux-gnu/libpython3.10.so
[13.129s] -- Added test 'copyright' to check source files copyright and LICENSE
[13.156s] -- Added test 'lint_cmake' to check CMake code style
[13.169s] -- Added test 'xmllint' to check XML markup files
[13.294s] -- Configuring done
[13.835s] -- Generating done
[13.933s] -- Build files have been written to: /home/uthman/uniccon_mob/build/serial_motor_demo_msgs
[14.029s] Invoked command in '/home/uthman/uniccon_mob/build/serial_motor_demo_msgs' returned '0': CMAKE_PREFIX_PATH=${CMAKE_PREFIX_PATH}:/home/uthman/mob_ws/install/serial_motor_demo:/home/uthman/mob_ws/install/arduinobot_py:/home/uthman/ros2_ws/install/my_py_pkg:/opt/ros/humble /usr/bin/cmake /home/uthman/uniccon_mob/src/serial_motor_demo_msgs -DCMAKE_INSTALL_PREFIX=/home/uthman/uniccon_mob/install/serial_motor_demo_msgs
[14.033s] Invoking command in '/home/uthman/uniccon_mob/build/serial_motor_demo_msgs': CMAKE_PREFIX_PATH=${CMAKE_PREFIX_PATH}:/home/uthman/mob_ws/install/serial_motor_demo:/home/uthman/mob_ws/install/arduinobot_py:/home/uthman/ros2_ws/install/my_py_pkg:/opt/ros/humble /usr/bin/cmake --build /home/uthman/uniccon_mob/build/serial_motor_demo_msgs -- -j4 -l4
[14.674s] [35m[1mConsolidate compiler generated dependencies of target serial_motor_demo_msgs__rosidl_generator_c[0m
[14.884s] [ 10%] Built target serial_motor_demo_msgs__rosidl_generator_c
[14.994s] [ 12%] Built target serial_motor_demo_msgs__cpp
[15.070s] [35m[1mConsolidate compiler generated dependencies of target serial_motor_demo_msgs__rosidl_typesupport_fastrtps_c[0m
[15.238s] [35m[1mConsolidate compiler generated dependencies of target serial_motor_demo_msgs__rosidl_typesupport_c[0m
[15.423s] [ 23%] Built target serial_motor_demo_msgs__rosidl_typesupport_c
[15.496s] [ 27%] Built target ament_cmake_python_symlink_serial_motor_demo_msgs
[15.502s] [ 34%] Built target serial_motor_demo_msgs__rosidl_typesupport_fastrtps_c
[15.609s] [35m[1mConsolidate compiler generated dependencies of target serial_motor_demo_msgs__rosidl_typesupport_fastrtps_cpp[0m
[15.665s] [35m[1mConsolidate compiler generated dependencies of target serial_motor_demo_msgs__rosidl_typesupport_introspection_c[0m
[15.672s] [35m[1mConsolidate compiler generated dependencies of target serial_motor_demo_msgs__rosidl_typesupport_introspection_cpp[0m
[15.805s] [35m[1mConsolidate compiler generated dependencies of target serial_motor_demo_msgs__rosidl_typesupport_cpp[0m
[15.960s] [ 44%] Built target serial_motor_demo_msgs__rosidl_typesupport_fastrtps_cpp
[15.980s] [ 55%] Built target serial_motor_demo_msgs__rosidl_typesupport_introspection_c
[16.068s] [ 65%] Built target serial_motor_demo_msgs__rosidl_typesupport_introspection_cpp
[16.128s] [ 76%] Built target serial_motor_demo_msgs__rosidl_typesupport_cpp
[16.616s] [ 76%] Built target serial_motor_demo_msgs
[16.881s] [ 78%] Built target serial_motor_demo_msgs__py
[17.065s] [35m[1mConsolidate compiler generated dependencies of target serial_motor_demo_msgs__rosidl_generator_py[0m
[17.376s] [ 87%] Built target serial_motor_demo_msgs__rosidl_generator_py
[17.675s] [35m[1mConsolidate compiler generated dependencies of target serial_motor_demo_msgs__rosidl_typesupport_introspection_c__pyext[0m
[17.699s] [35m[1mConsolidate compiler generated dependencies of target serial_motor_demo_msgs__rosidl_typesupport_fastrtps_c__pyext[0m
[17.918s] [35m[1mConsolidate compiler generated dependencies of target serial_motor_demo_msgs__rosidl_typesupport_c__pyext[0m
[17.943s] [ 91%] Built target serial_motor_demo_msgs__rosidl_typesupport_fastrtps_c__pyext
[17.976s] [ 95%] Built target serial_motor_demo_msgs__rosidl_typesupport_introspection_c__pyext
[18.300s] [100%] Built target serial_motor_demo_msgs__rosidl_typesupport_c__pyext
[22.553s] running egg_info
[23.121s] writing serial_motor_demo_msgs.egg-info/PKG-INFO
[23.142s] writing dependency_links to serial_motor_demo_msgs.egg-info/dependency_links.txt
[23.145s] writing top-level names to serial_motor_demo_msgs.egg-info/top_level.txt
[25.188s] reading manifest file 'serial_motor_demo_msgs.egg-info/SOURCES.txt'
[25.197s] writing manifest file 'serial_motor_demo_msgs.egg-info/SOURCES.txt'
[25.680s] [100%] Built target ament_cmake_python_build_serial_motor_demo_msgs_egg
[28.498s] Invoked command in '/home/uthman/uniccon_mob/build/serial_motor_demo_msgs' returned '0': CMAKE_PREFIX_PATH=${CMAKE_PREFIX_PATH}:/home/uthman/mob_ws/install/serial_motor_demo:/home/uthman/mob_ws/install/arduinobot_py:/home/uthman/ros2_ws/install/my_py_pkg:/opt/ros/humble /usr/bin/cmake --build /home/uthman/uniccon_mob/build/serial_motor_demo_msgs -- -j4 -l4
[30.703s] Invoking command in '/home/uthman/uniccon_mob/build/serial_motor_demo_msgs': CMAKE_PREFIX_PATH=${CMAKE_PREFIX_PATH}:/home/uthman/mob_ws/install/serial_motor_demo:/home/uthman/mob_ws/install/arduinobot_py:/home/uthman/ros2_ws/install/my_py_pkg:/opt/ros/humble /usr/bin/cmake --install /home/uthman/uniccon_mob/build/serial_motor_demo_msgs
[30.789s] -- Install configuration: ""
[30.829s] -- Execute custom install script
[30.839s] -- Up-to-date symlink: /home/uthman/uniccon_mob/install/serial_motor_demo_msgs/share/ament_index/resource_index/rosidl_interfaces/serial_motor_demo_msgs
[30.847s] -- Up-to-date symlink: /home/uthman/uniccon_mob/install/serial_motor_demo_msgs/include/serial_motor_demo_msgs/serial_motor_demo_msgs/msg/detail/encoder_vals__functions.h
[30.850s] -- Up-to-date symlink: /home/uthman/uniccon_mob/install/serial_motor_demo_msgs/include/serial_motor_demo_msgs/serial_motor_demo_msgs/msg/detail/encoder_vals__struct.h
[30.853s] -- Up-to-date symlink: /home/uthman/uniccon_mob/install/serial_motor_demo_msgs/include/serial_motor_demo_msgs/serial_motor_demo_msgs/msg/detail/encoder_vals__type_support.h
[30.856s] -- Up-to-date symlink: /home/uthman/uniccon_mob/install/serial_motor_demo_msgs/include/serial_motor_demo_msgs/serial_motor_demo_msgs/msg/detail/motor_command__functions.h
[30.858s] -- Up-to-date symlink: /home/uthman/uniccon_mob/install/serial_motor_demo_msgs/include/serial_motor_demo_msgs/serial_motor_demo_msgs/msg/detail/motor_command__struct.h
[30.861s] -- Up-to-date symlink: /home/uthman/uniccon_mob/install/serial_motor_demo_msgs/include/serial_motor_demo_msgs/serial_motor_demo_msgs/msg/detail/motor_command__type_support.h
[30.865s] -- Up-to-date symlink: /home/uthman/uniccon_mob/install/serial_motor_demo_msgs/include/serial_motor_demo_msgs/serial_motor_demo_msgs/msg/detail/motor_vels__functions.h
[30.867s] -- Up-to-date symlink: /home/uthman/uniccon_mob/install/serial_motor_demo_msgs/include/serial_motor_demo_msgs/serial_motor_demo_msgs/msg/detail/motor_vels__struct.h
[30.869s] -- Up-to-date symlink: /home/uthman/uniccon_mob/install/serial_motor_demo_msgs/include/serial_motor_demo_msgs/serial_motor_demo_msgs/msg/detail/motor_vels__type_support.h
[30.872s] -- Up-to-date symlink: /home/uthman/uniccon_mob/install/serial_motor_demo_msgs/include/serial_motor_demo_msgs/serial_motor_demo_msgs/msg/encoder_vals.h
[30.878s] -- Up-to-date symlink: /home/uthman/uniccon_mob/install/serial_motor_demo_msgs/include/serial_motor_demo_msgs/serial_motor_demo_msgs/msg/motor_command.h
[30.880s] -- Up-to-date symlink: /home/uthman/uniccon_mob/install/serial_motor_demo_msgs/include/serial_motor_demo_msgs/serial_motor_demo_msgs/msg/motor_vels.h
[30.883s] -- Up-to-date symlink: /home/uthman/uniccon_mob/install/serial_motor_demo_msgs/include/serial_motor_demo_msgs/serial_motor_demo_msgs/msg/rosidl_generator_c__visibility_control.h
[30.885s] -- Up-to-date symlink: /home/uthman/uniccon_mob/install/serial_motor_demo_msgs/share/serial_motor_demo_msgs/environment/library_path.sh
[30.888s] -- Up-to-date symlink: /home/uthman/uniccon_mob/install/serial_motor_demo_msgs/share/serial_motor_demo_msgs/environment/library_path.dsv
[30.904s] -- Up-to-date symlink: /home/uthman/uniccon_mob/install/serial_motor_demo_msgs/include/serial_motor_demo_msgs/serial_motor_demo_msgs/msg/detail/encoder_vals__rosidl_typesupport_fastrtps_c.h
[30.907s] -- Up-to-date symlink: /home/uthman/uniccon_mob/install/serial_motor_demo_msgs/include/serial_motor_demo_msgs/serial_motor_demo_msgs/msg/detail/motor_command__rosidl_typesupport_fastrtps_c.h
[30.910s] -- Up-to-date symlink: /home/uthman/uniccon_mob/install/serial_motor_demo_msgs/include/serial_motor_demo_msgs/serial_motor_demo_msgs/msg/detail/motor_vels__rosidl_typesupport_fastrtps_c.h
[30.913s] -- Up-to-date symlink: /home/uthman/uniccon_mob/install/serial_motor_demo_msgs/include/serial_motor_demo_msgs/serial_motor_demo_msgs/msg/rosidl_typesupport_fastrtps_c__visibility_control.h
[30.917s] -- Up-to-date symlink: /home/uthman/uniccon_mob/install/serial_motor_demo_msgs/include/serial_motor_demo_msgs/serial_motor_demo_msgs/msg/detail/encoder_vals__rosidl_typesupport_introspection_c.h
[30.920s] -- Up-to-date symlink: /home/uthman/uniccon_mob/install/serial_motor_demo_msgs/include/serial_motor_demo_msgs/serial_motor_demo_msgs/msg/detail/motor_command__rosidl_typesupport_introspection_c.h
[30.923s] -- Up-to-date symlink: /home/uthman/uniccon_mob/install/serial_motor_demo_msgs/include/serial_motor_demo_msgs/serial_motor_demo_msgs/msg/detail/motor_vels__rosidl_typesupport_introspection_c.h
[30.925s] -- Up-to-date symlink: /home/uthman/uniccon_mob/install/serial_motor_demo_msgs/include/serial_motor_demo_msgs/serial_motor_demo_msgs/msg/rosidl_typesupport_introspection_c__visibility_control.h
[30.932s] -- Up-to-date symlink: /home/uthman/uniccon_mob/install/serial_motor_demo_msgs/include/serial_motor_demo_msgs/serial_motor_demo_msgs/msg/detail/encoder_vals__builder.hpp
[30.934s] -- Up-to-date symlink: /home/uthman/uniccon_mob/install/serial_motor_demo_msgs/include/serial_motor_demo_msgs/serial_motor_demo_msgs/msg/detail/encoder_vals__struct.hpp
[30.936s] -- Up-to-date symlink: /home/uthman/uniccon_mob/install/serial_motor_demo_msgs/include/serial_motor_demo_msgs/serial_motor_demo_msgs/msg/detail/encoder_vals__traits.hpp
[30.939s] -- Up-to-date symlink: /home/uthman/uniccon_mob/install/serial_motor_demo_msgs/include/serial_motor_demo_msgs/serial_motor_demo_msgs/msg/detail/motor_command__builder.hpp
[30.942s] -- Up-to-date symlink: /home/uthman/uniccon_mob/install/serial_motor_demo_msgs/include/serial_motor_demo_msgs/serial_motor_demo_msgs/msg/detail/motor_command__struct.hpp
[30.945s] -- Up-to-date symlink: /home/uthman/uniccon_mob/install/serial_motor_demo_msgs/include/serial_motor_demo_msgs/serial_motor_demo_msgs/msg/detail/motor_command__traits.hpp
[30.947s] -- Up-to-date symlink: /home/uthman/uniccon_mob/install/serial_motor_demo_msgs/include/serial_motor_demo_msgs/serial_motor_demo_msgs/msg/detail/motor_vels__builder.hpp
[30.949s] -- Up-to-date symlink: /home/uthman/uniccon_mob/install/serial_motor_demo_msgs/include/serial_motor_demo_msgs/serial_motor_demo_msgs/msg/detail/motor_vels__struct.hpp
[30.952s] -- Up-to-date symlink: /home/uthman/uniccon_mob/install/serial_motor_demo_msgs/include/serial_motor_demo_msgs/serial_motor_demo_msgs/msg/detail/motor_vels__traits.hpp
[30.954s] -- Up-to-date symlink: /home/uthman/uniccon_mob/install/serial_motor_demo_msgs/include/serial_motor_demo_msgs/serial_motor_demo_msgs/msg/encoder_vals.hpp
[30.956s] -- Up-to-date symlink: /home/uthman/uniccon_mob/install/serial_motor_demo_msgs/include/serial_motor_demo_msgs/serial_motor_demo_msgs/msg/motor_command.hpp
[30.959s] -- Up-to-date symlink: /home/uthman/uniccon_mob/install/serial_motor_demo_msgs/include/serial_motor_demo_msgs/serial_motor_demo_msgs/msg/motor_vels.hpp
[30.967s] -- Up-to-date symlink: /home/uthman/uniccon_mob/install/serial_motor_demo_msgs/include/serial_motor_demo_msgs/serial_motor_demo_msgs/msg/detail/encoder_vals__rosidl_typesupport_fastrtps_cpp.hpp
[30.979s] -- Up-to-date symlink: /home/uthman/uniccon_mob/install/serial_motor_demo_msgs/include/serial_motor_demo_msgs/serial_motor_demo_msgs/msg/detail/motor_command__rosidl_typesupport_fastrtps_cpp.hpp
[30.984s] -- Up-to-date symlink: /home/uthman/uniccon_mob/install/serial_motor_demo_msgs/include/serial_motor_demo_msgs/serial_motor_demo_msgs/msg/detail/motor_vels__rosidl_typesupport_fastrtps_cpp.hpp
[30.985s] -- Up-to-date symlink: /home/uthman/uniccon_mob/install/serial_motor_demo_msgs/include/serial_motor_demo_msgs/serial_motor_demo_msgs/msg/rosidl_typesupport_fastrtps_cpp__visibility_control.h
[30.987s] -- Up-to-date symlink: /home/uthman/uniccon_mob/install/serial_motor_demo_msgs/include/serial_motor_demo_msgs/serial_motor_demo_msgs/msg/detail/encoder_vals__rosidl_typesupport_introspection_cpp.hpp
[30.988s] -- Up-to-date symlink: /home/uthman/uniccon_mob/install/serial_motor_demo_msgs/include/serial_motor_demo_msgs/serial_motor_demo_msgs/msg/detail/motor_command__rosidl_typesupport_introspection_cpp.hpp
[30.989s] -- Up-to-date symlink: /home/uthman/uniccon_mob/install/serial_motor_demo_msgs/include/serial_motor_demo_msgs/serial_motor_demo_msgs/msg/detail/motor_vels__rosidl_typesupport_introspection_cpp.hpp
[31.000s] -- Up-to-date symlink: /home/uthman/uniccon_mob/install/serial_motor_demo_msgs/share/serial_motor_demo_msgs/environment/pythonpath.sh
[31.002s] -- Up-to-date symlink: /home/uthman/uniccon_mob/install/serial_motor_demo_msgs/share/serial_motor_demo_msgs/environment/pythonpath.dsv
[31.003s] -- Up-to-date symlink: /home/uthman/uniccon_mob/install/serial_motor_demo_msgs/local/lib/python3.10/dist-packages/serial_motor_demo_msgs-0.0.0-py3.10.egg-info/PKG-INFO
[31.004s] -- Up-to-date symlink: /home/uthman/uniccon_mob/install/serial_motor_demo_msgs/local/lib/python3.10/dist-packages/serial_motor_demo_msgs-0.0.0-py3.10.egg-info/SOURCES.txt
[31.005s] -- Up-to-date symlink: /home/uthman/uniccon_mob/install/serial_motor_demo_msgs/local/lib/python3.10/dist-packages/serial_motor_demo_msgs-0.0.0-py3.10.egg-info/dependency_links.txt
[31.007s] -- Up-to-date symlink: /home/uthman/uniccon_mob/install/serial_motor_demo_msgs/local/lib/python3.10/dist-packages/serial_motor_demo_msgs-0.0.0-py3.10.egg-info/top_level.txt
[31.043s] -- Up-to-date symlink: /home/uthman/uniccon_mob/install/serial_motor_demo_msgs/local/lib/python3.10/dist-packages/serial_motor_demo_msgs/__init__.py
[31.044s] -- Up-to-date symlink: /home/uthman/uniccon_mob/install/serial_motor_demo_msgs/local/lib/python3.10/dist-packages/serial_motor_demo_msgs/_serial_motor_demo_msgs_s.ep.rosidl_typesupport_c.c
[31.055s] -- Up-to-date symlink: /home/uthman/uniccon_mob/install/serial_motor_demo_msgs/local/lib/python3.10/dist-packages/serial_motor_demo_msgs/_serial_motor_demo_msgs_s.ep.rosidl_typesupport_fastrtps_c.c
[31.056s] -- Up-to-date symlink: /home/uthman/uniccon_mob/install/serial_motor_demo_msgs/local/lib/python3.10/dist-packages/serial_motor_demo_msgs/_serial_motor_demo_msgs_s.ep.rosidl_typesupport_introspection_c.c
[31.057s] -- Up-to-date symlink: /home/uthman/uniccon_mob/install/serial_motor_demo_msgs/local/lib/python3.10/dist-packages/serial_motor_demo_msgs/libserial_motor_demo_msgs__rosidl_generator_py.so
[31.059s] -- Up-to-date symlink: /home/uthman/uniccon_mob/install/serial_motor_demo_msgs/local/lib/python3.10/dist-packages/serial_motor_demo_msgs/msg/__init__.py
[31.060s] -- Up-to-date symlink: /home/uthman/uniccon_mob/install/serial_motor_demo_msgs/local/lib/python3.10/dist-packages/serial_motor_demo_msgs/msg/_encoder_vals.py
[31.061s] -- Up-to-date symlink: /home/uthman/uniccon_mob/install/serial_motor_demo_msgs/local/lib/python3.10/dist-packages/serial_motor_demo_msgs/msg/_encoder_vals_s.c
[31.064s] -- Up-to-date symlink: /home/uthman/uniccon_mob/install/serial_motor_demo_msgs/local/lib/python3.10/dist-packages/serial_motor_demo_msgs/msg/_motor_command.py
[31.066s] -- Up-to-date symlink: /home/uthman/uniccon_mob/install/serial_motor_demo_msgs/local/lib/python3.10/dist-packages/serial_motor_demo_msgs/msg/_motor_command_s.c
[31.077s] -- Up-to-date symlink: /home/uthman/uniccon_mob/install/serial_motor_demo_msgs/local/lib/python3.10/dist-packages/serial_motor_demo_msgs/msg/_motor_vels.py
[31.078s] -- Up-to-date symlink: /home/uthman/uniccon_mob/install/serial_motor_demo_msgs/local/lib/python3.10/dist-packages/serial_motor_demo_msgs/msg/_motor_vels_s.c
[31.079s] -- Up-to-date symlink: /home/uthman/uniccon_mob/install/serial_motor_demo_msgs/local/lib/python3.10/dist-packages/serial_motor_demo_msgs/serial_motor_demo_msgs_s__rosidl_typesupport_c.cpython-310-x86_64-linux-gnu.so
[31.080s] -- Up-to-date symlink: /home/uthman/uniccon_mob/install/serial_motor_demo_msgs/local/lib/python3.10/dist-packages/serial_motor_demo_msgs/serial_motor_demo_msgs_s__rosidl_typesupport_fastrtps_c.cpython-310-x86_64-linux-gnu.so
[31.081s] -- Up-to-date symlink: /home/uthman/uniccon_mob/install/serial_motor_demo_msgs/local/lib/python3.10/dist-packages/serial_motor_demo_msgs/serial_motor_demo_msgs_s__rosidl_typesupport_introspection_c.cpython-310-x86_64-linux-gnu.so
[31.082s] -- Up-to-date symlink: /home/uthman/uniccon_mob/install/serial_motor_demo_msgs/local/lib/python3.10/dist-packages/serial_motor_demo_msgs/serial_motor_demo_msgs_s__rosidl_typesupport_fastrtps_c.cpython-310-x86_64-linux-gnu.so
[31.083s] -- Up-to-date symlink: /home/uthman/uniccon_mob/install/serial_motor_demo_msgs/local/lib/python3.10/dist-packages/serial_motor_demo_msgs/serial_motor_demo_msgs_s__rosidl_typesupport_introspection_c.cpython-310-x86_64-linux-gnu.so
[31.091s] -- Up-to-date symlink: /home/uthman/uniccon_mob/install/serial_motor_demo_msgs/local/lib/python3.10/dist-packages/serial_motor_demo_msgs/serial_motor_demo_msgs_s__rosidl_typesupport_c.cpython-310-x86_64-linux-gnu.so
[31.096s] -- Up-to-date symlink: /home/uthman/uniccon_mob/install/serial_motor_demo_msgs/share/serial_motor_demo_msgs/msg/MotorCommand.idl
[31.097s] -- Up-to-date symlink: /home/uthman/uniccon_mob/install/serial_motor_demo_msgs/share/serial_motor_demo_msgs/msg/MotorVels.idl
[31.102s] -- Up-to-date symlink: /home/uthman/uniccon_mob/install/serial_motor_demo_msgs/share/serial_motor_demo_msgs/msg/EncoderVals.idl
[31.104s] -- Up-to-date symlink: /home/uthman/uniccon_mob/install/serial_motor_demo_msgs/share/serial_motor_demo_msgs/msg/MotorCommand.msg
[31.106s] -- Up-to-date symlink: /home/uthman/uniccon_mob/install/serial_motor_demo_msgs/share/serial_motor_demo_msgs/msg/MotorVels.msg
[31.107s] -- Up-to-date symlink: /home/uthman/uniccon_mob/install/serial_motor_demo_msgs/share/serial_motor_demo_msgs/msg/EncoderVals.msg
[31.108s] -- Up-to-date symlink: /home/uthman/uniccon_mob/install/serial_motor_demo_msgs/share/ament_index/resource_index/package_run_dependencies/serial_motor_demo_msgs
[31.123s] -- Up-to-date symlink: /home/uthman/uniccon_mob/install/serial_motor_demo_msgs/share/ament_index/resource_index/parent_prefix_path/serial_motor_demo_msgs
[31.124s] -- Up-to-date symlink: /home/uthman/uniccon_mob/install/serial_motor_demo_msgs/share/serial_motor_demo_msgs/environment/ament_prefix_path.sh
[31.125s] -- Up-to-date symlink: /home/uthman/uniccon_mob/install/serial_motor_demo_msgs/share/serial_motor_demo_msgs/environment/ament_prefix_path.dsv
[31.126s] -- Up-to-date symlink: /home/uthman/uniccon_mob/install/serial_motor_demo_msgs/share/serial_motor_demo_msgs/environment/path.sh
[31.126s] -- Up-to-date symlink: /home/uthman/uniccon_mob/install/serial_motor_demo_msgs/share/serial_motor_demo_msgs/environment/path.dsv
[31.127s] -- Up-to-date symlink: /home/uthman/uniccon_mob/install/serial_motor_demo_msgs/share/serial_motor_demo_msgs/local_setup.bash
[31.128s] -- Up-to-date symlink: /home/uthman/uniccon_mob/install/serial_motor_demo_msgs/share/serial_motor_demo_msgs/local_setup.sh
[31.129s] -- Up-to-date symlink: /home/uthman/uniccon_mob/install/serial_motor_demo_msgs/share/serial_motor_demo_msgs/local_setup.zsh
[31.130s] -- Up-to-date symlink: /home/uthman/uniccon_mob/install/serial_motor_demo_msgs/share/serial_motor_demo_msgs/local_setup.dsv
[31.155s] -- Symlinking: /home/uthman/uniccon_mob/install/serial_motor_demo_msgs/share/serial_motor_demo_msgs/package.dsv
[31.170s] -- Up-to-date symlink: /home/uthman/uniccon_mob/install/serial_motor_demo_msgs/share/ament_index/resource_index/packages/serial_motor_demo_msgs
[31.172s] -- Up-to-date symlink: /home/uthman/uniccon_mob/install/serial_motor_demo_msgs/share/serial_motor_demo_msgs/cmake/rosidl_cmake-extras.cmake
[31.174s] -- Up-to-date symlink: /home/uthman/uniccon_mob/install/serial_motor_demo_msgs/share/serial_motor_demo_msgs/cmake/ament_cmake_export_include_directories-extras.cmake
[31.179s] -- Up-to-date symlink: /home/uthman/uniccon_mob/install/serial_motor_demo_msgs/share/serial_motor_demo_msgs/cmake/ament_cmake_export_libraries-extras.cmake
[31.190s] -- Up-to-date symlink: /home/uthman/uniccon_mob/install/serial_motor_demo_msgs/share/serial_motor_demo_msgs/cmake/ament_cmake_export_targets-extras.cmake
[31.194s] -- Up-to-date symlink: /home/uthman/uniccon_mob/install/serial_motor_demo_msgs/share/serial_motor_demo_msgs/cmake/rosidl_cmake_export_typesupport_targets-extras.cmake
[31.205s] -- Up-to-date symlink: /home/uthman/uniccon_mob/install/serial_motor_demo_msgs/share/serial_motor_demo_msgs/cmake/ament_cmake_export_dependencies-extras.cmake
[31.207s] -- Up-to-date symlink: /home/uthman/uniccon_mob/install/serial_motor_demo_msgs/share/serial_motor_demo_msgs/cmake/rosidl_cmake_export_typesupport_libraries-extras.cmake
[31.210s] -- Up-to-date symlink: /home/uthman/uniccon_mob/install/serial_motor_demo_msgs/share/serial_motor_demo_msgs/cmake/serial_motor_demo_msgsConfig.cmake
[31.212s] -- Up-to-date symlink: /home/uthman/uniccon_mob/install/serial_motor_demo_msgs/share/serial_motor_demo_msgs/cmake/serial_motor_demo_msgsConfig-version.cmake
[31.215s] -- Up-to-date symlink: /home/uthman/uniccon_mob/install/serial_motor_demo_msgs/share/serial_motor_demo_msgs/package.xml
[31.217s] -- Up-to-date: /home/uthman/uniccon_mob/install/serial_motor_demo_msgs/lib/libserial_motor_demo_msgs__rosidl_generator_c.so
[31.221s] -- Up-to-date: /home/uthman/uniccon_mob/install/serial_motor_demo_msgs/lib/libserial_motor_demo_msgs__rosidl_typesupport_fastrtps_c.so
[31.225s] -- Up-to-date: /home/uthman/uniccon_mob/install/serial_motor_demo_msgs/lib/libserial_motor_demo_msgs__rosidl_typesupport_introspection_c.so
[31.229s] -- Up-to-date: /home/uthman/uniccon_mob/install/serial_motor_demo_msgs/lib/libserial_motor_demo_msgs__rosidl_typesupport_c.so
[31.232s] -- Up-to-date: /home/uthman/uniccon_mob/install/serial_motor_demo_msgs/lib/libserial_motor_demo_msgs__rosidl_typesupport_fastrtps_cpp.so
[31.236s] -- Up-to-date: /home/uthman/uniccon_mob/install/serial_motor_demo_msgs/lib/libserial_motor_demo_msgs__rosidl_typesupport_introspection_cpp.so
[31.239s] -- Up-to-date: /home/uthman/uniccon_mob/install/serial_motor_demo_msgs/lib/libserial_motor_demo_msgs__rosidl_typesupport_cpp.so
[31.775s] Listing '/home/uthman/uniccon_mob/install/serial_motor_demo_msgs/local/lib/python3.10/dist-packages/serial_motor_demo_msgs'...
[31.793s] Compiling '/home/uthman/uniccon_mob/install/serial_motor_demo_msgs/local/lib/python3.10/dist-packages/serial_motor_demo_msgs/__init__.py'...
[31.794s] Listing '/home/uthman/uniccon_mob/install/serial_motor_demo_msgs/local/lib/python3.10/dist-packages/serial_motor_demo_msgs/msg'...
[31.877s] -- Up-to-date: /home/uthman/uniccon_mob/install/serial_motor_demo_msgs/lib/libserial_motor_demo_msgs__rosidl_generator_py.so
[31.880s] -- Up-to-date: /home/uthman/uniccon_mob/install/serial_motor_demo_msgs/share/serial_motor_demo_msgs/cmake/export_serial_motor_demo_msgs__rosidl_generator_cExport.cmake
[31.881s] -- Up-to-date: /home/uthman/uniccon_mob/install/serial_motor_demo_msgs/share/serial_motor_demo_msgs/cmake/export_serial_motor_demo_msgs__rosidl_generator_cExport-noconfig.cmake
[31.883s] -- Up-to-date: /home/uthman/uniccon_mob/install/serial_motor_demo_msgs/share/serial_motor_demo_msgs/cmake/export_serial_motor_demo_msgs__rosidl_typesupport_fastrtps_cExport.cmake
[31.884s] -- Up-to-date: /home/uthman/uniccon_mob/install/serial_motor_demo_msgs/share/serial_motor_demo_msgs/cmake/export_serial_motor_demo_msgs__rosidl_typesupport_fastrtps_cExport-noconfig.cmake
[31.885s] -- Up-to-date: /home/uthman/uniccon_mob/install/serial_motor_demo_msgs/share/serial_motor_demo_msgs/cmake/serial_motor_demo_msgs__rosidl_typesupport_introspection_cExport.cmake
[31.893s] -- Up-to-date: /home/uthman/uniccon_mob/install/serial_motor_demo_msgs/share/serial_motor_demo_msgs/cmake/serial_motor_demo_msgs__rosidl_typesupport_introspection_cExport-noconfig.cmake
[31.894s] -- Up-to-date: /home/uthman/uniccon_mob/install/serial_motor_demo_msgs/share/serial_motor_demo_msgs/cmake/serial_motor_demo_msgs__rosidl_typesupport_cExport.cmake
[31.895s] -- Up-to-date: /home/uthman/uniccon_mob/install/serial_motor_demo_msgs/share/serial_motor_demo_msgs/cmake/serial_motor_demo_msgs__rosidl_typesupport_cExport-noconfig.cmake
[31.900s] -- Up-to-date: /home/uthman/uniccon_mob/install/serial_motor_demo_msgs/share/serial_motor_demo_msgs/cmake/export_serial_motor_demo_msgs__rosidl_generator_cppExport.cmake
[31.901s] -- Up-to-date: /home/uthman/uniccon_mob/install/serial_motor_demo_msgs/share/serial_motor_demo_msgs/cmake/export_serial_motor_demo_msgs__rosidl_typesupport_fastrtps_cppExport.cmake
[31.903s] -- Up-to-date: /home/uthman/uniccon_mob/install/serial_motor_demo_msgs/share/serial_motor_demo_msgs/cmake/export_serial_motor_demo_msgs__rosidl_typesupport_fastrtps_cppExport-noconfig.cmake
[31.905s] -- Up-to-date: /home/uthman/uniccon_mob/install/serial_motor_demo_msgs/share/serial_motor_demo_msgs/cmake/serial_motor_demo_msgs__rosidl_typesupport_introspection_cppExport.cmake
[31.911s] -- Up-to-date: /home/uthman/uniccon_mob/install/serial_motor_demo_msgs/share/serial_motor_demo_msgs/cmake/serial_motor_demo_msgs__rosidl_typesupport_introspection_cppExport-noconfig.cmake
[31.912s] -- Up-to-date: /home/uthman/uniccon_mob/install/serial_motor_demo_msgs/share/serial_motor_demo_msgs/cmake/serial_motor_demo_msgs__rosidl_typesupport_cppExport.cmake
[31.917s] -- Up-to-date: /home/uthman/uniccon_mob/install/serial_motor_demo_msgs/share/serial_motor_demo_msgs/cmake/serial_motor_demo_msgs__rosidl_typesupport_cppExport-noconfig.cmake
[31.923s] -- Up-to-date: /home/uthman/uniccon_mob/install/serial_motor_demo_msgs/share/serial_motor_demo_msgs/cmake/export_serial_motor_demo_msgs__rosidl_generator_pyExport.cmake
[31.924s] -- Up-to-date: /home/uthman/uniccon_mob/install/serial_motor_demo_msgs/share/serial_motor_demo_msgs/cmake/export_serial_motor_demo_msgs__rosidl_generator_pyExport-noconfig.cmake
[31.956s] Invoked command in '/home/uthman/uniccon_mob/build/serial_motor_demo_msgs' returned '0': CMAKE_PREFIX_PATH=${CMAKE_PREFIX_PATH}:/home/uthman/mob_ws/install/serial_motor_demo:/home/uthman/mob_ws/install/arduinobot_py:/home/uthman/ros2_ws/install/my_py_pkg:/opt/ros/humble /usr/bin/cmake --install /home/uthman/uniccon_mob/build/serial_motor_demo_msgs
