[1.992s] Invoking command in '/home/uthman/uniccon_mob/build/serial': CMAKE_PREFIX_PATH=${CMAKE_PREFIX_PATH}:/home/uthman/uniccon_mob/install/serial_motor_demo:/home/uthman/uniccon_mob/install/camera_node:/home/uthman/mob_ws/install/serial_motor_demo:/home/uthman/mob_ws/install/arduinobot_py:/home/uthman/ros2_ws/install/my_py_pkg:/opt/ros/humble /usr/bin/cmake /home/uthman/uniccon_mob/src/serial -DAMENT_CMAKE_SYMLINK_INSTALL=1 -DCMAKE_INSTALL_PREFIX=/home/uthman/uniccon_mob/install/serial
[3.906s] -- Found ament_cmake: 1.3.5 (/opt/ros/humble/share/ament_cmake/cmake)
[3.906s] -- Override CMake install command with custom implementation using symlinks instead of copying resources
[3.907s] -- Found ament_cmake_gtest: 1.3.5 (/opt/ros/humble/share/ament_cmake_gtest/cmake)
[3.907s] -- Found gtest sources under '/opt/ros/humble/src/gtest_vendor': C++ tests using 'Google Test' will be built
[4.196s] -- Configuring done
[4.451s] -- Generating done
[4.469s] -- Build files have been written to: /home/uthman/uniccon_mob/build/serial
[4.491s] Invoked command in '/home/uthman/uniccon_mob/build/serial' returned '0': CMAKE_PREFIX_PATH=${CMAKE_PREFIX_PATH}:/home/uthman/uniccon_mob/install/serial_motor_demo:/home/uthman/uniccon_mob/install/camera_node:/home/uthman/mob_ws/install/serial_motor_demo:/home/uthman/mob_ws/install/arduinobot_py:/home/uthman/ros2_ws/install/my_py_pkg:/opt/ros/humble /usr/bin/cmake /home/uthman/uniccon_mob/src/serial -DAMENT_CMAKE_SYMLINK_INSTALL=1 -DCMAKE_INSTALL_PREFIX=/home/uthman/uniccon_mob/install/serial
[4.493s] Invoking command in '/home/uthman/uniccon_mob/build/serial': CMAKE_PREFIX_PATH=${CMAKE_PREFIX_PATH}:/home/uthman/uniccon_mob/install/serial_motor_demo:/home/uthman/uniccon_mob/install/camera_node:/home/uthman/mob_ws/install/serial_motor_demo:/home/uthman/mob_ws/install/arduinobot_py:/home/uthman/ros2_ws/install/my_py_pkg:/opt/ros/humble /usr/bin/cmake --build /home/uthman/uniccon_mob/build/serial -- -j4 -l4
[4.802s] [35m[1mConsolidate compiler generated dependencies of target gtest[0m
[4.814s] [35m[1mConsolidate compiler generated dependencies of target gtest_main[0m
[4.871s] [35m[1mConsolidate compiler generated dependencies of target serial[0m
[4.945s] [ 14%] Built target gtest_main
[4.960s] [ 28%] Built target gtest
[5.030s] [ 57%] Built target serial
[5.095s] [35m[1mConsolidate compiler generated dependencies of target serial_example[0m
[5.166s] [35m[1mConsolidate compiler generated dependencies of target serial-test[0m
[5.214s] [35m[1mConsolidate compiler generated dependencies of target serial-test-timer[0m
[5.255s] [ 71%] Built target serial_example
[5.320s] [ 85%] Built target serial-test
[5.330s] [100%] Built target serial-test-timer
[5.400s] Invoked command in '/home/uthman/uniccon_mob/build/serial' returned '0': CMAKE_PREFIX_PATH=${CMAKE_PREFIX_PATH}:/home/uthman/uniccon_mob/install/serial_motor_demo:/home/uthman/uniccon_mob/install/camera_node:/home/uthman/mob_ws/install/serial_motor_demo:/home/uthman/mob_ws/install/arduinobot_py:/home/uthman/ros2_ws/install/my_py_pkg:/opt/ros/humble /usr/bin/cmake --build /home/uthman/uniccon_mob/build/serial -- -j4 -l4
[5.765s] Invoking command in '/home/uthman/uniccon_mob/build/serial': CMAKE_PREFIX_PATH=${CMAKE_PREFIX_PATH}:/home/uthman/uniccon_mob/install/serial_motor_demo:/home/uthman/uniccon_mob/install/camera_node:/home/uthman/mob_ws/install/serial_motor_demo:/home/uthman/mob_ws/install/arduinobot_py:/home/uthman/ros2_ws/install/my_py_pkg:/opt/ros/humble /usr/bin/cmake --install /home/uthman/uniccon_mob/build/serial
[5.818s] -- Install configuration: ""
[5.823s] -- Execute custom install script
[5.826s] -- Up-to-date symlink: /home/uthman/uniccon_mob/install/serial/lib/libserial.a
[5.829s] -- Up-to-date symlink: /home/uthman/uniccon_mob/install/serial/include/serial/serial.h
[5.831s] -- Up-to-date symlink: /home/uthman/uniccon_mob/install/serial/include/serial/v8stdint.h
[5.835s] -- Up-to-date symlink: /home/uthman/uniccon_mob/install/serial/share/serial/environment/library_path.sh
[5.837s] -- Up-to-date symlink: /home/uthman/uniccon_mob/install/serial/share/serial/environment/library_path.dsv
[5.840s] -- Up-to-date symlink: /home/uthman/uniccon_mob/install/serial/share/ament_index/resource_index/package_run_dependencies/serial
[5.842s] -- Up-to-date symlink: /home/uthman/uniccon_mob/install/serial/share/ament_index/resource_index/parent_prefix_path/serial
[5.844s] -- Up-to-date symlink: /home/uthman/uniccon_mob/install/serial/share/serial/environment/ament_prefix_path.sh
[5.845s] -- Up-to-date symlink: /home/uthman/uniccon_mob/install/serial/share/serial/environment/ament_prefix_path.dsv
[5.846s] -- Up-to-date symlink: /home/uthman/uniccon_mob/install/serial/share/serial/environment/path.sh
[5.847s] -- Up-to-date symlink: /home/uthman/uniccon_mob/install/serial/share/serial/environment/path.dsv
[5.850s] -- Up-to-date symlink: /home/uthman/uniccon_mob/install/serial/share/serial/local_setup.bash
[5.851s] -- Up-to-date symlink: /home/uthman/uniccon_mob/install/serial/share/serial/local_setup.sh
[5.852s] -- Up-to-date symlink: /home/uthman/uniccon_mob/install/serial/share/serial/local_setup.zsh
[5.853s] -- Up-to-date symlink: /home/uthman/uniccon_mob/install/serial/share/serial/local_setup.dsv
[5.853s] -- Symlinking: /home/uthman/uniccon_mob/install/serial/share/serial/package.dsv
[5.922s] -- Up-to-date symlink: /home/uthman/uniccon_mob/install/serial/share/ament_index/resource_index/packages/serial
[5.924s] -- Up-to-date symlink: /home/uthman/uniccon_mob/install/serial/share/serial/cmake/ament_cmake_export_include_directories-extras.cmake
[5.926s] -- Up-to-date symlink: /home/uthman/uniccon_mob/install/serial/share/serial/cmake/ament_cmake_export_libraries-extras.cmake
[5.928s] -- Up-to-date symlink: /home/uthman/uniccon_mob/install/serial/share/serial/cmake/serialConfig.cmake
[5.930s] -- Up-to-date symlink: /home/uthman/uniccon_mob/install/serial/share/serial/cmake/serialConfig-version.cmake
[5.932s] -- Up-to-date symlink: /home/uthman/uniccon_mob/install/serial/share/serial/package.xml
[5.947s] Invoked command in '/home/uthman/uniccon_mob/build/serial' returned '0': CMAKE_PREFIX_PATH=${CMAKE_PREFIX_PATH}:/home/uthman/uniccon_mob/install/serial_motor_demo:/home/uthman/uniccon_mob/install/camera_node:/home/uthman/mob_ws/install/serial_motor_demo:/home/uthman/mob_ws/install/arduinobot_py:/home/uthman/ros2_ws/install/my_py_pkg:/opt/ros/humble /usr/bin/cmake --install /home/uthman/uniccon_mob/build/serial
