[1.533s] Invoking command in '/home/uthman/uniccon_mob/build/serial_motor_demo_msgs': CMAKE_PREFIX_PATH=${CMAKE_PREFIX_PATH}:/home/uthman/uniccon_mob/install/serial_motor_demo:/home/uthman/uniccon_mob/install/camera_node:/home/uthman/mob_ws/install/serial_motor_demo:/home/uthman/mob_ws/install/arduinobot_py:/home/uthman/ros2_ws/install/my_py_pkg:/opt/ros/humble /usr/bin/cmake /home/uthman/uniccon_mob/src/serial_motor_demo_msgs -DAMENT_CMAKE_SYMLINK_INSTALL=1 -DCMAKE_INSTALL_PREFIX=/home/uthman/uniccon_mob/install/serial_motor_demo_msgs
[3.427s] -- Found ament_cmake: 1.3.5 (/opt/ros/humble/share/ament_cmake/cmake)
[3.428s] -- Override CMake install command with custom implementation using symlinks instead of copying resources
[3.428s] -- Found ament_lint_auto: 0.12.8 (/opt/ros/humble/share/ament_lint_auto/cmake)
[3.429s] -- Found rosidl_default_generators: 1.2.0 (/opt/ros/humble/share/rosidl_default_generators/cmake)
[3.474s] -- Using all available rosidl_typesupport_c: rosidl_typesupport_fastrtps_c;rosidl_typesupport_introspection_c
[3.610s] -- Found rosidl_adapter: 3.1.5 (/opt/ros/humble/share/rosidl_adapter/cmake)
[4.473s] -- Using all available rosidl_typesupport_cpp: rosidl_typesupport_fastrtps_cpp;rosidl_typesupport_introspection_cpp
[6.645s] -- Found ament_cmake_ros: 0.10.0 (/opt/ros/humble/share/ament_cmake_ros/cmake)
[7.946s] -- Using all available rosidl_typesupport_c: rosidl_typesupport_fastrtps_c;rosidl_typesupport_introspection_c
[10.076s] -- Using all available rosidl_typesupport_cpp: rosidl_typesupport_fastrtps_cpp;rosidl_typesupport_introspection_cpp
[10.286s] -- Found python_cmake_module: 0.10.0 (/opt/ros/humble/share/python_cmake_module/cmake)
[10.559s] -- Using PYTHON_EXECUTABLE: /usr/bin/python3
[10.559s] -- Using PYTHON_INCLUDE_DIRS: /usr/include/python3.10
[10.560s] -- Using PYTHON_LIBRARIES: /usr/lib/x86_64-linux-gnu/libpython3.10.so
[10.814s] -- Added test 'copyright' to check source files copyright and LICENSE
[10.825s] -- Added test 'lint_cmake' to check CMake code style
[10.838s] -- Added test 'xmllint' to check XML markup files
[10.942s] -- Configuring done
[11.384s] -- Generating done
[11.404s] -- Build files have been written to: /home/uthman/uniccon_mob/build/serial_motor_demo_msgs
[12.302s] Invoked command in '/home/uthman/uniccon_mob/build/serial_motor_demo_msgs' returned '0': CMAKE_PREFIX_PATH=${CMAKE_PREFIX_PATH}:/home/uthman/uniccon_mob/install/serial_motor_demo:/home/uthman/uniccon_mob/install/camera_node:/home/uthman/mob_ws/install/serial_motor_demo:/home/uthman/mob_ws/install/arduinobot_py:/home/uthman/ros2_ws/install/my_py_pkg:/opt/ros/humble /usr/bin/cmake /home/uthman/uniccon_mob/src/serial_motor_demo_msgs -DAMENT_CMAKE_SYMLINK_INSTALL=1 -DCMAKE_INSTALL_PREFIX=/home/uthman/uniccon_mob/install/serial_motor_demo_msgs
[12.304s] Invoking command in '/home/uthman/uniccon_mob/build/serial_motor_demo_msgs': CMAKE_PREFIX_PATH=${CMAKE_PREFIX_PATH}:/home/uthman/uniccon_mob/install/serial_motor_demo:/home/uthman/uniccon_mob/install/camera_node:/home/uthman/mob_ws/install/serial_motor_demo:/home/uthman/mob_ws/install/arduinobot_py:/home/uthman/ros2_ws/install/my_py_pkg:/opt/ros/humble /usr/bin/cmake --build /home/uthman/uniccon_mob/build/serial_motor_demo_msgs -- -j4 -l4
[12.665s] [35m[1mConsolidate compiler generated dependencies of target serial_motor_demo_msgs__rosidl_generator_c[0m
[12.737s] [  2%] Built target serial_motor_demo_msgs__cpp
[12.877s] [35m[1mConsolidate compiler generated dependencies of target serial_motor_demo_msgs__rosidl_typesupport_cpp[0m
[12.923s] [ 12%] Built target serial_motor_demo_msgs__rosidl_generator_c
[12.963s] [35m[1mConsolidate compiler generated dependencies of target serial_motor_demo_msgs__rosidl_typesupport_fastrtps_cpp[0m
[12.978s] [ 12%] Built target ament_cmake_python_symlink_serial_motor_demo_msgs
[13.082s] [35m[1mConsolidate compiler generated dependencies of target serial_motor_demo_msgs__rosidl_typesupport_introspection_cpp[0m
[13.115s] [35m[1mConsolidate compiler generated dependencies of target serial_motor_demo_msgs__rosidl_typesupport_fastrtps_c[0m
[13.149s] [ 23%] Built target serial_motor_demo_msgs__rosidl_typesupport_cpp
[13.198s] [ 34%] Built target serial_motor_demo_msgs__rosidl_typesupport_fastrtps_cpp
[13.268s] [ 44%] Built target serial_motor_demo_msgs__rosidl_typesupport_introspection_cpp
[13.327s] [35m[1mConsolidate compiler generated dependencies of target serial_motor_demo_msgs__rosidl_typesupport_introspection_c[0m
[13.371s] [35m[1mConsolidate compiler generated dependencies of target serial_motor_demo_msgs__rosidl_typesupport_c[0m
[13.419s] [ 55%] Built target serial_motor_demo_msgs__rosidl_typesupport_fastrtps_c
[13.454s] [ 65%] Built target serial_motor_demo_msgs__rosidl_typesupport_introspection_c
[13.518s] [ 76%] Built target serial_motor_demo_msgs__rosidl_typesupport_c
[13.686s] [ 76%] Built target serial_motor_demo_msgs
[13.820s] [ 78%] Built target serial_motor_demo_msgs__py
[13.916s] [35m[1mConsolidate compiler generated dependencies of target serial_motor_demo_msgs__rosidl_generator_py[0m
[14.061s] [ 87%] Built target serial_motor_demo_msgs__rosidl_generator_py
[14.177s] [35m[1mConsolidate compiler generated dependencies of target serial_motor_demo_msgs__rosidl_typesupport_introspection_c__pyext[0m
[14.209s] [35m[1mConsolidate compiler generated dependencies of target serial_motor_demo_msgs__rosidl_typesupport_fastrtps_c__pyext[0m
[14.231s] [35m[1mConsolidate compiler generated dependencies of target serial_motor_demo_msgs__rosidl_typesupport_c__pyext[0m
[14.292s] [ 91%] Built target serial_motor_demo_msgs__rosidl_typesupport_introspection_c__pyext
[14.384s] [ 95%] Built target serial_motor_demo_msgs__rosidl_typesupport_fastrtps_c__pyext
[14.402s] [100%] Built target serial_motor_demo_msgs__rosidl_typesupport_c__pyext
[15.305s] running egg_info
[15.410s] writing serial_motor_demo_msgs.egg-info/PKG-INFO
[15.412s] writing dependency_links to serial_motor_demo_msgs.egg-info/dependency_links.txt
[15.414s] writing top-level names to serial_motor_demo_msgs.egg-info/top_level.txt
[15.723s] reading manifest file 'serial_motor_demo_msgs.egg-info/SOURCES.txt'
[15.727s] writing manifest file 'serial_motor_demo_msgs.egg-info/SOURCES.txt'
[15.854s] [100%] Built target ament_cmake_python_build_serial_motor_demo_msgs_egg
[15.907s] Invoked command in '/home/uthman/uniccon_mob/build/serial_motor_demo_msgs' returned '0': CMAKE_PREFIX_PATH=${CMAKE_PREFIX_PATH}:/home/uthman/uniccon_mob/install/serial_motor_demo:/home/uthman/uniccon_mob/install/camera_node:/home/uthman/mob_ws/install/serial_motor_demo:/home/uthman/mob_ws/install/arduinobot_py:/home/uthman/ros2_ws/install/my_py_pkg:/opt/ros/humble /usr/bin/cmake --build /home/uthman/uniccon_mob/build/serial_motor_demo_msgs -- -j4 -l4
[16.612s] Invoking command in '/home/uthman/uniccon_mob/build/serial_motor_demo_msgs': CMAKE_PREFIX_PATH=${CMAKE_PREFIX_PATH}:/home/uthman/uniccon_mob/install/serial_motor_demo:/home/uthman/uniccon_mob/install/camera_node:/home/uthman/mob_ws/install/serial_motor_demo:/home/uthman/mob_ws/install/arduinobot_py:/home/uthman/ros2_ws/install/my_py_pkg:/opt/ros/humble /usr/bin/cmake --install /home/uthman/uniccon_mob/build/serial_motor_demo_msgs
[16.653s] -- Install configuration: ""
[16.656s] -- Execute custom install script
[16.658s] -- Up-to-date symlink: /home/uthman/uniccon_mob/install/serial_motor_demo_msgs/share/ament_index/resource_index/rosidl_interfaces/serial_motor_demo_msgs
[16.661s] -- Up-to-date symlink: /home/uthman/uniccon_mob/install/serial_motor_demo_msgs/include/serial_motor_demo_msgs/serial_motor_demo_msgs/msg/detail/encoder_vals__functions.h
[16.662s] -- Up-to-date symlink: /home/uthman/uniccon_mob/install/serial_motor_demo_msgs/include/serial_motor_demo_msgs/serial_motor_demo_msgs/msg/detail/encoder_vals__struct.h
[16.662s] -- Up-to-date symlink: /home/uthman/uniccon_mob/install/serial_motor_demo_msgs/include/serial_motor_demo_msgs/serial_motor_demo_msgs/msg/detail/encoder_vals__type_support.h
[16.663s] -- Up-to-date symlink: /home/uthman/uniccon_mob/install/serial_motor_demo_msgs/include/serial_motor_demo_msgs/serial_motor_demo_msgs/msg/detail/motor_command__functions.h
[16.664s] -- Up-to-date symlink: /home/uthman/uniccon_mob/install/serial_motor_demo_msgs/include/serial_motor_demo_msgs/serial_motor_demo_msgs/msg/detail/motor_command__struct.h
[16.665s] -- Up-to-date symlink: /home/uthman/uniccon_mob/install/serial_motor_demo_msgs/include/serial_motor_demo_msgs/serial_motor_demo_msgs/msg/detail/motor_command__type_support.h
[16.666s] -- Up-to-date symlink: /home/uthman/uniccon_mob/install/serial_motor_demo_msgs/include/serial_motor_demo_msgs/serial_motor_demo_msgs/msg/detail/motor_vels__functions.h
[16.666s] -- Up-to-date symlink: /home/uthman/uniccon_mob/install/serial_motor_demo_msgs/include/serial_motor_demo_msgs/serial_motor_demo_msgs/msg/detail/motor_vels__struct.h
[16.667s] -- Up-to-date symlink: /home/uthman/uniccon_mob/install/serial_motor_demo_msgs/include/serial_motor_demo_msgs/serial_motor_demo_msgs/msg/detail/motor_vels__type_support.h
[16.668s] -- Up-to-date symlink: /home/uthman/uniccon_mob/install/serial_motor_demo_msgs/include/serial_motor_demo_msgs/serial_motor_demo_msgs/msg/encoder_vals.h
[16.669s] -- Up-to-date symlink: /home/uthman/uniccon_mob/install/serial_motor_demo_msgs/include/serial_motor_demo_msgs/serial_motor_demo_msgs/msg/motor_command.h
[16.669s] -- Up-to-date symlink: /home/uthman/uniccon_mob/install/serial_motor_demo_msgs/include/serial_motor_demo_msgs/serial_motor_demo_msgs/msg/motor_vels.h
[16.670s] -- Up-to-date symlink: /home/uthman/uniccon_mob/install/serial_motor_demo_msgs/include/serial_motor_demo_msgs/serial_motor_demo_msgs/msg/rosidl_generator_c__visibility_control.h
[16.671s] -- Up-to-date symlink: /home/uthman/uniccon_mob/install/serial_motor_demo_msgs/share/serial_motor_demo_msgs/environment/library_path.sh
[16.672s] -- Up-to-date symlink: /home/uthman/uniccon_mob/install/serial_motor_demo_msgs/share/serial_motor_demo_msgs/environment/library_path.dsv
[16.675s] -- Up-to-date symlink: /home/uthman/uniccon_mob/install/serial_motor_demo_msgs/include/serial_motor_demo_msgs/serial_motor_demo_msgs/msg/detail/encoder_vals__rosidl_typesupport_fastrtps_c.h
[16.676s] -- Up-to-date symlink: /home/uthman/uniccon_mob/install/serial_motor_demo_msgs/include/serial_motor_demo_msgs/serial_motor_demo_msgs/msg/detail/motor_command__rosidl_typesupport_fastrtps_c.h
[16.677s] -- Up-to-date symlink: /home/uthman/uniccon_mob/install/serial_motor_demo_msgs/include/serial_motor_demo_msgs/serial_motor_demo_msgs/msg/detail/motor_vels__rosidl_typesupport_fastrtps_c.h
[16.678s] -- Up-to-date symlink: /home/uthman/uniccon_mob/install/serial_motor_demo_msgs/include/serial_motor_demo_msgs/serial_motor_demo_msgs/msg/rosidl_typesupport_fastrtps_c__visibility_control.h
[16.680s] -- Up-to-date symlink: /home/uthman/uniccon_mob/install/serial_motor_demo_msgs/include/serial_motor_demo_msgs/serial_motor_demo_msgs/msg/detail/encoder_vals__rosidl_typesupport_introspection_c.h
[16.680s] -- Up-to-date symlink: /home/uthman/uniccon_mob/install/serial_motor_demo_msgs/include/serial_motor_demo_msgs/serial_motor_demo_msgs/msg/detail/motor_command__rosidl_typesupport_introspection_c.h
[16.681s] -- Up-to-date symlink: /home/uthman/uniccon_mob/install/serial_motor_demo_msgs/include/serial_motor_demo_msgs/serial_motor_demo_msgs/msg/detail/motor_vels__rosidl_typesupport_introspection_c.h
[16.682s] -- Up-to-date symlink: /home/uthman/uniccon_mob/install/serial_motor_demo_msgs/include/serial_motor_demo_msgs/serial_motor_demo_msgs/msg/rosidl_typesupport_introspection_c__visibility_control.h
[16.685s] -- Up-to-date symlink: /home/uthman/uniccon_mob/install/serial_motor_demo_msgs/include/serial_motor_demo_msgs/serial_motor_demo_msgs/msg/detail/encoder_vals__builder.hpp
[16.685s] -- Up-to-date symlink: /home/uthman/uniccon_mob/install/serial_motor_demo_msgs/include/serial_motor_demo_msgs/serial_motor_demo_msgs/msg/detail/encoder_vals__struct.hpp
[16.688s] -- Up-to-date symlink: /home/uthman/uniccon_mob/install/serial_motor_demo_msgs/include/serial_motor_demo_msgs/serial_motor_demo_msgs/msg/detail/encoder_vals__traits.hpp
[16.690s] -- Up-to-date symlink: /home/uthman/uniccon_mob/install/serial_motor_demo_msgs/include/serial_motor_demo_msgs/serial_motor_demo_msgs/msg/detail/motor_command__builder.hpp
[16.691s] -- Up-to-date symlink: /home/uthman/uniccon_mob/install/serial_motor_demo_msgs/include/serial_motor_demo_msgs/serial_motor_demo_msgs/msg/detail/motor_command__struct.hpp
[16.691s] -- Up-to-date symlink: /home/uthman/uniccon_mob/install/serial_motor_demo_msgs/include/serial_motor_demo_msgs/serial_motor_demo_msgs/msg/detail/motor_command__traits.hpp
[16.692s] -- Up-to-date symlink: /home/uthman/uniccon_mob/install/serial_motor_demo_msgs/include/serial_motor_demo_msgs/serial_motor_demo_msgs/msg/detail/motor_vels__builder.hpp
[16.693s] -- Up-to-date symlink: /home/uthman/uniccon_mob/install/serial_motor_demo_msgs/include/serial_motor_demo_msgs/serial_motor_demo_msgs/msg/detail/motor_vels__struct.hpp
[16.696s] -- Up-to-date symlink: /home/uthman/uniccon_mob/install/serial_motor_demo_msgs/include/serial_motor_demo_msgs/serial_motor_demo_msgs/msg/detail/motor_vels__traits.hpp
[16.697s] -- Up-to-date symlink: /home/uthman/uniccon_mob/install/serial_motor_demo_msgs/include/serial_motor_demo_msgs/serial_motor_demo_msgs/msg/encoder_vals.hpp
[16.698s] -- Up-to-date symlink: /home/uthman/uniccon_mob/install/serial_motor_demo_msgs/include/serial_motor_demo_msgs/serial_motor_demo_msgs/msg/motor_command.hpp
[16.698s] -- Up-to-date symlink: /home/uthman/uniccon_mob/install/serial_motor_demo_msgs/include/serial_motor_demo_msgs/serial_motor_demo_msgs/msg/motor_vels.hpp
[16.699s] -- Up-to-date symlink: /home/uthman/uniccon_mob/install/serial_motor_demo_msgs/include/serial_motor_demo_msgs/serial_motor_demo_msgs/msg/detail/encoder_vals__rosidl_typesupport_fastrtps_cpp.hpp
[16.699s] -- Up-to-date symlink: /home/uthman/uniccon_mob/install/serial_motor_demo_msgs/include/serial_motor_demo_msgs/serial_motor_demo_msgs/msg/detail/motor_command__rosidl_typesupport_fastrtps_cpp.hpp
[16.699s] -- Up-to-date symlink: /home/uthman/uniccon_mob/install/serial_motor_demo_msgs/include/serial_motor_demo_msgs/serial_motor_demo_msgs/msg/detail/motor_vels__rosidl_typesupport_fastrtps_cpp.hpp
[16.700s] -- Up-to-date symlink: /home/uthman/uniccon_mob/install/serial_motor_demo_msgs/include/serial_motor_demo_msgs/serial_motor_demo_msgs/msg/rosidl_typesupport_fastrtps_cpp__visibility_control.h
[16.705s] -- Up-to-date symlink: /home/uthman/uniccon_mob/install/serial_motor_demo_msgs/include/serial_motor_demo_msgs/serial_motor_demo_msgs/msg/detail/encoder_vals__rosidl_typesupport_introspection_cpp.hpp
[16.707s] -- Up-to-date symlink: /home/uthman/uniccon_mob/install/serial_motor_demo_msgs/include/serial_motor_demo_msgs/serial_motor_demo_msgs/msg/detail/motor_command__rosidl_typesupport_introspection_cpp.hpp
[16.708s] -- Up-to-date symlink: /home/uthman/uniccon_mob/install/serial_motor_demo_msgs/include/serial_motor_demo_msgs/serial_motor_demo_msgs/msg/detail/motor_vels__rosidl_typesupport_introspection_cpp.hpp
[16.712s] -- Up-to-date symlink: /home/uthman/uniccon_mob/install/serial_motor_demo_msgs/share/serial_motor_demo_msgs/environment/pythonpath.sh
[16.713s] -- Up-to-date symlink: /home/uthman/uniccon_mob/install/serial_motor_demo_msgs/share/serial_motor_demo_msgs/environment/pythonpath.dsv
[16.714s] -- Up-to-date symlink: /home/uthman/uniccon_mob/install/serial_motor_demo_msgs/local/lib/python3.10/dist-packages/serial_motor_demo_msgs-0.0.0-py3.10.egg-info/PKG-INFO
[16.714s] -- Up-to-date symlink: /home/uthman/uniccon_mob/install/serial_motor_demo_msgs/local/lib/python3.10/dist-packages/serial_motor_demo_msgs-0.0.0-py3.10.egg-info/SOURCES.txt
[16.715s] -- Up-to-date symlink: /home/uthman/uniccon_mob/install/serial_motor_demo_msgs/local/lib/python3.10/dist-packages/serial_motor_demo_msgs-0.0.0-py3.10.egg-info/dependency_links.txt
[16.716s] -- Up-to-date symlink: /home/uthman/uniccon_mob/install/serial_motor_demo_msgs/local/lib/python3.10/dist-packages/serial_motor_demo_msgs-0.0.0-py3.10.egg-info/top_level.txt
[16.716s] -- Up-to-date symlink: /home/uthman/uniccon_mob/install/serial_motor_demo_msgs/local/lib/python3.10/dist-packages/serial_motor_demo_msgs/__init__.py
[16.717s] -- Up-to-date symlink: /home/uthman/uniccon_mob/install/serial_motor_demo_msgs/local/lib/python3.10/dist-packages/serial_motor_demo_msgs/_serial_motor_demo_msgs_s.ep.rosidl_typesupport_c.c
[16.718s] -- Up-to-date symlink: /home/uthman/uniccon_mob/install/serial_motor_demo_msgs/local/lib/python3.10/dist-packages/serial_motor_demo_msgs/_serial_motor_demo_msgs_s.ep.rosidl_typesupport_fastrtps_c.c
[16.718s] -- Up-to-date symlink: /home/uthman/uniccon_mob/install/serial_motor_demo_msgs/local/lib/python3.10/dist-packages/serial_motor_demo_msgs/_serial_motor_demo_msgs_s.ep.rosidl_typesupport_introspection_c.c
[16.719s] -- Up-to-date symlink: /home/uthman/uniccon_mob/install/serial_motor_demo_msgs/local/lib/python3.10/dist-packages/serial_motor_demo_msgs/libserial_motor_demo_msgs__rosidl_generator_py.so
[16.719s] -- Up-to-date symlink: /home/uthman/uniccon_mob/install/serial_motor_demo_msgs/local/lib/python3.10/dist-packages/serial_motor_demo_msgs/msg/__init__.py
[16.720s] -- Up-to-date symlink: /home/uthman/uniccon_mob/install/serial_motor_demo_msgs/local/lib/python3.10/dist-packages/serial_motor_demo_msgs/msg/_encoder_vals.py
[16.720s] -- Up-to-date symlink: /home/uthman/uniccon_mob/install/serial_motor_demo_msgs/local/lib/python3.10/dist-packages/serial_motor_demo_msgs/msg/_encoder_vals_s.c
[16.721s] -- Up-to-date symlink: /home/uthman/uniccon_mob/install/serial_motor_demo_msgs/local/lib/python3.10/dist-packages/serial_motor_demo_msgs/msg/_motor_command.py
[16.722s] -- Up-to-date symlink: /home/uthman/uniccon_mob/install/serial_motor_demo_msgs/local/lib/python3.10/dist-packages/serial_motor_demo_msgs/msg/_motor_command_s.c
[16.722s] -- Up-to-date symlink: /home/uthman/uniccon_mob/install/serial_motor_demo_msgs/local/lib/python3.10/dist-packages/serial_motor_demo_msgs/msg/_motor_vels.py
[16.723s] -- Up-to-date symlink: /home/uthman/uniccon_mob/install/serial_motor_demo_msgs/local/lib/python3.10/dist-packages/serial_motor_demo_msgs/msg/_motor_vels_s.c
[16.723s] -- Up-to-date symlink: /home/uthman/uniccon_mob/install/serial_motor_demo_msgs/local/lib/python3.10/dist-packages/serial_motor_demo_msgs/serial_motor_demo_msgs_s__rosidl_typesupport_c.cpython-310-x86_64-linux-gnu.so
[16.725s] -- Up-to-date symlink: /home/uthman/uniccon_mob/install/serial_motor_demo_msgs/local/lib/python3.10/dist-packages/serial_motor_demo_msgs/serial_motor_demo_msgs_s__rosidl_typesupport_fastrtps_c.cpython-310-x86_64-linux-gnu.so
[16.727s] -- Up-to-date symlink: /home/uthman/uniccon_mob/install/serial_motor_demo_msgs/local/lib/python3.10/dist-packages/serial_motor_demo_msgs/serial_motor_demo_msgs_s__rosidl_typesupport_introspection_c.cpython-310-x86_64-linux-gnu.so
[16.730s] -- Up-to-date symlink: /home/uthman/uniccon_mob/install/serial_motor_demo_msgs/local/lib/python3.10/dist-packages/serial_motor_demo_msgs/serial_motor_demo_msgs_s__rosidl_typesupport_fastrtps_c.cpython-310-x86_64-linux-gnu.so
[16.733s] -- Up-to-date symlink: /home/uthman/uniccon_mob/install/serial_motor_demo_msgs/local/lib/python3.10/dist-packages/serial_motor_demo_msgs/serial_motor_demo_msgs_s__rosidl_typesupport_introspection_c.cpython-310-x86_64-linux-gnu.so
[16.734s] -- Up-to-date symlink: /home/uthman/uniccon_mob/install/serial_motor_demo_msgs/local/lib/python3.10/dist-packages/serial_motor_demo_msgs/serial_motor_demo_msgs_s__rosidl_typesupport_c.cpython-310-x86_64-linux-gnu.so
[16.735s] -- Up-to-date symlink: /home/uthman/uniccon_mob/install/serial_motor_demo_msgs/share/serial_motor_demo_msgs/msg/MotorCommand.idl
[16.736s] -- Up-to-date symlink: /home/uthman/uniccon_mob/install/serial_motor_demo_msgs/share/serial_motor_demo_msgs/msg/MotorVels.idl
[16.737s] -- Up-to-date symlink: /home/uthman/uniccon_mob/install/serial_motor_demo_msgs/share/serial_motor_demo_msgs/msg/EncoderVals.idl
[16.738s] -- Up-to-date symlink: /home/uthman/uniccon_mob/install/serial_motor_demo_msgs/share/serial_motor_demo_msgs/msg/MotorCommand.msg
[16.740s] -- Up-to-date symlink: /home/uthman/uniccon_mob/install/serial_motor_demo_msgs/share/serial_motor_demo_msgs/msg/MotorVels.msg
[16.741s] -- Up-to-date symlink: /home/uthman/uniccon_mob/install/serial_motor_demo_msgs/share/serial_motor_demo_msgs/msg/EncoderVals.msg
[16.741s] -- Up-to-date symlink: /home/uthman/uniccon_mob/install/serial_motor_demo_msgs/share/ament_index/resource_index/package_run_dependencies/serial_motor_demo_msgs
[16.744s] -- Up-to-date symlink: /home/uthman/uniccon_mob/install/serial_motor_demo_msgs/share/ament_index/resource_index/parent_prefix_path/serial_motor_demo_msgs
[16.746s] -- Up-to-date symlink: /home/uthman/uniccon_mob/install/serial_motor_demo_msgs/share/serial_motor_demo_msgs/environment/ament_prefix_path.sh
[16.746s] -- Up-to-date symlink: /home/uthman/uniccon_mob/install/serial_motor_demo_msgs/share/serial_motor_demo_msgs/environment/ament_prefix_path.dsv
[16.748s] -- Up-to-date symlink: /home/uthman/uniccon_mob/install/serial_motor_demo_msgs/share/serial_motor_demo_msgs/environment/path.sh
[16.749s] -- Up-to-date symlink: /home/uthman/uniccon_mob/install/serial_motor_demo_msgs/share/serial_motor_demo_msgs/environment/path.dsv
[16.751s] -- Up-to-date symlink: /home/uthman/uniccon_mob/install/serial_motor_demo_msgs/share/serial_motor_demo_msgs/local_setup.bash
[16.752s] -- Up-to-date symlink: /home/uthman/uniccon_mob/install/serial_motor_demo_msgs/share/serial_motor_demo_msgs/local_setup.sh
[16.753s] -- Up-to-date symlink: /home/uthman/uniccon_mob/install/serial_motor_demo_msgs/share/serial_motor_demo_msgs/local_setup.zsh
[16.753s] -- Up-to-date symlink: /home/uthman/uniccon_mob/install/serial_motor_demo_msgs/share/serial_motor_demo_msgs/local_setup.dsv
[16.754s] -- Symlinking: /home/uthman/uniccon_mob/install/serial_motor_demo_msgs/share/serial_motor_demo_msgs/package.dsv
[16.791s] -- Up-to-date symlink: /home/uthman/uniccon_mob/install/serial_motor_demo_msgs/share/ament_index/resource_index/packages/serial_motor_demo_msgs
[16.792s] -- Up-to-date symlink: /home/uthman/uniccon_mob/install/serial_motor_demo_msgs/share/serial_motor_demo_msgs/cmake/rosidl_cmake-extras.cmake
[16.793s] -- Up-to-date symlink: /home/uthman/uniccon_mob/install/serial_motor_demo_msgs/share/serial_motor_demo_msgs/cmake/ament_cmake_export_include_directories-extras.cmake
[16.794s] -- Up-to-date symlink: /home/uthman/uniccon_mob/install/serial_motor_demo_msgs/share/serial_motor_demo_msgs/cmake/ament_cmake_export_libraries-extras.cmake
[16.795s] -- Up-to-date symlink: /home/uthman/uniccon_mob/install/serial_motor_demo_msgs/share/serial_motor_demo_msgs/cmake/ament_cmake_export_targets-extras.cmake
[16.797s] -- Up-to-date symlink: /home/uthman/uniccon_mob/install/serial_motor_demo_msgs/share/serial_motor_demo_msgs/cmake/rosidl_cmake_export_typesupport_targets-extras.cmake
[16.798s] -- Up-to-date symlink: /home/uthman/uniccon_mob/install/serial_motor_demo_msgs/share/serial_motor_demo_msgs/cmake/ament_cmake_export_dependencies-extras.cmake
[16.798s] -- Up-to-date symlink: /home/uthman/uniccon_mob/install/serial_motor_demo_msgs/share/serial_motor_demo_msgs/cmake/rosidl_cmake_export_typesupport_libraries-extras.cmake
[16.800s] -- Up-to-date symlink: /home/uthman/uniccon_mob/install/serial_motor_demo_msgs/share/serial_motor_demo_msgs/cmake/serial_motor_demo_msgsConfig.cmake
[16.800s] -- Up-to-date symlink: /home/uthman/uniccon_mob/install/serial_motor_demo_msgs/share/serial_motor_demo_msgs/cmake/serial_motor_demo_msgsConfig-version.cmake
[16.801s] -- Up-to-date symlink: /home/uthman/uniccon_mob/install/serial_motor_demo_msgs/share/serial_motor_demo_msgs/package.xml
[16.803s] -- Up-to-date: /home/uthman/uniccon_mob/install/serial_motor_demo_msgs/lib/libserial_motor_demo_msgs__rosidl_generator_c.so
[16.805s] -- Up-to-date: /home/uthman/uniccon_mob/install/serial_motor_demo_msgs/lib/libserial_motor_demo_msgs__rosidl_typesupport_fastrtps_c.so
[16.807s] -- Up-to-date: /home/uthman/uniccon_mob/install/serial_motor_demo_msgs/lib/libserial_motor_demo_msgs__rosidl_typesupport_introspection_c.so
[16.809s] -- Up-to-date: /home/uthman/uniccon_mob/install/serial_motor_demo_msgs/lib/libserial_motor_demo_msgs__rosidl_typesupport_c.so
[16.811s] -- Up-to-date: /home/uthman/uniccon_mob/install/serial_motor_demo_msgs/lib/libserial_motor_demo_msgs__rosidl_typesupport_fastrtps_cpp.so
[16.813s] -- Up-to-date: /home/uthman/uniccon_mob/install/serial_motor_demo_msgs/lib/libserial_motor_demo_msgs__rosidl_typesupport_introspection_cpp.so
[16.815s] -- Up-to-date: /home/uthman/uniccon_mob/install/serial_motor_demo_msgs/lib/libserial_motor_demo_msgs__rosidl_typesupport_cpp.so
[16.989s] Listing '/home/uthman/uniccon_mob/install/serial_motor_demo_msgs/local/lib/python3.10/dist-packages/serial_motor_demo_msgs'...
[16.992s] Compiling '/home/uthman/uniccon_mob/install/serial_motor_demo_msgs/local/lib/python3.10/dist-packages/serial_motor_demo_msgs/__init__.py'...
[16.992s] Listing '/home/uthman/uniccon_mob/install/serial_motor_demo_msgs/local/lib/python3.10/dist-packages/serial_motor_demo_msgs/msg'...
[17.012s] -- Up-to-date: /home/uthman/uniccon_mob/install/serial_motor_demo_msgs/lib/libserial_motor_demo_msgs__rosidl_generator_py.so
[17.013s] -- Up-to-date: /home/uthman/uniccon_mob/install/serial_motor_demo_msgs/share/serial_motor_demo_msgs/cmake/export_serial_motor_demo_msgs__rosidl_generator_cExport.cmake
[17.014s] -- Up-to-date: /home/uthman/uniccon_mob/install/serial_motor_demo_msgs/share/serial_motor_demo_msgs/cmake/export_serial_motor_demo_msgs__rosidl_generator_cExport-noconfig.cmake
[17.015s] -- Up-to-date: /home/uthman/uniccon_mob/install/serial_motor_demo_msgs/share/serial_motor_demo_msgs/cmake/export_serial_motor_demo_msgs__rosidl_typesupport_fastrtps_cExport.cmake
[17.016s] -- Up-to-date: /home/uthman/uniccon_mob/install/serial_motor_demo_msgs/share/serial_motor_demo_msgs/cmake/export_serial_motor_demo_msgs__rosidl_typesupport_fastrtps_cExport-noconfig.cmake
[17.017s] -- Up-to-date: /home/uthman/uniccon_mob/install/serial_motor_demo_msgs/share/serial_motor_demo_msgs/cmake/serial_motor_demo_msgs__rosidl_typesupport_introspection_cExport.cmake
[17.017s] -- Up-to-date: /home/uthman/uniccon_mob/install/serial_motor_demo_msgs/share/serial_motor_demo_msgs/cmake/serial_motor_demo_msgs__rosidl_typesupport_introspection_cExport-noconfig.cmake
[17.018s] -- Up-to-date: /home/uthman/uniccon_mob/install/serial_motor_demo_msgs/share/serial_motor_demo_msgs/cmake/serial_motor_demo_msgs__rosidl_typesupport_cExport.cmake
[17.018s] -- Up-to-date: /home/uthman/uniccon_mob/install/serial_motor_demo_msgs/share/serial_motor_demo_msgs/cmake/serial_motor_demo_msgs__rosidl_typesupport_cExport-noconfig.cmake
[17.019s] -- Up-to-date: /home/uthman/uniccon_mob/install/serial_motor_demo_msgs/share/serial_motor_demo_msgs/cmake/export_serial_motor_demo_msgs__rosidl_generator_cppExport.cmake
[17.019s] -- Up-to-date: /home/uthman/uniccon_mob/install/serial_motor_demo_msgs/share/serial_motor_demo_msgs/cmake/export_serial_motor_demo_msgs__rosidl_typesupport_fastrtps_cppExport.cmake
[17.020s] -- Up-to-date: /home/uthman/uniccon_mob/install/serial_motor_demo_msgs/share/serial_motor_demo_msgs/cmake/export_serial_motor_demo_msgs__rosidl_typesupport_fastrtps_cppExport-noconfig.cmake
[17.020s] -- Up-to-date: /home/uthman/uniccon_mob/install/serial_motor_demo_msgs/share/serial_motor_demo_msgs/cmake/serial_motor_demo_msgs__rosidl_typesupport_introspection_cppExport.cmake
[17.021s] -- Up-to-date: /home/uthman/uniccon_mob/install/serial_motor_demo_msgs/share/serial_motor_demo_msgs/cmake/serial_motor_demo_msgs__rosidl_typesupport_introspection_cppExport-noconfig.cmake
[17.021s] -- Up-to-date: /home/uthman/uniccon_mob/install/serial_motor_demo_msgs/share/serial_motor_demo_msgs/cmake/serial_motor_demo_msgs__rosidl_typesupport_cppExport.cmake
[17.021s] -- Up-to-date: /home/uthman/uniccon_mob/install/serial_motor_demo_msgs/share/serial_motor_demo_msgs/cmake/serial_motor_demo_msgs__rosidl_typesupport_cppExport-noconfig.cmake
[17.022s] -- Up-to-date: /home/uthman/uniccon_mob/install/serial_motor_demo_msgs/share/serial_motor_demo_msgs/cmake/export_serial_motor_demo_msgs__rosidl_generator_pyExport.cmake
[17.023s] -- Up-to-date: /home/uthman/uniccon_mob/install/serial_motor_demo_msgs/share/serial_motor_demo_msgs/cmake/export_serial_motor_demo_msgs__rosidl_generator_pyExport-noconfig.cmake
[17.030s] Invoked command in '/home/uthman/uniccon_mob/build/serial_motor_demo_msgs' returned '0': CMAKE_PREFIX_PATH=${CMAKE_PREFIX_PATH}:/home/uthman/uniccon_mob/install/serial_motor_demo:/home/uthman/uniccon_mob/install/camera_node:/home/uthman/mob_ws/install/serial_motor_demo:/home/uthman/mob_ws/install/arduinobot_py:/home/uthman/ros2_ws/install/my_py_pkg:/opt/ros/humble /usr/bin/cmake --install /home/uthman/uniccon_mob/build/serial_motor_demo_msgs
