-- Install configuration: ""
-- Up-to-date: /home/uthman/uniccon_mob/install/uniccon_robot/share/uniccon_robot/config
-- Up-to-date: /home/uthman/uniccon_mob/install/uniccon_robot/share/uniccon_robot/config/robot_world.rviz
-- Up-to-date: /home/uthman/uniccon_mob/install/uniccon_robot/share/uniccon_robot/config/mapper_params_online_async.yaml
-- Up-to-date: /home/uthman/uniccon_mob/install/uniccon_robot/share/uniccon_robot/config/my_controllers.yaml
-- Up-to-date: /home/uthman/uniccon_mob/install/uniccon_robot/share/uniccon_robot/config/gazebo_params.yaml
-- Up-to-date: /home/uthman/uniccon_mob/install/uniccon_robot/share/uniccon_robot/config/slam_toolbox_default.rviz
-- Up-to-date: /home/uthman/uniccon_mob/install/uniccon_robot/share/uniccon_robot/config/empty.yaml
-- Installing: /home/uthman/uniccon_mob/install/uniccon_robot/share/uniccon_robot/config/joystick.yaml
-- Installing: /home/uthman/uniccon_mob/install/uniccon_robot/share/uniccon_robot/config/twist_mux.yaml
-- Up-to-date: /home/uthman/uniccon_mob/install/uniccon_robot/share/uniccon_robot/description
-- Up-to-date: /home/uthman/uniccon_mob/install/uniccon_robot/share/uniccon_robot/description/inertial_macros.xacro
-- Up-to-date: /home/uthman/uniccon_mob/install/uniccon_robot/share/uniccon_robot/description/depth_camera.xacro
-- Up-to-date: /home/uthman/uniccon_mob/install/uniccon_robot/share/uniccon_robot/description/lidar.xacro
-- Up-to-date: /home/uthman/uniccon_mob/install/uniccon_robot/share/uniccon_robot/description/robot.urdf.xacro
-- Installing: /home/uthman/uniccon_mob/install/uniccon_robot/share/uniccon_robot/description/robot_core.xacro
-- Up-to-date: /home/uthman/uniccon_mob/install/uniccon_robot/share/uniccon_robot/description/ros2_control.xacro
-- Up-to-date: /home/uthman/uniccon_mob/install/uniccon_robot/share/uniccon_robot/description/camera.xacro
-- Up-to-date: /home/uthman/uniccon_mob/install/uniccon_robot/share/uniccon_robot/description/gazebo_control.xacro
-- Up-to-date: /home/uthman/uniccon_mob/install/uniccon_robot/share/uniccon_robot/launch
-- Installing: /home/uthman/uniccon_mob/install/uniccon_robot/share/uniccon_robot/launch/joystick.launch.py
-- Up-to-date: /home/uthman/uniccon_mob/install/uniccon_robot/share/uniccon_robot/launch/rsp.launch.py
-- Up-to-date: /home/uthman/uniccon_mob/install/uniccon_robot/share/uniccon_robot/launch/launch_robot.launch.py
-- Up-to-date: /home/uthman/uniccon_mob/install/uniccon_robot/share/uniccon_robot/launch/launch_sim.launch.py
-- Up-to-date: /home/uthman/uniccon_mob/install/uniccon_robot/share/uniccon_robot/worlds
-- Up-to-date: /home/uthman/uniccon_mob/install/uniccon_robot/share/uniccon_robot/worlds/obstacle_world.world
-- Up-to-date: /home/uthman/uniccon_mob/install/uniccon_robot/share/uniccon_robot/worlds/empty.world
-- Up-to-date: /home/uthman/uniccon_mob/install/uniccon_robot/share/ament_index/resource_index/package_run_dependencies/uniccon_robot
-- Up-to-date: /home/uthman/uniccon_mob/install/uniccon_robot/share/ament_index/resource_index/parent_prefix_path/uniccon_robot
-- Up-to-date: /home/uthman/uniccon_mob/install/uniccon_robot/share/uniccon_robot/environment/ament_prefix_path.sh
-- Up-to-date: /home/uthman/uniccon_mob/install/uniccon_robot/share/uniccon_robot/environment/ament_prefix_path.dsv
-- Up-to-date: /home/uthman/uniccon_mob/install/uniccon_robot/share/uniccon_robot/environment/path.sh
-- Up-to-date: /home/uthman/uniccon_mob/install/uniccon_robot/share/uniccon_robot/environment/path.dsv
-- Up-to-date: /home/uthman/uniccon_mob/install/uniccon_robot/share/uniccon_robot/local_setup.bash
-- Up-to-date: /home/uthman/uniccon_mob/install/uniccon_robot/share/uniccon_robot/local_setup.sh
-- Up-to-date: /home/uthman/uniccon_mob/install/uniccon_robot/share/uniccon_robot/local_setup.zsh
-- Up-to-date: /home/uthman/uniccon_mob/install/uniccon_robot/share/uniccon_robot/local_setup.dsv
-- Installing: /home/uthman/uniccon_mob/install/uniccon_robot/share/uniccon_robot/package.dsv
-- Up-to-date: /home/uthman/uniccon_mob/install/uniccon_robot/share/ament_index/resource_index/packages/uniccon_robot
-- Up-to-date: /home/uthman/uniccon_mob/install/uniccon_robot/share/uniccon_robot/cmake/uniccon_robotConfig.cmake
-- Up-to-date: /home/uthman/uniccon_mob/install/uniccon_robot/share/uniccon_robot/cmake/uniccon_robotConfig-version.cmake
-- Up-to-date: /home/uthman/uniccon_mob/install/uniccon_robot/share/uniccon_robot/package.xml
