[3.478s] Invoking command in '/home/uthman/uniccon_mob/build/uniccon_robot': CMAKE_PREFIX_PATH=${CMAKE_PREFIX_PATH}:/home/uthman/uniccon_mob/install/serial_motor_demo:/home/uthman/uniccon_mob/install/camera_node:/home/uthman/mob_ws/install/serial_motor_demo:/home/uthman/mob_ws/install/arduinobot_py:/home/uthman/ros2_ws/install/my_py_pkg:/opt/ros/humble /usr/bin/cmake --build /home/uthman/uniccon_mob/build/uniccon_robot -- -j4 -l4
[3.975s] Invoked command in '/home/uthman/uniccon_mob/build/uniccon_robot' returned '0': CMAKE_PREFIX_PATH=${CMAKE_PREFIX_PATH}:/home/uthman/uniccon_mob/install/serial_motor_demo:/home/uthman/uniccon_mob/install/camera_node:/home/uthman/mob_ws/install/serial_motor_demo:/home/uthman/mob_ws/install/arduinobot_py:/home/uthman/ros2_ws/install/my_py_pkg:/opt/ros/humble /usr/bin/cmake --build /home/uthman/uniccon_mob/build/uniccon_robot -- -j4 -l4
[4.153s] Invoking command in '/home/uthman/uniccon_mob/build/uniccon_robot': CMAKE_PREFIX_PATH=${CMAKE_PREFIX_PATH}:/home/uthman/uniccon_mob/install/serial_motor_demo:/home/uthman/uniccon_mob/install/camera_node:/home/uthman/mob_ws/install/serial_motor_demo:/home/uthman/mob_ws/install/arduinobot_py:/home/uthman/ros2_ws/install/my_py_pkg:/opt/ros/humble /usr/bin/cmake --install /home/uthman/uniccon_mob/build/uniccon_robot
[4.207s] -- Install configuration: ""
[4.207s] -- Up-to-date: /home/uthman/uniccon_mob/install/uniccon_robot/share/uniccon_robot/config
[4.208s] -- Up-to-date: /home/uthman/uniccon_mob/install/uniccon_robot/share/uniccon_robot/config/robot_world.rviz
[4.209s] -- Up-to-date: /home/uthman/uniccon_mob/install/uniccon_robot/share/uniccon_robot/config/mapper_params_online_async.yaml
[4.209s] -- Up-to-date: /home/uthman/uniccon_mob/install/uniccon_robot/share/uniccon_robot/config/my_controllers.yaml
[4.210s] -- Up-to-date: /home/uthman/uniccon_mob/install/uniccon_robot/share/uniccon_robot/config/gazebo_params.yaml
[4.210s] -- Up-to-date: /home/uthman/uniccon_mob/install/uniccon_robot/share/uniccon_robot/config/slam_toolbox_default.rviz
[4.211s] -- Up-to-date: /home/uthman/uniccon_mob/install/uniccon_robot/share/uniccon_robot/config/empty.yaml
[4.211s] -- Installing: /home/uthman/uniccon_mob/install/uniccon_robot/share/uniccon_robot/config/joystick.yaml
[4.250s] -- Installing: /home/uthman/uniccon_mob/install/uniccon_robot/share/uniccon_robot/config/twist_mux.yaml
[4.262s] -- Up-to-date: /home/uthman/uniccon_mob/install/uniccon_robot/share/uniccon_robot/description
[4.263s] -- Up-to-date: /home/uthman/uniccon_mob/install/uniccon_robot/share/uniccon_robot/description/inertial_macros.xacro
[4.264s] -- Up-to-date: /home/uthman/uniccon_mob/install/uniccon_robot/share/uniccon_robot/description/depth_camera.xacro
[4.264s] -- Up-to-date: /home/uthman/uniccon_mob/install/uniccon_robot/share/uniccon_robot/description/lidar.xacro
[4.265s] -- Up-to-date: /home/uthman/uniccon_mob/install/uniccon_robot/share/uniccon_robot/description/robot.urdf.xacro
[4.266s] -- Installing: /home/uthman/uniccon_mob/install/uniccon_robot/share/uniccon_robot/description/robot_core.xacro
[4.267s] -- Up-to-date: /home/uthman/uniccon_mob/install/uniccon_robot/share/uniccon_robot/description/ros2_control.xacro
[4.268s] -- Up-to-date: /home/uthman/uniccon_mob/install/uniccon_robot/share/uniccon_robot/description/camera.xacro
[4.269s] -- Up-to-date: /home/uthman/uniccon_mob/install/uniccon_robot/share/uniccon_robot/description/gazebo_control.xacro
[4.270s] -- Up-to-date: /home/uthman/uniccon_mob/install/uniccon_robot/share/uniccon_robot/launch
[4.271s] -- Installing: /home/uthman/uniccon_mob/install/uniccon_robot/share/uniccon_robot/launch/joystick.launch.py
[4.272s] -- Up-to-date: /home/uthman/uniccon_mob/install/uniccon_robot/share/uniccon_robot/launch/rsp.launch.py
[4.272s] -- Up-to-date: /home/uthman/uniccon_mob/install/uniccon_robot/share/uniccon_robot/launch/launch_robot.launch.py
[4.272s] -- Up-to-date: /home/uthman/uniccon_mob/install/uniccon_robot/share/uniccon_robot/launch/launch_sim.launch.py
[4.273s] -- Up-to-date: /home/uthman/uniccon_mob/install/uniccon_robot/share/uniccon_robot/worlds
[4.273s] -- Up-to-date: /home/uthman/uniccon_mob/install/uniccon_robot/share/uniccon_robot/worlds/obstacle_world.world
[4.274s] -- Up-to-date: /home/uthman/uniccon_mob/install/uniccon_robot/share/uniccon_robot/worlds/empty.world
[4.277s] -- Up-to-date: /home/uthman/uniccon_mob/install/uniccon_robot/share/ament_index/resource_index/package_run_dependencies/uniccon_robot
[4.280s] -- Up-to-date: /home/uthman/uniccon_mob/install/uniccon_robot/share/ament_index/resource_index/parent_prefix_path/uniccon_robot
[4.280s] -- Up-to-date: /home/uthman/uniccon_mob/install/uniccon_robot/share/uniccon_robot/environment/ament_prefix_path.sh
[4.281s] -- Up-to-date: /home/uthman/uniccon_mob/install/uniccon_robot/share/uniccon_robot/environment/ament_prefix_path.dsv
[4.281s] -- Up-to-date: /home/uthman/uniccon_mob/install/uniccon_robot/share/uniccon_robot/environment/path.sh
[4.282s] -- Up-to-date: /home/uthman/uniccon_mob/install/uniccon_robot/share/uniccon_robot/environment/path.dsv
[4.282s] -- Up-to-date: /home/uthman/uniccon_mob/install/uniccon_robot/share/uniccon_robot/local_setup.bash
[4.283s] -- Up-to-date: /home/uthman/uniccon_mob/install/uniccon_robot/share/uniccon_robot/local_setup.sh
[4.283s] -- Up-to-date: /home/uthman/uniccon_mob/install/uniccon_robot/share/uniccon_robot/local_setup.zsh
[4.284s] -- Up-to-date: /home/uthman/uniccon_mob/install/uniccon_robot/share/uniccon_robot/local_setup.dsv
[4.284s] -- Installing: /home/uthman/uniccon_mob/install/uniccon_robot/share/uniccon_robot/package.dsv
[4.286s] -- Up-to-date: /home/uthman/uniccon_mob/install/uniccon_robot/share/ament_index/resource_index/packages/uniccon_robot
[4.287s] -- Up-to-date: /home/uthman/uniccon_mob/install/uniccon_robot/share/uniccon_robot/cmake/uniccon_robotConfig.cmake
[4.287s] -- Up-to-date: /home/uthman/uniccon_mob/install/uniccon_robot/share/uniccon_robot/cmake/uniccon_robotConfig-version.cmake
[4.287s] -- Up-to-date: /home/uthman/uniccon_mob/install/uniccon_robot/share/uniccon_robot/package.xml
[4.303s] Invoked command in '/home/uthman/uniccon_mob/build/uniccon_robot' returned '0': CMAKE_PREFIX_PATH=${CMAKE_PREFIX_PATH}:/home/uthman/uniccon_mob/install/serial_motor_demo:/home/uthman/uniccon_mob/install/camera_node:/home/uthman/mob_ws/install/serial_motor_demo:/home/uthman/mob_ws/install/arduinobot_py:/home/uthman/ros2_ws/install/my_py_pkg:/opt/ros/humble /usr/bin/cmake --install /home/uthman/uniccon_mob/build/uniccon_robot
