[1.746s] Invoking command in '/home/uthman/uniccon_mob/build/ydlidar_ros2_driver': CMAKE_PREFIX_PATH=${CMAKE_PREFIX_PATH}:/home/uthman/mob_ws/install/serial_motor_demo:/home/uthman/mob_ws/install/arduinobot_py:/home/uthman/ros2_ws/install/my_py_pkg:/opt/ros/humble /usr/bin/cmake /home/uthman/uniccon_mob/src/ydlidar_ros2_driver-master -DCMAKE_INSTALL_PREFIX=/home/uthman/uniccon_mob/install/ydlidar_ros2_driver
[1.954s] -- Found ament_cmake: 1.3.5 (/opt/ros/humble/share/ament_cmake/cmake)
[4.122s] -- Override CMake install command with custom implementation using symlinks instead of copying resources
[4.526s] -- Found rclcpp: 16.0.6 (/opt/ros/humble/share/rclcpp/cmake)
[5.393s] -- Found rosidl_generator_c: 3.1.5 (/opt/ros/humble/share/rosidl_generator_c/cmake)
[5.454s] -- Found rosidl_adapter: 3.1.5 (/opt/ros/humble/share/rosidl_adapter/cmake)
[5.528s] -- Found rosidl_generator_cpp: 3.1.5 (/opt/ros/humble/share/rosidl_generator_cpp/cmake)
[5.705s] -- Using all available rosidl_typesupport_c: rosidl_typesupport_fastrtps_c;rosidl_typesupport_introspection_c
[5.967s] -- Using all available rosidl_typesupport_cpp: rosidl_typesupport_fastrtps_cpp;rosidl_typesupport_introspection_cpp
[7.184s] -- Found rmw_implementation_cmake: 6.1.1 (/opt/ros/humble/share/rmw_implementation_cmake/cmake)
[7.206s] -- Found rmw_fastrtps_cpp: 6.2.4 (/opt/ros/humble/share/rmw_fastrtps_cpp/cmake)
[8.857s] -- Using RMW implementation 'rmw_fastrtps_cpp' as default
[12.618s] -- Found sensor_msgs: 4.2.3 (/opt/ros/humble/share/sensor_msgs/cmake)
[16.422s] -- Found visualization_msgs: 4.2.3 (/opt/ros/humble/share/visualization_msgs/cmake)
[18.267s] -- Found std_srvs: 4.2.3 (/opt/ros/humble/share/std_srvs/cmake)
[18.858s] -- Found ament_lint_auto: 0.12.8 (/opt/ros/humble/share/ament_lint_auto/cmake)
[19.786s] -- Added test 'copyright' to check source files copyright and LICENSE
[19.928s] -- Added test 'cppcheck' to perform static code analysis on C / C++ code
[19.929s] -- Configured cppcheck include dirs: /home/uthman/uniccon_mob/src/ydlidar_ros2_driver-master/src
[19.930s] -- Configured cppcheck exclude dirs and/or files: 
[20.052s] -- Added test 'cpplint' to check C / C++ code against the Google style
[20.053s] -- Configured cpplint exclude dirs and/or files: 
[20.112s] -- Added test 'flake8' to check Python code syntax and style conventions
[20.146s] -- Added test 'lint_cmake' to check CMake code style
[20.208s] -- Added test 'pep257' to check Python code against some of the docstring style conventions in PEP 257
[20.387s] -- Added test 'uncrustify' to check C / C++ code style
[20.389s] -- Configured uncrustify additional arguments: 
[20.425s] -- Added test 'xmllint' to check XML markup files
[20.436s] -- Configuring done
[20.746s] -- Generating done
[20.775s] -- Build files have been written to: /home/uthman/uniccon_mob/build/ydlidar_ros2_driver
[20.912s] Invoked command in '/home/uthman/uniccon_mob/build/ydlidar_ros2_driver' returned '0': CMAKE_PREFIX_PATH=${CMAKE_PREFIX_PATH}:/home/uthman/mob_ws/install/serial_motor_demo:/home/uthman/mob_ws/install/arduinobot_py:/home/uthman/ros2_ws/install/my_py_pkg:/opt/ros/humble /usr/bin/cmake /home/uthman/uniccon_mob/src/ydlidar_ros2_driver-master -DCMAKE_INSTALL_PREFIX=/home/uthman/uniccon_mob/install/ydlidar_ros2_driver
[20.917s] Invoking command in '/home/uthman/uniccon_mob/build/ydlidar_ros2_driver': CMAKE_PREFIX_PATH=${CMAKE_PREFIX_PATH}:/home/uthman/mob_ws/install/serial_motor_demo:/home/uthman/mob_ws/install/arduinobot_py:/home/uthman/ros2_ws/install/my_py_pkg:/opt/ros/humble /usr/bin/cmake --build /home/uthman/uniccon_mob/build/ydlidar_ros2_driver -- -j4 -l4
[21.920s] [35m[1mConsolidate compiler generated dependencies of target ydlidar_ros2_driver_node[0m
[21.947s] [35m[1mConsolidate compiler generated dependencies of target ydlidar_ros2_driver_client[0m
[22.477s] [ 50%] Built target ydlidar_ros2_driver_node
[22.543s] [100%] Built target ydlidar_ros2_driver_client
[23.301s] Invoked command in '/home/uthman/uniccon_mob/build/ydlidar_ros2_driver' returned '0': CMAKE_PREFIX_PATH=${CMAKE_PREFIX_PATH}:/home/uthman/mob_ws/install/serial_motor_demo:/home/uthman/mob_ws/install/arduinobot_py:/home/uthman/ros2_ws/install/my_py_pkg:/opt/ros/humble /usr/bin/cmake --build /home/uthman/uniccon_mob/build/ydlidar_ros2_driver -- -j4 -l4
[23.901s] Invoking command in '/home/uthman/uniccon_mob/build/ydlidar_ros2_driver': CMAKE_PREFIX_PATH=${CMAKE_PREFIX_PATH}:/home/uthman/mob_ws/install/serial_motor_demo:/home/uthman/mob_ws/install/arduinobot_py:/home/uthman/ros2_ws/install/my_py_pkg:/opt/ros/humble /usr/bin/cmake --install /home/uthman/uniccon_mob/build/ydlidar_ros2_driver
[24.015s] -- Install configuration: ""
[24.019s] -- Execute custom install script
[24.022s] -- Up-to-date symlink: /home/uthman/uniccon_mob/install/ydlidar_ros2_driver/lib/ydlidar_ros2_driver/ydlidar_ros2_driver_node
[24.023s] -- Up-to-date symlink: /home/uthman/uniccon_mob/install/ydlidar_ros2_driver/lib/ydlidar_ros2_driver/ydlidar_ros2_driver_client
[24.027s] -- Up-to-date symlink: /home/uthman/uniccon_mob/install/ydlidar_ros2_driver/share/ydlidar_ros2_driver/launch/__pycache__/ydlidar_launch.cpython-36.pyc
[24.029s] -- Up-to-date symlink: /home/uthman/uniccon_mob/install/ydlidar_ros2_driver/share/ydlidar_ros2_driver/launch/__pycache__/ydlidar_launch_view.cpython-36.pyc
[24.030s] -- Up-to-date symlink: /home/uthman/uniccon_mob/install/ydlidar_ros2_driver/share/ydlidar_ros2_driver/launch/ydlidar.py
[24.031s] -- Up-to-date symlink: /home/uthman/uniccon_mob/install/ydlidar_ros2_driver/share/ydlidar_ros2_driver/launch/ydlidar_launch.py
[24.033s] -- Up-to-date symlink: /home/uthman/uniccon_mob/install/ydlidar_ros2_driver/share/ydlidar_ros2_driver/launch/ydlidar_view_launch.py
[24.035s] -- Up-to-date symlink: /home/uthman/uniccon_mob/install/ydlidar_ros2_driver/share/ydlidar_ros2_driver/params/ydlidar.yaml
[24.037s] -- Up-to-date symlink: /home/uthman/uniccon_mob/install/ydlidar_ros2_driver/share/ydlidar_ros2_driver/startup/initenv.sh
[24.040s] -- Up-to-date symlink: /home/uthman/uniccon_mob/install/ydlidar_ros2_driver/share/ydlidar_ros2_driver/config/ydlidar.rviz
[24.043s] -- Up-to-date symlink: /home/uthman/uniccon_mob/install/ydlidar_ros2_driver/share/ament_index/resource_index/package_run_dependencies/ydlidar_ros2_driver
[24.044s] -- Up-to-date symlink: /home/uthman/uniccon_mob/install/ydlidar_ros2_driver/share/ament_index/resource_index/parent_prefix_path/ydlidar_ros2_driver
[24.045s] -- Up-to-date symlink: /home/uthman/uniccon_mob/install/ydlidar_ros2_driver/share/ydlidar_ros2_driver/environment/ament_prefix_path.sh
[24.061s] -- Up-to-date symlink: /home/uthman/uniccon_mob/install/ydlidar_ros2_driver/share/ydlidar_ros2_driver/environment/ament_prefix_path.dsv
[24.062s] -- Up-to-date symlink: /home/uthman/uniccon_mob/install/ydlidar_ros2_driver/share/ydlidar_ros2_driver/environment/path.sh
[24.062s] -- Up-to-date symlink: /home/uthman/uniccon_mob/install/ydlidar_ros2_driver/share/ydlidar_ros2_driver/environment/path.dsv
[24.077s] -- Up-to-date symlink: /home/uthman/uniccon_mob/install/ydlidar_ros2_driver/share/ydlidar_ros2_driver/local_setup.bash
[24.078s] -- Up-to-date symlink: /home/uthman/uniccon_mob/install/ydlidar_ros2_driver/share/ydlidar_ros2_driver/local_setup.sh
[24.079s] -- Up-to-date symlink: /home/uthman/uniccon_mob/install/ydlidar_ros2_driver/share/ydlidar_ros2_driver/local_setup.zsh
[24.080s] -- Up-to-date symlink: /home/uthman/uniccon_mob/install/ydlidar_ros2_driver/share/ydlidar_ros2_driver/local_setup.dsv
[24.139s] -- Symlinking: /home/uthman/uniccon_mob/install/ydlidar_ros2_driver/share/ydlidar_ros2_driver/package.dsv
[24.392s] -- Up-to-date symlink: /home/uthman/uniccon_mob/install/ydlidar_ros2_driver/share/ament_index/resource_index/packages/ydlidar_ros2_driver
[24.400s] -- Up-to-date symlink: /home/uthman/uniccon_mob/install/ydlidar_ros2_driver/share/ydlidar_ros2_driver/cmake/ydlidar_ros2_driverConfig.cmake
[24.406s] -- Up-to-date symlink: /home/uthman/uniccon_mob/install/ydlidar_ros2_driver/share/ydlidar_ros2_driver/cmake/ydlidar_ros2_driverConfig-version.cmake
[24.416s] -- Up-to-date symlink: /home/uthman/uniccon_mob/install/ydlidar_ros2_driver/share/ydlidar_ros2_driver/package.xml
[24.450s] Invoked command in '/home/uthman/uniccon_mob/build/ydlidar_ros2_driver' returned '0': CMAKE_PREFIX_PATH=${CMAKE_PREFIX_PATH}:/home/uthman/mob_ws/install/serial_motor_demo:/home/uthman/mob_ws/install/arduinobot_py:/home/uthman/ros2_ws/install/my_py_pkg:/opt/ros/humble /usr/bin/cmake --install /home/uthman/uniccon_mob/build/ydlidar_ros2_driver
