[0.840s] Invoking command in '/home/uthman/uniccon_mob/build/diffdrive_arduino': CMAKE_PREFIX_PATH=/home/uthman/uniccon_mob/install/serial:/home/uthman/uniccon_mob/install/ydlidar_ros2_driver:/home/uthman/uniccon_mob/install/uniccon_robot:/home/uthman/uniccon_mob/install/serial_motor_demo_msgs:/home/uthman/uniccon_mob/install/diffdrive_arduino:/home/uthman/mob_ws/install/ydlidar_ros2_driver:/home/uthman/mob_ws/install/slam_gmapping:/home/uthman/mob_ws/install/serial_motor_demo_msgs:/home/uthman/mob_ws/install/diffdrive_arduino:/home/uthman/mob_ws/install/serial:/home/uthman/mob_ws/install/rf2o_laser_odometry:/home/uthman/mob_ws/install/openslam_gmapping:/home/uthman/mob_ws/install/my_robot:/home/uthman/mob_ws/install/arduinobot_moveit:/home/uthman/mob_ws/install/arduinobot_description:/home/uthman/mob_ws/install/arduinobot_cpp:/home/uthman/mob_ws/install/arduinobot_controller:/home/uthman/ros2_ws/install/my_cpp_pkg:/home/uthman/uniccon_mob/install/serial_motor_demo:/home/uthman/uniccon_mob/install/camera_node:/home/uthman/mob_ws/install/serial_motor_demo:/home/uthman/mob_ws/install/arduinobot_py:/home/uthman/ros2_ws/install/my_py_pkg:/opt/ros/humble /usr/bin/cmake /home/uthman/uniccon_mob/src/diffdrive_arduino -DAMENT_CMAKE_SYMLINK_INSTALL=1 -DCMAKE_INSTALL_PREFIX=/home/uthman/uniccon_mob/install/diffdrive_arduino
[1.014s] -- Found ament_cmake: 1.3.5 (/opt/ros/humble/share/ament_cmake/cmake)
[2.345s] -- Override CMake install command with custom implementation using symlinks instead of copying resources
[2.437s] -- Found serial: 1.2.1 (/home/uthman/uniccon_mob/install/serial/share/serial/cmake)
[2.471s] -- Found hardware_interface: 2.32.0 (/opt/ros/humble/share/hardware_interface/cmake)
[2.935s] -- Found rosidl_generator_c: 3.1.5 (/opt/ros/humble/share/rosidl_generator_c/cmake)
[2.952s] -- Found rosidl_adapter: 3.1.5 (/opt/ros/humble/share/rosidl_adapter/cmake)
[3.011s] -- Found rosidl_generator_cpp: 3.1.5 (/opt/ros/humble/share/rosidl_generator_cpp/cmake)
[3.196s] -- Using all available rosidl_typesupport_c: rosidl_typesupport_fastrtps_c;rosidl_typesupport_introspection_c
[3.340s] -- Using all available rosidl_typesupport_cpp: rosidl_typesupport_fastrtps_cpp;rosidl_typesupport_introspection_cpp
[7.813s] -- Found rmw_implementation_cmake: 6.1.1 (/opt/ros/humble/share/rmw_implementation_cmake/cmake)
[7.821s] -- Found rmw_fastrtps_cpp: 6.2.4 (/opt/ros/humble/share/rmw_fastrtps_cpp/cmake)
[8.521s] -- Using RMW implementation 'rmw_fastrtps_cpp' as default
[9.521s] -- Found controller_manager: 2.32.0 (/opt/ros/humble/share/controller_manager/cmake)
[16.810s] -- Configuring done
[17.469s] -- Generating done
[17.477s] -- Build files have been written to: /home/uthman/uniccon_mob/build/diffdrive_arduino
[17.507s] Invoked command in '/home/uthman/uniccon_mob/build/diffdrive_arduino' returned '0': CMAKE_PREFIX_PATH=/home/uthman/uniccon_mob/install/serial:/home/uthman/uniccon_mob/install/ydlidar_ros2_driver:/home/uthman/uniccon_mob/install/uniccon_robot:/home/uthman/uniccon_mob/install/serial_motor_demo_msgs:/home/uthman/uniccon_mob/install/diffdrive_arduino:/home/uthman/mob_ws/install/ydlidar_ros2_driver:/home/uthman/mob_ws/install/slam_gmapping:/home/uthman/mob_ws/install/serial_motor_demo_msgs:/home/uthman/mob_ws/install/diffdrive_arduino:/home/uthman/mob_ws/install/serial:/home/uthman/mob_ws/install/rf2o_laser_odometry:/home/uthman/mob_ws/install/openslam_gmapping:/home/uthman/mob_ws/install/my_robot:/home/uthman/mob_ws/install/arduinobot_moveit:/home/uthman/mob_ws/install/arduinobot_description:/home/uthman/mob_ws/install/arduinobot_cpp:/home/uthman/mob_ws/install/arduinobot_controller:/home/uthman/ros2_ws/install/my_cpp_pkg:/home/uthman/uniccon_mob/install/serial_motor_demo:/home/uthman/uniccon_mob/install/camera_node:/home/uthman/mob_ws/install/serial_motor_demo:/home/uthman/mob_ws/install/arduinobot_py:/home/uthman/ros2_ws/install/my_py_pkg:/opt/ros/humble /usr/bin/cmake /home/uthman/uniccon_mob/src/diffdrive_arduino -DAMENT_CMAKE_SYMLINK_INSTALL=1 -DCMAKE_INSTALL_PREFIX=/home/uthman/uniccon_mob/install/diffdrive_arduino
[17.514s] Invoking command in '/home/uthman/uniccon_mob/build/diffdrive_arduino': CMAKE_PREFIX_PATH=/home/uthman/uniccon_mob/install/serial:/home/uthman/uniccon_mob/install/ydlidar_ros2_driver:/home/uthman/uniccon_mob/install/uniccon_robot:/home/uthman/uniccon_mob/install/serial_motor_demo_msgs:/home/uthman/uniccon_mob/install/diffdrive_arduino:/home/uthman/mob_ws/install/ydlidar_ros2_driver:/home/uthman/mob_ws/install/slam_gmapping:/home/uthman/mob_ws/install/serial_motor_demo_msgs:/home/uthman/mob_ws/install/diffdrive_arduino:/home/uthman/mob_ws/install/serial:/home/uthman/mob_ws/install/rf2o_laser_odometry:/home/uthman/mob_ws/install/openslam_gmapping:/home/uthman/mob_ws/install/my_robot:/home/uthman/mob_ws/install/arduinobot_moveit:/home/uthman/mob_ws/install/arduinobot_description:/home/uthman/mob_ws/install/arduinobot_cpp:/home/uthman/mob_ws/install/arduinobot_controller:/home/uthman/ros2_ws/install/my_cpp_pkg:/home/uthman/uniccon_mob/install/serial_motor_demo:/home/uthman/uniccon_mob/install/camera_node:/home/uthman/mob_ws/install/serial_motor_demo:/home/uthman/mob_ws/install/arduinobot_py:/home/uthman/ros2_ws/install/my_py_pkg:/opt/ros/humble /usr/bin/cmake --build /home/uthman/uniccon_mob/build/diffdrive_arduino -- -j4 -l4
[17.727s] [35m[1mConsolidate compiler generated dependencies of target fake_robot[0m
[17.731s] [35m[1mConsolidate compiler generated dependencies of target diffdrive_arduino[0m
[17.836s] [ 42%] Built target fake_robot
[17.854s] [100%] Built target diffdrive_arduino
[17.902s] Invoked command in '/home/uthman/uniccon_mob/build/diffdrive_arduino' returned '0': CMAKE_PREFIX_PATH=/home/uthman/uniccon_mob/install/serial:/home/uthman/uniccon_mob/install/ydlidar_ros2_driver:/home/uthman/uniccon_mob/install/uniccon_robot:/home/uthman/uniccon_mob/install/serial_motor_demo_msgs:/home/uthman/uniccon_mob/install/diffdrive_arduino:/home/uthman/mob_ws/install/ydlidar_ros2_driver:/home/uthman/mob_ws/install/slam_gmapping:/home/uthman/mob_ws/install/serial_motor_demo_msgs:/home/uthman/mob_ws/install/diffdrive_arduino:/home/uthman/mob_ws/install/serial:/home/uthman/mob_ws/install/rf2o_laser_odometry:/home/uthman/mob_ws/install/openslam_gmapping:/home/uthman/mob_ws/install/my_robot:/home/uthman/mob_ws/install/arduinobot_moveit:/home/uthman/mob_ws/install/arduinobot_description:/home/uthman/mob_ws/install/arduinobot_cpp:/home/uthman/mob_ws/install/arduinobot_controller:/home/uthman/ros2_ws/install/my_cpp_pkg:/home/uthman/uniccon_mob/install/serial_motor_demo:/home/uthman/uniccon_mob/install/camera_node:/home/uthman/mob_ws/install/serial_motor_demo:/home/uthman/mob_ws/install/arduinobot_py:/home/uthman/ros2_ws/install/my_py_pkg:/opt/ros/humble /usr/bin/cmake --build /home/uthman/uniccon_mob/build/diffdrive_arduino -- -j4 -l4
[18.083s] Invoking command in '/home/uthman/uniccon_mob/build/diffdrive_arduino': CMAKE_PREFIX_PATH=/home/uthman/uniccon_mob/install/serial:/home/uthman/uniccon_mob/install/ydlidar_ros2_driver:/home/uthman/uniccon_mob/install/uniccon_robot:/home/uthman/uniccon_mob/install/serial_motor_demo_msgs:/home/uthman/uniccon_mob/install/diffdrive_arduino:/home/uthman/mob_ws/install/ydlidar_ros2_driver:/home/uthman/mob_ws/install/slam_gmapping:/home/uthman/mob_ws/install/serial_motor_demo_msgs:/home/uthman/mob_ws/install/diffdrive_arduino:/home/uthman/mob_ws/install/serial:/home/uthman/mob_ws/install/rf2o_laser_odometry:/home/uthman/mob_ws/install/openslam_gmapping:/home/uthman/mob_ws/install/my_robot:/home/uthman/mob_ws/install/arduinobot_moveit:/home/uthman/mob_ws/install/arduinobot_description:/home/uthman/mob_ws/install/arduinobot_cpp:/home/uthman/mob_ws/install/arduinobot_controller:/home/uthman/ros2_ws/install/my_cpp_pkg:/home/uthman/uniccon_mob/install/serial_motor_demo:/home/uthman/uniccon_mob/install/camera_node:/home/uthman/mob_ws/install/serial_motor_demo:/home/uthman/mob_ws/install/arduinobot_py:/home/uthman/ros2_ws/install/my_py_pkg:/opt/ros/humble /usr/bin/cmake --install /home/uthman/uniccon_mob/build/diffdrive_arduino
[18.113s] -- Install configuration: ""
[18.115s] -- Execute custom install script
[18.116s] -- Up-to-date symlink: /home/uthman/uniccon_mob/install/diffdrive_arduino/share/diffdrive_arduino//robot_hardware.xml
[18.116s] -- Up-to-date symlink: /home/uthman/uniccon_mob/install/diffdrive_arduino/share/diffdrive_arduino//fake_robot_hardware.xml
[18.118s] -- Up-to-date symlink: /home/uthman/uniccon_mob/install/diffdrive_arduino/lib/libdiffdrive_arduino.so
[18.119s] -- Up-to-date symlink: /home/uthman/uniccon_mob/install/diffdrive_arduino/lib/libfake_robot.so
[18.120s] -- Up-to-date symlink: /home/uthman/uniccon_mob/install/diffdrive_arduino/share/diffdrive_arduino/controllers/robot_controller_example.yaml
[18.120s] -- Up-to-date symlink: /home/uthman/uniccon_mob/install/diffdrive_arduino/share/diffdrive_arduino/fake_robot.launch.py
[18.121s] -- Up-to-date symlink: /home/uthman/uniccon_mob/install/diffdrive_arduino/share/diffdrive_arduino/test_robot.launch.py
[18.122s] -- Up-to-date symlink: /home/uthman/uniccon_mob/install/diffdrive_arduino/share/diffdrive_arduino/environment/library_path.sh
[18.123s] -- Up-to-date symlink: /home/uthman/uniccon_mob/install/diffdrive_arduino/share/diffdrive_arduino/environment/library_path.dsv
[18.123s] -- Up-to-date symlink: /home/uthman/uniccon_mob/install/diffdrive_arduino/share/ament_index/resource_index/package_run_dependencies/diffdrive_arduino
[18.124s] -- Up-to-date symlink: /home/uthman/uniccon_mob/install/diffdrive_arduino/share/ament_index/resource_index/parent_prefix_path/diffdrive_arduino
[18.125s] -- Up-to-date symlink: /home/uthman/uniccon_mob/install/diffdrive_arduino/share/diffdrive_arduino/environment/ament_prefix_path.sh
[18.125s] -- Up-to-date symlink: /home/uthman/uniccon_mob/install/diffdrive_arduino/share/diffdrive_arduino/environment/ament_prefix_path.dsv
[18.126s] -- Up-to-date symlink: /home/uthman/uniccon_mob/install/diffdrive_arduino/share/diffdrive_arduino/environment/path.sh
[18.127s] -- Up-to-date symlink: /home/uthman/uniccon_mob/install/diffdrive_arduino/share/diffdrive_arduino/environment/path.dsv
[18.128s] -- Up-to-date symlink: /home/uthman/uniccon_mob/install/diffdrive_arduino/share/diffdrive_arduino/local_setup.bash
[18.129s] -- Up-to-date symlink: /home/uthman/uniccon_mob/install/diffdrive_arduino/share/diffdrive_arduino/local_setup.sh
[18.129s] -- Up-to-date symlink: /home/uthman/uniccon_mob/install/diffdrive_arduino/share/diffdrive_arduino/local_setup.zsh
[18.130s] -- Up-to-date symlink: /home/uthman/uniccon_mob/install/diffdrive_arduino/share/diffdrive_arduino/local_setup.dsv
[18.130s] -- Symlinking: /home/uthman/uniccon_mob/install/diffdrive_arduino/share/diffdrive_arduino/package.dsv
[18.169s] -- Up-to-date symlink: /home/uthman/uniccon_mob/install/diffdrive_arduino/share/ament_index/resource_index/packages/diffdrive_arduino
[18.169s] -- Up-to-date symlink: /home/uthman/uniccon_mob/install/diffdrive_arduino/share/ament_index/resource_index/hardware_interface__pluginlib__plugin/diffdrive_arduino
[18.170s] -- Up-to-date symlink: /home/uthman/uniccon_mob/install/diffdrive_arduino/share/diffdrive_arduino/cmake/ament_cmake_export_libraries-extras.cmake
[18.171s] -- Up-to-date symlink: /home/uthman/uniccon_mob/install/diffdrive_arduino/share/diffdrive_arduino/cmake/ament_cmake_export_dependencies-extras.cmake
[18.172s] -- Up-to-date symlink: /home/uthman/uniccon_mob/install/diffdrive_arduino/share/diffdrive_arduino/cmake/diffdrive_arduinoConfig.cmake
[18.173s] -- Up-to-date symlink: /home/uthman/uniccon_mob/install/diffdrive_arduino/share/diffdrive_arduino/cmake/diffdrive_arduinoConfig-version.cmake
[18.173s] -- Up-to-date symlink: /home/uthman/uniccon_mob/install/diffdrive_arduino/share/diffdrive_arduino/package.xml
[18.181s] Invoked command in '/home/uthman/uniccon_mob/build/diffdrive_arduino' returned '0': CMAKE_PREFIX_PATH=/home/uthman/uniccon_mob/install/serial:/home/uthman/uniccon_mob/install/ydlidar_ros2_driver:/home/uthman/uniccon_mob/install/uniccon_robot:/home/uthman/uniccon_mob/install/serial_motor_demo_msgs:/home/uthman/uniccon_mob/install/diffdrive_arduino:/home/uthman/mob_ws/install/ydlidar_ros2_driver:/home/uthman/mob_ws/install/slam_gmapping:/home/uthman/mob_ws/install/serial_motor_demo_msgs:/home/uthman/mob_ws/install/diffdrive_arduino:/home/uthman/mob_ws/install/serial:/home/uthman/mob_ws/install/rf2o_laser_odometry:/home/uthman/mob_ws/install/openslam_gmapping:/home/uthman/mob_ws/install/my_robot:/home/uthman/mob_ws/install/arduinobot_moveit:/home/uthman/mob_ws/install/arduinobot_description:/home/uthman/mob_ws/install/arduinobot_cpp:/home/uthman/mob_ws/install/arduinobot_controller:/home/uthman/ros2_ws/install/my_cpp_pkg:/home/uthman/uniccon_mob/install/serial_motor_demo:/home/uthman/uniccon_mob/install/camera_node:/home/uthman/mob_ws/install/serial_motor_demo:/home/uthman/mob_ws/install/arduinobot_py:/home/uthman/ros2_ws/install/my_py_pkg:/opt/ros/humble /usr/bin/cmake --install /home/uthman/uniccon_mob/build/diffdrive_arduino
